2017-07-14 14:13:06.984015 Unexpected error:(<class 'json.decoder.JSONDecodeError'>, JSONDecodeError('Expecting value: line 1 column 1 (char 0)',), <traceback object at 0x7fb045b5b608>)
2017-07-14 14:13:08.546753 Unexpected error:(<class 'json.decoder.JSONDecodeError'>, JSONDecodeError('Expecting value: line 1 column 1 (char 0)',), <traceback object at 0x7fb045b5b208>)
2017-07-14 14:13:09.717448 Unexpected error:(<class 'json.decoder.JSONDecodeError'>, JSONDecodeError('Expecting value: line 1 column 1 (char 0)',), <traceback object at 0x7fb045b51588>)
2017-08-15 09:58:42.931557 Unexpected error:(<class 'requests.exceptions.ReadTimeout'>, ReadTimeout(ReadTimeoutError("HTTPSConnectionPool(host='api.telegram.org', port=443): Read timed out. (read timeout=70)",),), <traceback object at 0x7f98b2dc9948>)
2017-10-03 11:42:14.621174 Unexpected error:(<class 'requests.exceptions.ReadTimeout'>, ReadTimeout(ReadTimeoutError("HTTPSConnectionPool(host='api.telegram.org', port=443): Read timed out. (read timeout=70)",),), <traceback object at 0x7f9692d87b08>)
2017-10-06 05:57:03.852993 Unexpected error:(<class 'requests.exceptions.ReadTimeout'>, ReadTimeout(ReadTimeoutError("HTTPSConnectionPool(host='api.telegram.org', port=443): Read timed out. (read timeout=70)",),), <traceback object at 0x7f938e445c08>)
2017-10-14 01:22:40.522156 Unexpected error:(<class 'requests.exceptions.ReadTimeout'>, ReadTimeout(ReadTimeoutError("HTTPSConnectionPool(host='api.telegram.org', port=443): Read timed out. (read timeout=70)",),), <traceback object at 0x7f4de1e111c8>)
2017-10-26 19:45:45.122795 Unexpected error:(<class 'requests.exceptions.ReadTimeout'>, ReadTimeout(ReadTimeoutError("HTTPSConnectionPool(host='api.telegram.org', port=443): Read timed out. (read timeout=70)",),), <traceback object at 0x7fe522ee54c8>)
2017-11-12 01:33:42.265740 Unexpected error:(<class 'requests.exceptions.ReadTimeout'>, ReadTimeout(ReadTimeoutError("HTTPSConnectionPool(host='api.telegram.org', port=443): Read timed out. (read timeout=70)",),), <traceback object at 0x7fac940848c8>)
2017-11-17 08:26:24.456087 Unexpected error:(<class 'ValueError'>, ValueError("invalid literal for int() with base 10: '/12'",), <traceback object at 0x7f90a8651c48>)
2017-11-17 08:26:25.587062 Unexpected error:(<class 'ValueError'>, ValueError("invalid literal for int() with base 10: '/12'",), <traceback object at 0x7f90a8651788>)
2017-11-17 08:26:26.858454 Unexpected error:(<class 'ValueError'>, ValueError("invalid literal for int() with base 10: '/12'",), <traceback object at 0x7f90aacf26c8>)
2017-11-17 08:26:27.977672 Unexpected error:(<class 'ValueError'>, ValueError("invalid literal for int() with base 10: '/12'",), <traceback object at 0x7f90aaced8c8>)
2017-11-17 08:26:29.127222 Unexpected error:(<class 'ValueError'>, ValueError("invalid literal for int() with base 10: '/12'",), <traceback object at 0x7f90aacf26c8>)
2017-11-17 08:26:30.249087 Unexpected error:(<class 'ValueError'>, ValueError("invalid literal for int() with base 10: '/12'",), <traceback object at 0x7f90aaced8c8>)
2017-11-17 08:26:31.381242 Unexpected error:(<class 'ValueError'>, ValueError("invalid literal for int() with base 10: '/12'",), <traceback object at 0x7f90aacf26c8>)
2017-11-17 08:26:32.518319 Unexpected error:(<class 'ValueError'>, ValueError("invalid literal for int() with base 10: '/12'",), <traceback object at 0x7f90aaced8c8>)
2017-11-17 08:26:33.644450 Unexpected error:(<class 'ValueError'>, ValueError("invalid literal for int() with base 10: '/12'",), <traceback object at 0x7f90aacf26c8>)
2017-11-17 08:26:34.765652 Unexpected error:(<class 'ValueError'>, ValueError("invalid literal for int() with base 10: '/12'",), <traceback object at 0x7f90aaced8c8>)
2017-11-17 08:26:35.891975 Unexpected error:(<class 'ValueError'>, ValueError("invalid literal for int() with base 10: '/12'",), <traceback object at 0x7f90aacf26c8>)
2017-11-17 08:26:37.012455 Unexpected error:(<class 'ValueError'>, ValueError("invalid literal for int() with base 10: '/12'",), <traceback object at 0x7f90aaced8c8>)
2017-11-17 08:26:38.136986 Unexpected error:(<class 'ValueError'>, ValueError("invalid literal for int() with base 10: '/12'",), <traceback object at 0x7f90aacf26c8>)
2017-11-17 08:26:39.459829 Unexpected error:(<class 'ValueError'>, ValueError("invalid literal for int() with base 10: '/12'",), <traceback object at 0x7f90aaced8c8>)
2017-11-17 08:26:40.643643 Unexpected error:(<class 'ValueError'>, ValueError("invalid literal for int() with base 10: '/12'",), <traceback object at 0x7f90aacf26c8>)
2017-11-17 08:26:41.766433 Unexpected error:(<class 'ValueError'>, ValueError("invalid literal for int() with base 10: '/12'",), <traceback object at 0x7f90aaced8c8>)
2017-11-17 08:26:42.886934 Unexpected error:(<class 'ValueError'>, ValueError("invalid literal for int() with base 10: '/12'",), <traceback object at 0x7f90aacf26c8>)
2017-11-17 08:26:44.004950 Unexpected error:(<class 'ValueError'>, ValueError("invalid literal for int() with base 10: '/12'",), <traceback object at 0x7f90aaced8c8>)
2017-11-17 08:26:45.126784 Unexpected error:(<class 'ValueError'>, ValueError("invalid literal for int() with base 10: '/12'",), <traceback object at 0x7f90aacf26c8>)
2017-11-17 08:26:46.384819 Unexpected error:(<class 'ValueError'>, ValueError("invalid literal for int() with base 10: '/12'",), <traceback object at 0x7f90aaced8c8>)
2017-11-17 08:26:47.525375 Unexpected error:(<class 'ValueError'>, ValueError("invalid literal for int() with base 10: '/12'",), <traceback object at 0x7f90aacf26c8>)
2017-11-17 08:26:48.682503 Unexpected error:(<class 'ValueError'>, ValueError("invalid literal for int() with base 10: '/12'",), <traceback object at 0x7f90aaced8c8>)
2017-11-17 08:26:49.801114 Unexpected error:(<class 'ValueError'>, ValueError("invalid literal for int() with base 10: '/12'",), <traceback object at 0x7f90aacf26c8>)
2017-11-17 08:26:50.927672 Unexpected error:(<class 'ValueError'>, ValueError("invalid literal for int() with base 10: '/12'",), <traceback object at 0x7f90aaced8c8>)
2017-11-17 08:26:52.044679 Unexpected error:(<class 'ValueError'>, ValueError("invalid literal for int() with base 10: '/12'",), <traceback object at 0x7f90aacf26c8>)
2017-11-17 08:26:53.158290 Unexpected error:(<class 'ValueError'>, ValueError("invalid literal for int() with base 10: '/12'",), <traceback object at 0x7f90aaced8c8>)
2017-11-17 08:26:54.469026 Unexpected error:(<class 'ValueError'>, ValueError("invalid literal for int() with base 10: '/12'",), <traceback object at 0x7f90aacf26c8>)
2017-11-17 08:26:55.584443 Unexpected error:(<class 'ValueError'>, ValueError("invalid literal for int() with base 10: '/12'",), <traceback object at 0x7f90aaced8c8>)
2017-11-17 08:26:56.725095 Unexpected error:(<class 'ValueError'>, ValueError("invalid literal for int() with base 10: '/12'",), <traceback object at 0x7f90aacf26c8>)
2017-11-17 08:26:57.860580 Unexpected error:(<class 'ValueError'>, ValueError("invalid literal for int() with base 10: '/12'",), <traceback object at 0x7f90aaced8c8>)
2017-11-17 08:26:59.001248 Unexpected error:(<class 'ValueError'>, ValueError("invalid literal for int() with base 10: '/12'",), <traceback object at 0x7f90aacf26c8>)
2017-11-17 08:27:00.137008 Unexpected error:(<class 'ValueError'>, ValueError("invalid literal for int() with base 10: '/12'",), <traceback object at 0x7f90aaced8c8>)
2017-11-17 08:27:01.255438 Unexpected error:(<class 'ValueError'>, ValueError("invalid literal for int() with base 10: '/12'",), <traceback object at 0x7f90aacf26c8>)
2017-11-17 08:27:02.375570 Unexpected error:(<class 'ValueError'>, ValueError("invalid literal for int() with base 10: '/12'",), <traceback object at 0x7f90aaced8c8>)
2017-11-17 08:27:03.501487 Unexpected error:(<class 'ValueError'>, ValueError("invalid literal for int() with base 10: '/12'",), <traceback object at 0x7f90aacf26c8>)
2017-11-17 08:27:04.619734 Unexpected error:(<class 'ValueError'>, ValueError("invalid literal for int() with base 10: '/12'",), <traceback object at 0x7f90aaced8c8>)
2017-11-17 08:27:05.741693 Unexpected error:(<class 'ValueError'>, ValueError("invalid literal for int() with base 10: '/12'",), <traceback object at 0x7f90aacf26c8>)
2017-11-17 08:27:06.886345 Unexpected error:(<class 'ValueError'>, ValueError("invalid literal for int() with base 10: '/12'",), <traceback object at 0x7f90aaced8c8>)
2017-11-17 08:27:08.018190 Unexpected error:(<class 'ValueError'>, ValueError("invalid literal for int() with base 10: '/12'",), <traceback object at 0x7f90aacf26c8>)
2017-11-17 08:27:09.135262 Unexpected error:(<class 'ValueError'>, ValueError("invalid literal for int() with base 10: '/12'",), <traceback object at 0x7f90aaced8c8>)
2017-11-17 08:27:10.278872 Unexpected error:(<class 'ValueError'>, ValueError("invalid literal for int() with base 10: '/12'",), <traceback object at 0x7f90aacf26c8>)
2017-11-17 08:27:11.402782 Unexpected error:(<class 'ValueError'>, ValueError("invalid literal for int() with base 10: '/12'",), <traceback object at 0x7f90aaced8c8>)
2017-11-17 08:27:12.526003 Unexpected error:(<class 'ValueError'>, ValueError("invalid literal for int() with base 10: '/12'",), <traceback object at 0x7f90aacf26c8>)
2017-11-17 08:27:13.662767 Unexpected error:(<class 'ValueError'>, ValueError("invalid literal for int() with base 10: '/12'",), <traceback object at 0x7f90aaced8c8>)
2017-11-17 08:27:14.785521 Unexpected error:(<class 'ValueError'>, ValueError("invalid literal for int() with base 10: '/12'",), <traceback object at 0x7f90aacf26c8>)
2017-11-17 08:27:15.916043 Unexpected error:(<class 'ValueError'>, ValueError("invalid literal for int() with base 10: '/12'",), <traceback object at 0x7f90aaced8c8>)
2017-11-17 08:27:17.124563 Unexpected error:(<class 'ValueError'>, ValueError("invalid literal for int() with base 10: '/12'",), <traceback object at 0x7f90aacf26c8>)
2017-11-17 08:27:18.306588 Unexpected error:(<class 'ValueError'>, ValueError("invalid literal for int() with base 10: '/12'",), <traceback object at 0x7f90aaced8c8>)
2017-11-17 08:27:19.428516 Unexpected error:(<class 'ValueError'>, ValueError("invalid literal for int() with base 10: '/12'",), <traceback object at 0x7f90aacf26c8>)
2017-11-17 08:27:20.550936 Unexpected error:(<class 'ValueError'>, ValueError("invalid literal for int() with base 10: '/12'",), <traceback object at 0x7f90aaced8c8>)
2017-11-17 08:28:12.066912 Unexpected error:(<class 'KeyboardInterrupt'>, KeyboardInterrupt(), <traceback object at 0x7fac3d60cc08>)
2017-11-17 08:28:12.267937 Unexpected error:(<class 'KeyboardInterrupt'>, KeyboardInterrupt(), <traceback object at 0x7fac3d60c748>)
2017-11-17 08:28:12.398431 Unexpected error:(<class 'KeyboardInterrupt'>, KeyboardInterrupt(), <traceback object at 0x7fac3d60cbc8>)
2017-11-17 08:28:12.574439 Unexpected error:(<class 'KeyboardInterrupt'>, KeyboardInterrupt(), <traceback object at 0x7fac3d01ae08>)
2017-11-17 22:28:17.376684 Unexpected error:(<class 'requests.exceptions.ConnectionError'>, ConnectionError(ProtocolError('Connection aborted.', RemoteDisconnected('Remote end closed connection without response',)),), <traceback object at 0x7f901dfcfbc8>)
2017-11-27 01:39:18.008700 Unexpected error:(<class 'requests.exceptions.ReadTimeout'>, ReadTimeout(ReadTimeoutError("HTTPSConnectionPool(host='api.telegram.org', port=443): Read timed out. (read timeout=70)",),), <traceback object at 0x7f8b65fbba88>)
2017-12-28 23:45:16.918453 Unexpected error:(<class 'requests.exceptions.ReadTimeout'>, ReadTimeout(ReadTimeoutError("HTTPSConnectionPool(host='api.telegram.org', port=443): Read timed out. (read timeout=70)",),), <traceback object at 0x7f5f1ccfd388>)
2018-01-10 17:47:32.912776 Unexpected error:(<class 'requests.exceptions.ReadTimeout'>, ReadTimeout(ReadTimeoutError("HTTPSConnectionPool(host='api.telegram.org', port=443): Read timed out. (read timeout=70)",),), <traceback object at 0x7fe8543a9548>)
