2016-12-16 00:13:48.129549Сообщение 
От Vitaliy None. [id = 81593382]. Текст: /help2016-12-16 00:14:27.311222Сообщение 
От Vitaliy None. [id = 81593382]. Текст: /helpОтвет Бота:
Напоминаю:
/take - Взять книгу с полки
/return - Вернуть книгу на полку
/list - Посмотреть, что лежит на полке

/help - Список команд---2016-12-16 00:14:48.328469Сообщение 
От Vitaliy None. [id = 81593382]. Текст: /listОтвет Бота:
Список книг:
/1 : Алистер Коберн. Современные методы описания функциональных требований к системам
/2 : Глеб Архангельский. Тайм-драйв
/3 : Михаил Литвак. Командовать или подчиняться
/4 : Джефф Сазерленд. SCRUM
/5 : Девид Аллен. Как привести дела в порядок
/6 : Эрик Рис. Бизнес с нуля
/7 : Ицхак Адизес. Идеальный руководитель
/8 : Ицхак Адизес. Развитие лидеров
/9 : Олег Тиньков. Я такой как все
/10 : Олег Тиньков. Я такой как все
/11 : Ф.Брукс. Мифический человеко-месяц
/12 : Г.Кеннеди. Договориться можно обо всем
---2016-12-16 00:14:51.715744Сообщение 
От Vitaliy None. [id = 81593382]. Текст: /3Ответ Бота:
Ты выбрал книгу - что с ней делать?---2016-12-16 00:14:53.595913Сообщение 
От Vitaliy None. [id = 81593382]. Текст: ВзятьОтвет Бота:
Кажется, эту книгу уже забрали---2016-12-16 00:17:44.271289Сообщение 
От Vitaliy None. [id = 81593382]. Текст: /12Ответ Бота:
Ты выбрал книгу - что с ней делать?---2016-12-16 00:17:46.336816Сообщение 
От Vitaliy None. [id = 81593382]. Текст: ВзятьОтвет Бота:
Отлично, книга номер 12 теперь у тебя---2016-12-16 00:17:50.052056Сообщение 
От Vitaliy None. [id = 81593382]. Текст: /12Ответ Бота:
Ты выбрал книгу - что с ней делать?---2016-12-16 00:17:51.768090Сообщение 
От Vitaliy None. [id = 81593382]. Текст: ПоложитьОтвет Бота:
Отлично, книга номер 12 вернулась на полку. Спасибо!---2016-12-16 00:18:27.220548Сообщение 
От Ксения None. [id = 277336516]. Текст: /helpОтвет Бота:
Напоминаю:
/take - Взять книгу с полки
/return - Вернуть книгу на полку
/list - Посмотреть, что лежит на полке

/help - Список команд---2016-12-16 00:18:29.896455Сообщение 
От Ксения None. [id = 277336516]. Текст: /listОтвет Бота:
Список книг:
/1 : Алистер Коберн. Современные методы описания функциональных требований к системам
/2 : Глеб Архангельский. Тайм-драйв
/3 : Михаил Литвак. Командовать или подчиняться
/4 : Джефф Сазерленд. SCRUM
/5 : Девид Аллен. Как привести дела в порядок
/6 : Эрик Рис. Бизнес с нуля
/7 : Ицхак Адизес. Идеальный руководитель
/8 : Ицхак Адизес. Развитие лидеров
/9 : Олег Тиньков. Я такой как все
/10 : Олег Тиньков. Я такой как все
/11 : Ф.Брукс. Мифический человеко-месяц
/12 : Г.Кеннеди. Договориться можно обо всем
---2016-12-16 00:18:36.087790Сообщение 
От Ксения None. [id = 277336516]. Текст: /10Ответ Бота:
Ты выбрал книгу - что с ней делать?---2016-12-16 00:18:49.964130Сообщение 
От Ксения None. [id = 277336516]. Текст: /10Ответ Бота:
Ты выбрал книгу - что с ней делать?---2016-12-16 00:18:55.214396Сообщение 
От Ксения None. [id = 277336516]. Текст: ВзятьОтвет Бота:
Отлично, книга номер 10 теперь у тебя---2016-12-16 00:18:59.160051Сообщение 
От Ксения None. [id = 277336516]. Текст: /10Ответ Бота:
Ты выбрал книгу - что с ней делать?---2016-12-16 00:19:01.324098Сообщение 
От Ксения None. [id = 277336516]. Текст: ПоложитьОтвет Бота:
Отлично, книга номер 10 вернулась на полку. Спасибо!---2016-12-16 00:24:54.826268Сообщение 
От Vitaliy None. [id = 81593382]. Текст: /listОтвет Бота:
Список книг:
/1 : Алистер Коберн. Современные методы описания функциональных требований к системам
/2 : Глеб Архангельский. Тайм-драйв
/3 : Михаил Литвак. Командовать или подчиняться
/4 : Джефф Сазерленд. SCRUM
/5 : Девид Аллен. Как привести дела в порядок
/6 : Эрик Рис. Бизнес с нуля
/7 : Ицхак Адизес. Идеальный руководитель
/8 : Ицхак Адизес. Развитие лидеров
/9 : Олег Тиньков. Я такой как все
/10 : Олег Тиньков. Я такой как все
/11 : Ф.Брукс. Мифический человеко-месяц
/12 : Г.Кеннеди. Договориться можно обо всем
---2016-12-16 00:26:05.853911Сообщение 
От Vitaliy None. [id = 81593382]. Текст: /startОтвет Бота:
Привет! Я бот-библиотекарь в SME.
Скажи мне, какую книжку ты хочешь взять, и я тебя запишу ;)

Пообщаться со мной можно так:
/take - Взять книгу с полки
/return - Вернуть книгу на полку
/list - Посмотреть, что лежит на полке

и, конечно
/help - Список команд---2016-12-16 00:26:17.841233Сообщение 
От Vitaliy None. [id = 81593382]. Текст: /listОтвет Бота:
Список книг:
/1 : Алистер Коберн. Современные методы описания функциональных требований к системам
/2 : Глеб Архангельский. Тайм-драйв
/3 : Михаил Литвак. Командовать или подчиняться
/4 : Джефф Сазерленд. SCRUM
/5 : Девид Аллен. Как привести дела в порядок
/6 : Эрик Рис. Бизнес с нуля
/7 : Ицхак Адизес. Идеальный руководитель
/8 : Ицхак Адизес. Развитие лидеров
/9 : Олег Тиньков. Я такой как все
/10 : Олег Тиньков. Я такой как все
/11 : Ф.Брукс. Мифический человеко-месяц
/12 : Г.Кеннеди. Договориться можно обо всем
---2016-12-16 00:34:41.123451Сообщение 
От Dmitry Tomin. [id = 112237516]. Текст: /startОтвет Бота:
Привет! Я бот-библиотекарь в SME.
Скажи мне, какую книжку ты хочешь взять, и я тебя запишу ;)

Пообщаться со мной можно так:
/take - Взять книгу с полки
/return - Вернуть книгу на полку
/list - Посмотреть, что лежит на полке

и, конечно
/help - Список команд---2016-12-16 00:34:49.091562Сообщение 
От Dmitry Tomin. [id = 112237516]. Текст: /listОтвет Бота:
Список книг:
/1 : Алистер Коберн. Современные методы описания функциональных требований к системам
/2 : Глеб Архангельский. Тайм-драйв
/3 : Михаил Литвак. Командовать или подчиняться
/4 : Джефф Сазерленд. SCRUM
/5 : Девид Аллен. Как привести дела в порядок
/6 : Эрик Рис. Бизнес с нуля
/7 : Ицхак Адизес. Идеальный руководитель
/8 : Ицхак Адизес. Развитие лидеров
/9 : Олег Тиньков. Я такой как все
/10 : Олег Тиньков. Я такой как все
/11 : Ф.Брукс. Мифический человеко-месяц
/12 : Г.Кеннеди. Договориться можно обо всем
---2016-12-16 00:35:11.362560Сообщение 
От Dmitry Tomin. [id = 112237516]. Текст: /12Ответ Бота:
Ты выбрал книгу - что с ней делать?---2016-12-16 08:04:09.256446Сообщение 
От Vitaliy None. [id = 81593382]. Текст: /10Ответ Бота:
Ты выбрал книгу - что с ней делать?---2016-12-16 08:04:11.877638Сообщение 
От Vitaliy None. [id = 81593382]. Текст: ВзятьОтвет Бота:
Отлично, книга номер 10 теперь у тебя---2016-12-16 08:04:13.126151Сообщение 
От Vitaliy None. [id = 81593382]. Текст: /10Ответ Бота:
Ты выбрал книгу - что с ней делать?---2016-12-16 08:04:14.555452Сообщение 
От Vitaliy None. [id = 81593382]. Текст: ПоложитьОтвет Бота:
Отлично, книга номер 10 вернулась на полку. Спасибо!---2016-12-16 10:11:05.554038Сообщение 
От Vitaliy None. [id = 81593382]. Текст: /1Ответ Бота:
Ты выбрал книгу - что с ней делать?---2016-12-16 10:11:06.515757Сообщение 
От Vitaliy None. [id = 81593382]. Текст: ВзятьОтвет Бота:
Кажется, эту книгу уже забрали---2016-12-16 10:11:11.605175Сообщение 
От Vitaliy None. [id = 81593382]. Текст: /1Ответ Бота:
Ты выбрал книгу - что с ней делать?---2016-12-16 10:11:13.149136Сообщение 
От Vitaliy None. [id = 81593382]. Текст: ПоложитьОтвет Бота:
Отлично, книга номер 1 вернулась на полку. Спасибо!---2016-12-16 10:11:15.226765Сообщение 
От Vitaliy None. [id = 81593382]. Текст: /1Ответ Бота:
Ты выбрал книгу - что с ней делать?---2016-12-16 10:11:16.046315Сообщение 
От Vitaliy None. [id = 81593382]. Текст: ВзятьОтвет Бота:
Отлично, книга номер 1 теперь у тебя---2016-12-16 10:11:27.806857Сообщение 
От Vitaliy None. [id = 81593382]. Текст: /2Ответ Бота:
Ты выбрал книгу - что с ней делать?---2016-12-16 10:11:29.015506Сообщение 
От Vitaliy None. [id = 81593382]. Текст: ПоложитьОтвет Бота:
Отлично, книга номер 2 вернулась на полку. Спасибо!---2016-12-16 10:11:31.867299Сообщение 
От Vitaliy None. [id = 81593382]. Текст: /3Ответ Бота:
Ты выбрал книгу - что с ней делать?---2016-12-16 10:11:32.927657Сообщение 
От Vitaliy None. [id = 81593382]. Текст: ПоложитьОтвет Бота:
Отлично, книга номер 3 вернулась на полку. Спасибо!---2016-12-16 10:11:36.295057Сообщение 
От Vitaliy None. [id = 81593382]. Текст: /3Ответ Бота:
Ты выбрал книгу - что с ней делать?---2016-12-16 10:11:37.267547Сообщение 
От Vitaliy None. [id = 81593382]. Текст: ВзятьОтвет Бота:
Отлично, книга номер 3 теперь у тебя---2016-12-16 10:11:40.408042Сообщение 
От Vitaliy None. [id = 81593382]. Текст: /4Ответ Бота:
Ты выбрал книгу - что с ней делать?---2016-12-16 10:11:41.321099Сообщение 
От Vitaliy None. [id = 81593382]. Текст: ПоложитьОтвет Бота:
Кажется, эта книга уже на полке---2016-12-16 10:11:47.031898Сообщение 
От Vitaliy None. [id = 81593382]. Текст: /5Ответ Бота:
Ты выбрал книгу - что с ней делать?---2016-12-16 10:11:48.430363Сообщение 
От Vitaliy None. [id = 81593382]. Текст: ПоложитьОтвет Бота:
Кажется, эта книга уже на полке---2016-12-16 10:11:50.006229Сообщение 
От Vitaliy None. [id = 81593382]. Текст: /6Ответ Бота:
Ты выбрал книгу - что с ней делать?---2016-12-16 10:11:50.937408Сообщение 
От Vitaliy None. [id = 81593382]. Текст: ПоложитьОтвет Бота:
Кажется, эта книга уже на полке---2016-12-16 10:11:52.402309Сообщение 
От Vitaliy None. [id = 81593382]. Текст: /7Ответ Бота:
Ты выбрал книгу - что с ней делать?---2016-12-16 10:11:53.686703Сообщение 
От Vitaliy None. [id = 81593382]. Текст: ПоложитьОтвет Бота:
Кажется, эта книга уже на полке---2016-12-16 10:11:55.753924Сообщение 
От Vitaliy None. [id = 81593382]. Текст: /8Ответ Бота:
Ты выбрал книгу - что с ней делать?---2016-12-16 10:11:56.805179Сообщение 
От Vitaliy None. [id = 81593382]. Текст: ПоложитьОтвет Бота:
Кажется, эта книга уже на полке---2016-12-16 10:11:58.617614Сообщение 
От Vitaliy None. [id = 81593382]. Текст: /9Ответ Бота:
Ты выбрал книгу - что с ней делать?---2016-12-16 10:11:59.867234Сообщение 
От Vitaliy None. [id = 81593382]. Текст: ПоложитьОтвет Бота:
Кажется, эта книга уже на полке---2016-12-16 10:12:02.569506Сообщение 
От Vitaliy None. [id = 81593382]. Текст: /10Ответ Бота:
Ты выбрал книгу - что с ней делать?---2016-12-16 10:12:03.312330Сообщение 
От Vitaliy None. [id = 81593382]. Текст: ПоложитьОтвет Бота:
Кажется, эта книга уже на полке---2016-12-16 10:12:05.247093Сообщение 
От Vitaliy None. [id = 81593382]. Текст: /11Ответ Бота:
Ты выбрал книгу - что с ней делать?---2016-12-16 10:12:06.249624Сообщение 
От Vitaliy None. [id = 81593382]. Текст: ПоложитьОтвет Бота:
Кажется, эта книга уже на полке---2016-12-16 10:12:08.632596Сообщение 
От Vitaliy None. [id = 81593382]. Текст: /12Ответ Бота:
Ты выбрал книгу - что с ней делать?---2016-12-16 10:12:09.369851Сообщение 
От Vitaliy None. [id = 81593382]. Текст: ПоложитьОтвет Бота:
Кажется, эта книга уже на полке---2016-12-16 20:07:41.040938Сообщение 
От Vitaliy None. [id = 81593382]. Текст: /12Ответ Бота:
Ты выбрал книгу - что с ней делать?---2016-12-16 20:07:41.054063Сообщение 
От Vitaliy None. [id = 81593382]. Текст: /12Ответ Бота:
Ты выбрал книгу - что с ней делать?---2016-12-16 20:07:41.3697142016-12-16 20:07:41.373863Сообщение 
От Vitaliy None. [id = 81593382]. Текст: /12Сообщение 
От Vitaliy None. [id = 81593382]. Текст: /helpОтвет Бота:
Ты выбрал книгу - что с ней делать?Ответ Бота:
Напоминаю:
/take - Взять книгу с полки
/return - Вернуть книгу на полку
/list - Посмотреть, что лежит на полке

/help - Список команд------2016-12-16 20:15:59.556928Сообщение 
От Vitaliy None. [id = 81593382]. Текст: ПоложитьОтвет Бота:
Кажется, эта книга уже на полке---2016-12-16 20:15:59.576506Сообщение 
От Vitaliy None. [id = 81593382]. Текст: ПоложитьОтвет Бота:
Кажется, эта книга уже на полке---2016-12-16 20:16:07.036003Сообщение 
От Vitaliy None. [id = 81593382]. Текст: /helpОтвет Бота:
Напоминаю:
/take - Взять книгу с полки
/return - Вернуть книгу на полку
/list - Посмотреть, что лежит на полке

/help - Список команд---2016-12-16 20:16:09.447937Сообщение 
От Vitaliy None. [id = 81593382]. Текст: /listОтвет Бота:
Список книг:
/1 : Алистер Коберн. Современные методы описания функциональных требований к системам
/2 : Глеб Архангельский. Тайм-драйв
/3 : Михаил Литвак. Командовать или подчиняться
/4 : Джефф Сазерленд. SCRUM
/5 : Девид Аллен. Как привести дела в порядок
/6 : Эрик Рис. Бизнес с нуля
/7 : Ицхак Адизес. Идеальный руководитель
/8 : Ицхак Адизес. Развитие лидеров
/9 : Олег Тиньков. Я такой как все
/10 : Олег Тиньков. Я такой как все
/11 : Ф.Брукс. Мифический человеко-месяц
/12 : Г.Кеннеди. Договориться можно обо всем
---2016-12-16 20:16:59.471118Сообщение 
От Vitaliy None. [id = 81593382]. Текст: /12Ответ Бота:
Ты выбрал книгу - что с ней делать?---2016-12-16 20:17:07.350921Сообщение 
От Vitaliy None. [id = 81593382]. Текст: ПоложитьОтвет Бота:
Кажется, эта книга уже на полке---2016-12-16 20:20:14.892584Сообщение 
От Vitaliy None. [id = 81593382]. Текст: /helpОтвет Бота:
Напоминаю:
/take - Взять книгу с полки
/return - Вернуть книгу на полку
/list - Посмотреть, что лежит на полке

/help - Список команд---2016-12-16 20:20:19.214594Сообщение 
От Vitaliy None. [id = 81593382]. Текст: /listОтвет Бота:
Список книг:
/1 : Алистер Коберн. Современные методы описания функциональных требований к системам
/2 : Глеб Архангельский. Тайм-драйв
/3 : Михаил Литвак. Командовать или подчиняться
/4 : Джефф Сазерленд. SCRUM
/5 : Девид Аллен. Как привести дела в порядок
/6 : Эрик Рис. Бизнес с нуля
/7 : Ицхак Адизес. Идеальный руководитель
/8 : Ицхак Адизес. Развитие лидеров
/9 : Олег Тиньков. Я такой как все
/10 : Олег Тиньков. Я такой как все
/11 : Ф.Брукс. Мифический человеко-месяц
/12 : Г.Кеннеди. Договориться можно обо всем
---2016-12-16 20:24:26.908558 name=Vitaliy surname=None id = 81593382 text=/help answer=Напоминаю:
/take - Взять книгу с полки
/return - Вернуть книгу на полку
/list - Посмотреть, что лежит на полке

/help - Список команд 
2016-12-16 20:42:10.652077 name="Vitaliy" surname="None" id=81593382 text="/help" answer="Напоминаю:
/take - Взять книгу с полки
/return - Вернуть книгу на полку
/list - Посмотреть, что лежит на полке

/help - Список команд" 
2016-12-16 20:42:17.463896 name="Vitaliy" surname="None" id=81593382 text="/list" answer="Список книг:
/1 : Алистер Коберн. Современные методы описания функциональных требований к системам
/2 : Глеб Архангельский. Тайм-драйв
/3 : Михаил Литвак. Командовать или подчиняться
/4 : Джефф Сазерленд. SCRUM
/5 : Девид Аллен. Как привести дела в порядок
/6 : Эрик Рис. Бизнес с нуля
/7 : Ицхак Адизес. Идеальный руководитель
/8 : Ицхак Адизес. Развитие лидеров
/9 : Олег Тиньков. Я такой как все
/10 : Олег Тиньков. Я такой как все
/11 : Ф.Брукс. Мифический человеко-месяц
/12 : Г.Кеннеди. Договориться можно обо всем
" 
2016-12-16 20:42:32.952635 name="Vitaliy" surname="None" id=81593382 text="/12" answer="Ты выбрал книгу - что с ней делать?" 
2016-12-16 20:43:16.257314 name="Vitaliy" surname="None" id=81593382 text="/12" answer="Ты выбрал книгу - что с ней делать?" 
2016-12-16 20:43:18.536059 name="Vitaliy" surname="None" id=81593382 text="Почитать описание" answer="12" 
2016-12-16 20:52:15.065079 name="Vitaliy" surname="None" id=81593382 text="/help" answer="Напоминаю:
/take - Взять книгу с полки
/return - Вернуть книгу на полку
/list - Посмотреть, что лежит на полке

/help - Список команд" 
2016-12-16 20:52:21.674336 name="Vitaliy" surname="None" id=81593382 text="/list" answer="Список книг:
/1 : Алистер Коберн. Современные методы описания функциональных требований к системам
/2 : Глеб Архангельский. Тайм-драйв
/3 : Михаил Литвак. Командовать или подчиняться
/4 : Джефф Сазерленд. SCRUM
/5 : Девид Аллен. Как привести дела в порядок
/6 : Эрик Рис. Бизнес с нуля
/7 : Ицхак Адизес. Идеальный руководитель
/8 : Ицхак Адизес. Развитие лидеров
/9 : Олег Тиньков. Я такой как все
/10 : Олег Тиньков. Я такой как все
/11 : Ф.Брукс. Мифический человеко-месяц
/12 : Г.Кеннеди. Договориться можно обо всем
/13 : Эдуард Френкель. Любовь и математика
/14 : Stephen Few. Information dashboard design
/15 : Джин Желязны. Говори на языке диаграм
" 
2016-12-16 20:54:57.312950 name="Vitaliy" surname="None" id=81593382 text="/15" answer="Ты выбрал книгу - что с ней делать?" 
2016-12-16 20:55:01.287204 name="Vitaliy" surname="None" id=81593382 text="Почитать описание" answer="15" 
2016-12-16 21:11:55.470728 name="Vitaliy" surname="None" id=81593382 text="/15" answer="Ты выбрал книгу - что с ней делать?" 
2016-12-16 21:11:57.652891 name="Vitaliy" surname="None" id=81593382 text="Почитать описание" answer="Джин Желязны. Говори на языке диаграм " 
2016-12-16 21:15:59.799638 name="Yulia" surname="Tsareva" id=88946955 text="/start" answer="Привет! Я бот-библиотекарь в SME.
Скажи мне, какую книжку ты хочешь взять, и я тебя запишу ;)

Пообщаться со мной можно так:
/take - Взять книгу с полки
/return - Вернуть книгу на полку
/list - Посмотреть, что лежит на полке

и, конечно
/help - Список команд" 
2016-12-16 21:16:13.629583 name="Yulia" surname="Tsareva" id=88946955 text="/list" answer="Список книг:
/1 : Алистер Коберн. Современные методы описания функциональных требований к системам
/2 : Глеб Архангельский. Тайм-драйв
/3 : Михаил Литвак. Командовать или подчиняться
/4 : Джефф Сазерленд. SCRUM
/5 : Девид Аллен. Как привести дела в порядок
/6 : Эрик Рис. Бизнес с нуля
/7 : Ицхак Адизес. Идеальный руководитель
/8 : Ицхак Адизес. Развитие лидеров
/9 : Олег Тиньков. Я такой как все
/10 : Олег Тиньков. Я такой как все
/11 : Ф.Брукс. Мифический человеко-месяц
/12 : Г.Кеннеди. Договориться можно обо всем
/13 : Эдуард Френкель. Любовь и математика
/14 : Stephen Few. Information dashboard design
/15 : Джин Желязны. Говори на языке диаграм
" 
2016-12-16 21:16:26.970572 name="Yulia" surname="Tsareva" id=88946955 text="/take" answer="Скажи номер книги, которую хочешь взять" 
2016-12-16 21:23:16.889013 name="Yulia" surname="Tsareva" id=88946955 text="/list" answer="Список книг:
/1 : Алистер Коберн. Современные методы описания функциональных требований к системам
/2 : Глеб Архангельский. Тайм-драйв
/3 : Михаил Литвак. Командовать или подчиняться
/4 : Джефф Сазерленд. SCRUM
/5 : Девид Аллен. Как привести дела в порядок
/6 : Эрик Рис. Бизнес с нуля
/7 : Ицхак Адизес. Идеальный руководитель
/8 : Ицхак Адизес. Развитие лидеров
/9 : Олег Тиньков. Я такой как все
/10 : Олег Тиньков. Я такой как все
/11 : Ф.Брукс. Мифический человеко-месяц
/12 : Г.Кеннеди. Договориться можно обо всем
/13 : Эдуард Френкель. Любовь и математика
/14 : Stephen Few. Information dashboard design
/15 : Джин Желязны. Говори на языке диаграм
" 
2016-12-16 21:23:16.967939 name="Yulia" surname="Tsareva" id=88946955 text="/list" answer="Список книг:
/1 : Алистер Коберн. Современные методы описания функциональных требований к системам
/2 : Глеб Архангельский. Тайм-драйв
/3 : Михаил Литвак. Командовать или подчиняться
/4 : Джефф Сазерленд. SCRUM
/5 : Девид Аллен. Как привести дела в порядок
/6 : Эрик Рис. Бизнес с нуля
/7 : Ицхак Адизес. Идеальный руководитель
/8 : Ицхак Адизес. Развитие лидеров
/9 : Олег Тиньков. Я такой как все
/10 : Олег Тиньков. Я такой как все
/11 : Ф.Брукс. Мифический человеко-месяц
/12 : Г.Кеннеди. Договориться можно обо всем
/13 : Эдуард Френкель. Любовь и математика
/14 : Stephen Few. Information dashboard design
/15 : Джин Желязны. Говори на языке диаграм
" 
2016-12-16 21:23:50.198965 name="Vitaliy" surname="None" id=81593382 text="/list" answer="Список книг:
/1 : Алистер Коберн. Современные методы описания функциональных требований к системам
/2 : Глеб Архангельский. Тайм-драйв
/3 : Михаил Литвак. Командовать или подчиняться
/4 : Джефф Сазерленд. SCRUM
/5 : Девид Аллен. Как привести дела в порядок
/6 : Эрик Рис. Бизнес с нуля
/7 : Ицхак Адизес. Идеальный руководитель
/8 : Ицхак Адизес. Развитие лидеров
/9 : Олег Тиньков. Я такой как все
/10 : Олег Тиньков. Я такой как все
/11 : Ф.Брукс. Мифический человеко-месяц
/12 : Г.Кеннеди. Договориться можно обо всем
/13 : Эдуард Френкель. Любовь и математика
/14 : Stephen Few. Information dashboard design
/15 : Джин Желязны. Говори на языке диаграм
" 
2016-12-16 21:23:53.498531 name="Vitaliy" surname="None" id=81593382 text="/15" answer="Ты выбрал книгу - что с ней делать?" 
2016-12-16 21:23:56.340669 name="Vitaliy" surname="None" id=81593382 text="Почитать описание" answer="Джин Желязны. Говори на языке диаграм
 Пособие по визуальным коммуникациям http://www.mann-ivanov-ferber.ru/books/mif/026/" 
2016-12-16 21:25:27.733651 name="Vitaliy" surname="None" id=81593382 text="/10" answer="Ты выбрал книгу - что с ней делать?" 
2016-12-16 21:25:30.394899 name="Vitaliy" surname="None" id=81593382 text="Взять" answer="Кажется, эту книгу уже забрали" 
2016-12-16 21:25:36.381419 name="Vitaliy" surname="None" id=81593382 text="/10" answer="Ты выбрал книгу - что с ней делать?" 
2016-12-16 21:25:38.125090 name="Vitaliy" surname="None" id=81593382 text="Почитать описание" answer="Олег Тиньков. Я такой как все
 " 
2016-12-16 21:28:41.184118 name="Vitaliy" surname="None" id=81593382 text="/take" answer="Скажи номер книги, которую хочешь взять" 
2016-12-16 21:28:58.691402 name="Vitaliy" surname="None" id=81593382 text="/take" answer="Скажи номер книги, которую хочешь взять" 
2016-12-16 21:29:01.017252 name="Vitaliy" surname="None" id=81593382 text="12" answer="Кажется, эту книгу уже забрали" 
2016-12-16 21:34:13.347404 name="Vitaliy" surname="None" id=81593382 text="/14" answer="Ты выбрал книгу - что с ней делать?" 
2016-12-16 21:34:15.239786 name="Vitaliy" surname="None" id=81593382 text="Почитать описание" answer="Stephen Few. Information dashboard design
 Пособие по эффективной визуализации (на английском) https://www.amazon.com/Information-Dashboard-Design-Effective-Communication/dp/0596100167 
P.S. Эта книга на полке букшеринга, то есть принадлежит кому-то из команды" 
2016-12-16 21:34:26.714427 name="Vitaliy" surname="None" id=81593382 text="/1" answer="Ты выбрал книгу - что с ней делать?" 
2016-12-16 21:34:28.561874 name="Vitaliy" surname="None" id=81593382 text="Почитать описание" answer="Алистер Коберн. Современные методы описания функциональных требований к системам
 Как писать юз-кейсы https://www.ozon.ru/context/detail/id/5820242/" 
2016-12-16 21:34:38.868389 name="Vitaliy" surname="None" id=81593382 text="/2" answer="Ты выбрал книгу - что с ней делать?" 
2016-12-16 21:34:40.878276 name="Vitaliy" surname="None" id=81593382 text="Почитать описание" answer="Глеб Архангельский. Тайм-драйв
 Как успевать жить и работать http://www.mann-ivanov-ferber.ru/books/mif/005/" 
2016-12-16 21:34:44.912948 name="Vitaliy" surname="None" id=81593382 text="/3" answer="Ты выбрал книгу - что с ней делать?" 
2016-12-16 21:34:47.118231 name="Vitaliy" surname="None" id=81593382 text="Почитать описание" answer="Михаил Литвак. Командовать или подчиняться
 Психология управления http://www.labirint.ru/books/140103/" 
2016-12-16 21:34:56.550637 name="Vitaliy" surname="None" id=81593382 text="/4" answer="Ты выбрал книгу - что с ней делать?" 
2016-12-16 21:34:58.423236 name="Vitaliy" surname="None" id=81593382 text="Почитать описание" answer="Джефф Сазерленд. SCRUM
 Революционный метод управления проектами http://www.mann-ivanov-ferber.ru/books/scrum/" 
2016-12-16 21:35:02.291724 name="Vitaliy" surname="None" id=81593382 text="/5" answer="Ты выбрал книгу - что с ней делать?" 
2016-12-16 21:35:03.914354 name="Vitaliy" surname="None" id=81593382 text="Почитать описание" answer="Девид Аллен. Как привести дела в порядок
 Искусство продуктивности без стресса http://www.mann-ivanov-ferber.ru/books/mif/gettingthingsdone/" 
2016-12-16 21:35:07.454483 name="Vitaliy" surname="None" id=81593382 text="/6" answer="Ты выбрал книгу - что с ней делать?" 
2016-12-16 21:35:09.358903 name="Vitaliy" surname="None" id=81593382 text="Почитать описание" answer="Эрик Рис. Бизнес с нуля
 Метод Lean Startup для быстрого тестирования идей и выбора бизнес-модели https://www.alpinabook.ru/catalog/StartupsInnovativeEntrepreneurship/65396/" 
2016-12-16 21:35:17.826276 name="Vitaliy" surname="None" id=81593382 text="/7" answer="Ты выбрал книгу - что с ней делать?" 
2016-12-16 21:35:21.705506 name="Vitaliy" surname="None" id=81593382 text="Почитать описание" answer="Ицхак Адизес. Идеальный руководитель
 Почему им нельзя стать и что из этого следует https://www.alpinabook.ru/catalog/GeneralManagment/6609/" 
2016-12-16 21:35:29.155754 name="Vitaliy" surname="None" id=81593382 text="/8" answer="Ты выбрал книгу - что с ней делать?" 
2016-12-16 21:35:30.807651 name="Vitaliy" surname="None" id=81593382 text="Почитать описание" answer="Ицхак Адизес. Развитие лидеров
 Как понять свой стиль управления и эффективно общаться с носителями иных стилей http://www.ozon.ru/context/detail/id/3725289/" 
2016-12-16 21:35:35.587860 name="Vitaliy" surname="None" id=81593382 text="/9" answer="Ты выбрал книгу - что с ней делать?" 
2016-12-16 21:35:38.573011 name="Vitaliy" surname="None" id=81593382 text="Почитать описание" answer="Олег Тиньков. Я такой как все
 Автобиография основателя Тинькофф Банка https://www.ozon.ru/context/detail/id/31227508/" 
2016-12-16 21:35:44.930414 name="Vitaliy" surname="None" id=81593382 text="/11" answer="Ты выбрал книгу - что с ней делать?" 
2016-12-16 21:35:47.332991 name="Vitaliy" surname="None" id=81593382 text="Почитать описание" answer="Ф.Брукс. Мифический человеко-месяц
 Эта книга - юбилейное (дополненное и исправленное) издание своего рода библии для разработчиков программного обеспечения во всем мире www.ozon.ru/context/detail/id/83760/" 
2016-12-16 21:35:54.362625 name="Vitaliy" surname="None" id=81593382 text="/10" answer="Ты выбрал книгу - что с ней делать?" 
2016-12-16 21:35:57.461800 name="Vitaliy" surname="None" id=81593382 text="Почитать описание" answer="Олег Тиньков. Я такой как все
 Автобиография основателя Тинькофф Банка https://www.ozon.ru/context/detail/id/31227508/" 
2016-12-16 21:36:05.716954 name="Vitaliy" surname="None" id=81593382 text="/12" answer="Ты выбрал книгу - что с ней делать?" 
2016-12-16 21:36:07.806834 name="Vitaliy" surname="None" id=81593382 text="Почитать описание" answer="Г.Кеннеди. Договориться можно обо всем
 Как добиваться максимума в любых переговорах юджжжжжжжжжжжжжжжжжжжжжжжжжhttps://www.alpinabook.ru/catalog/NegotiationsBusinessCommunication/66435/" 
2016-12-16 21:36:32.649613 name="Vitaliy" surname="None" id=81593382 text="/12" answer="Ты выбрал книгу - что с ней делать?" 
2016-12-16 21:36:34.244675 name="Vitaliy" surname="None" id=81593382 text="Почитать описание" answer="Г.Кеннеди. Договориться можно обо всем
 Как добиваться максимума в любых переговорах https://www.alpinabook.ru/catalog/NegotiationsBusinessCommunication/66435/" 
2016-12-16 21:36:42.953634 name="Vitaliy" surname="None" id=81593382 text="/13" answer="Ты выбрал книгу - что с ней делать?" 
2016-12-16 21:36:44.563231 name="Vitaliy" surname="None" id=81593382 text="Почитать описание" answer="Эдуард Френкель. Любовь и математика
 Сердце скрытой реальности https://www.ozon.ru/context/detail/id/32224115/ 
P.S. Эта книга на полке букшеринга, то есть принадлежит кому-то из команды" 
2016-12-16 21:36:50.825277 name="Vitaliy" surname="None" id=81593382 text="/14" answer="Ты выбрал книгу - что с ней делать?" 
2016-12-16 21:36:53.115104 name="Vitaliy" surname="None" id=81593382 text="Почитать описание" answer="Stephen Few. Information dashboard design
 Пособие по эффективной визуализации (на английском) https://www.amazon.com/Information-Dashboard-Design-Effective-Communication/dp/0596100167 
P.S. Эта книга на полке букшеринга, то есть принадлежит кому-то из команды" 
2016-12-16 21:37:01.758256 name="Vitaliy" surname="None" id=81593382 text="/15" answer="Ты выбрал книгу - что с ней делать?" 
2016-12-16 21:37:03.500595 name="Vitaliy" surname="None" id=81593382 text="Почитать описание" answer="Джин Желязны. Говори на языке диаграм
 Пособие по визуальным коммуникациям http://www.mann-ivanov-ferber.ru/books/mif/026/ 
P.S. Эта книга на полке букшеринга, то есть принадлежит кому-то из команды" 
2016-12-16 21:38:22.137183 name="Vitaliy" surname="None" id=81593382 text="/13" answer="Ты выбрал книгу - что с ней делать?" 
2016-12-16 21:38:25.059706 name="Vitaliy" surname="None" id=81593382 text="Почитать описание" answer="Эдуард Френкель. Любовь и математика
 Сердце скрытой реальности https://www.ozon.ru/context/detail/id/32224115/ 
P.S. Эта книга на полке букшеринга, то есть принадлежит кому-то из команды" 
2016-12-16 21:57:50.101362 name="Vitaliy" surname="None" id=81593382 text="/suggest" answer="Круто! Какую книгу хочешь предложить?" 
2016-12-16 21:58:01.118252 name="Vitaliy" surname="None" id=81593382 text="Прекрасную" answer="Спасибо" 
2016-12-16 21:58:01.380282 name="Vitaliy" surname="None" id=81593382 text="Прекрасную" answer="Прекрасную" 
2016-12-16 22:01:40.413753 name="Vitaliy" surname="None" id=81593382 text="/suggest" answer="Круто! Какую книгу хочешь предложить?" 
2016-12-16 22:01:53.664669 name="Vitaliy" surname="None" id=81593382 text="Олег Тиньков - как стать предпринимателем" answer="Спасибо! Твое пожелание зафиксировано" 
2016-12-16 22:01:53.995721 name="Vitaliy" surname="None" id=81593382 text="Олег Тиньков - как стать предпринимателем" answer="Новое предложение книги: Олег Тиньков - как стать предпринимателем" 
2016-12-16 22:04:57.480496 name="Vitaliy" surname="None" id=81593382 text="/return" answer="Скажи номер книги, которую возвращаешь" 
2016-12-16 22:06:19.193914 name="Vitaliy" surname="None" id=81593382 text="/return" answer="Скажи номер книги, которую возвращаешь" 
2016-12-16 22:06:21.128099 name="Vitaliy" surname="None" id=81593382 text="15" answer="Кажется, эта книга уже на полке" 
2016-12-16 22:09:16.904901 name="Vitaliy" surname="None" id=81593382 text="/return" answer="Скажи номер книги, которую возвращаешь" 
2016-12-16 22:09:17.834887 name="Vitaliy" surname="None" id=81593382 text="15" answer="!no answer" 
2016-12-16 22:09:18.111554 name="Vitaliy" surname="None" id=81593382 text="15" answer="Кажется, эта книга уже на полке" 
2016-12-16 22:09:26.855452 name="Vitaliy" surname="None" id=81593382 text="вася" answer="!no answer" 
2016-12-16 22:09:30.866218 name="Vitaliy" surname="None" id=81593382 text="вася" answer="!no answer" 
2016-12-16 22:09:32.347154 name="Vitaliy" surname="None" id=81593382 text="катя" answer="!no answer" 
2016-12-16 22:09:35.145857 name="Vitaliy" surname="None" id=81593382 text="Ты глупый" answer="Это не мешает мне прекрасно справляться с моей работой!:)" 
2016-12-16 22:22:12.141497 name="Vitaliy" surname="None" id=81593382 text="/list" answer="Список книг:
/1 :  (отдана) Алистер Коберн. Современные методы описания функциональных требований к системам
/2 :  (отдана) Глеб Архангельский. Тайм-драйв
/3 :  (отдана) Михаил Литвак. Командовать или подчиняться
/4 :  (отдана) Джефф Сазерленд. SCRUM
/5 :  (отдана) Девид Аллен. Как привести дела в порядок
/6 :  (отдана) Эрик Рис. Бизнес с нуля
/7 :  (отдана) Ицхак Адизес. Идеальный руководитель
/8 :  (отдана) Ицхак Адизес. Развитие лидеров
/9 :  (отдана) Олег Тиньков. Я такой как все
/10 :  (отдана) Олег Тиньков. Я такой как все
/11 :  (отдана) Ф.Брукс. Мифический человеко-месяц
/12 :  (отдана) Г.Кеннеди. Договориться можно обо всем
/13 :  (отдана) Эдуард Френкель. Любовь и математика
/14 :  (отдана) Stephen Few. Information dashboard design
/15 :  (отдана) Джин Желязны. Говори на языке диаграм
" 
2016-12-16 22:23:03.351774 name="Vitaliy" surname="None" id=81593382 text="/list" answer="Список книг:
/1 :  (отдана) Алистер Коберн. Современные методы описания функциональных требований к системам
/2 : Глеб Архангельский. Тайм-драйв
/3 :  (отдана) Михаил Литвак. Командовать или подчиняться
/4 : Джефф Сазерленд. SCRUM
/5 : Девид Аллен. Как привести дела в порядок
/6 : Эрик Рис. Бизнес с нуля
/7 : Ицхак Адизес. Идеальный руководитель
/8 : Ицхак Адизес. Развитие лидеров
/9 : Олег Тиньков. Я такой как все
/10 :  (отдана) Олег Тиньков. Я такой как все
/11 : Ф.Брукс. Мифический человеко-месяц
/12 :  (отдана) Г.Кеннеди. Договориться можно обо всем
/13 : Эдуард Френкель. Любовь и математика
/14 : Stephen Few. Information dashboard design
/15 : Джин Желязны. Говори на языке диаграм
" 
2016-12-16 22:24:35.303649 name="Vitaliy" surname="None" id=81593382 text="/10" answer="Ты выбрал книгу - что с ней делать?" 
2016-12-16 22:24:36.280989 name="Vitaliy" surname="None" id=81593382 text="Почитать описание" answer="!no answer" 
2016-12-16 22:24:36.579526 name="Vitaliy" surname="None" id=81593382 text="Почитать описание" answer="Олег Тиньков. Я такой как все
 Автобиография основателя Тинькофф Банка https://www.ozon.ru/context/detail/id/31227508/" 
2016-12-16 22:24:40.270808 name="Vitaliy" surname="None" id=81593382 text="/10" answer="Ты выбрал книгу - что с ней делать?" 
2016-12-16 22:24:44.925339 name="Vitaliy" surname="None" id=81593382 text="Взять" answer="!no answer" 
2016-12-16 22:24:45.851195 name="Vitaliy" surname="None" id=81593382 text="Взять" answer="Кажется, эту книгу уже забрали" 
2016-12-16 22:24:53.131527 name="Vitaliy" surname="None" id=81593382 text="ghbdtn" answer="!no answer" 
2016-12-16 22:24:53.492389 name="Vitaliy" surname="None" id=81593382 text="приветик" answer="!no answer" 
2016-12-16 22:41:03.493607 name="Vitaliy" surname="None" id=81593382 text="collect" answer="!no answer" 
2016-12-16 22:44:13.807565 name="Vitaliy" surname="None" id=81593382 text="/collect" answer="Коллектед :)" 
2016-12-16 22:44:13.894245 name="Vitaliy" surname="None" id=81593382 text="/collect" answer="Коллектед :)" 
2016-12-16 22:44:39.287377 name="Vitaliy" surname="None" id=81593382 text="/collect" answer="Коллектед :)" 
2016-12-16 22:45:16.402385 name="SmeLib_bot" surname="None" id=302476657 text="Добрый день. Извиняюсь за назойливость, но у нас принято брать книгу не больше чем на две недели. Пожалуйста, верните книгу на полку, если не читаете ее." answer="Добрый день. Извиняюсь за назойливость, но у нас принято брать книгу не больше чем на две недели. Пожалуйста, верните книгу на полку, если не читаете ее." 
2016-12-16 22:45:16.729696 name="Vitaliy" surname="None" id=81593382 text="/collect" answer="Коллектед :)" 
2016-12-16 22:47:06.642573 name="SmeLib_bot" surname="None" id=302476657 text="Добрый день. Извиняюсь за назойливость, но у нас принято брать книгу не больше чем на две недели. Пожалуйста, верните книгу номер 1 на полку, если не читаете ее." answer="Добрый день. Извиняюсь за назойливость, но у нас принято брать книгу не больше чем на две недели. Пожалуйста, верните книгу номер 1 на полку, если не читаете ее." 
2016-12-16 22:47:06.898949 name="Vitaliy" surname="None" id=81593382 text="/collect" answer="Коллектед :)" 
2016-12-16 22:56:21.129851 name="Vitaliy" surname="None" id=81593382 text="/help" answer="Напоминаю:
/take - Взять книгу с полки
/return - Вернуть книгу на полку
/list - Посмотреть, что лежит на полке

/help - Список команд" 
2016-12-16 22:56:26.963885 name="Vitaliy" surname="None" id=81593382 text="/list" answer="Список книг:
/1 :  (отдана) Алистер Коберн. Современные методы описания функциональных требований к системам
/2 : Глеб Архангельский. Тайм-драйв
/3 :  (отдана) Михаил Литвак. Командовать или подчиняться
/4 : Джефф Сазерленд. SCRUM
/5 : Девид Аллен. Как привести дела в порядок
/6 : Эрик Рис. Бизнес с нуля
/7 : Ицхак Адизес. Идеальный руководитель
/8 : Ицхак Адизес. Развитие лидеров
/9 : Олег Тиньков. Я такой как все
/10 :  (отдана) Олег Тиньков. Я такой как все
/11 : Ф.Брукс. Мифический человеко-месяц
/12 :  (отдана) Г.Кеннеди. Договориться можно обо всем
/13 : Эдуард Френкель. Любовь и математика
/14 : Stephen Few. Information dashboard design
/15 : Джин Желязны. Говори на языке диаграм
" 
2016-12-16 22:56:41.811043 name="Vitaliy" surname="None" id=81593382 text="/10" answer="Ты выбрал книгу - что с ней делать?" 
2016-12-16 22:56:42.811273 name="Vitaliy" surname="None" id=81593382 text="Почитать описание" answer="!no answer" 
2016-12-16 22:56:43.211824 name="Vitaliy" surname="None" id=81593382 text="Почитать описание" answer="Олег Тиньков. Я такой как все
 Автобиография основателя Тинькофф Банка https://www.ozon.ru/context/detail/id/31227508/" 
2016-12-16 22:56:52.033544 name="Vitaliy" surname="None" id=81593382 text="/10" answer="Ты выбрал книгу - что с ней делать?" 
2016-12-16 22:56:54.794869 name="Vitaliy" surname="None" id=81593382 text="Взять" answer="!no answer" 
2016-12-16 22:56:55.107746 name="Vitaliy" surname="None" id=81593382 text="Взять" answer="Кажется, эту книгу уже забрали" 
2016-12-16 22:58:20.343330 name="Ксения" surname="None" id=277336516 text="/list" answer="Список книг:
/1 :  (отдана) Алистер Коберн. Современные методы описания функциональных требований к системам
/2 : Глеб Архангельский. Тайм-драйв
/3 :  (отдана) Михаил Литвак. Командовать или подчиняться
/4 : Джефф Сазерленд. SCRUM
/5 : Девид Аллен. Как привести дела в порядок
/6 : Эрик Рис. Бизнес с нуля
/7 : Ицхак Адизес. Идеальный руководитель
/8 : Ицхак Адизес. Развитие лидеров
/9 : Олег Тиньков. Я такой как все
/10 :  (отдана) Олег Тиньков. Я такой как все
/11 : Ф.Брукс. Мифический человеко-месяц
/12 :  (отдана) Г.Кеннеди. Договориться можно обо всем
/13 : Эдуард Френкель. Любовь и математика
/14 : Stephen Few. Information dashboard design
/15 : Джин Желязны. Говори на языке диаграм
" 
2016-12-16 22:58:22.525224 name="Ксения" surname="None" id=277336516 text="/13" answer="Ты выбрал книгу - что с ней делать?" 
2016-12-16 22:58:27.636619 name="Ксения" surname="None" id=277336516 text="Почитать описание" answer="!no answer" 
2016-12-16 22:58:27.938988 name="Ксения" surname="None" id=277336516 text="Почитать описание" answer="Эдуард Френкель. Любовь и математика
 Сердце скрытой реальности https://www.ozon.ru/context/detail/id/32224115/ 
P.S. Эта книга на полке букшеринга, то есть принадлежит кому-то из команды" 
