2017-03-21 07:55:15.109404 name="Vitaliy" surname="Arzumanyan" id=81593382 text="ping" answer="У меня все хорошо" 
2017-03-21 07:55:28.559385 name="Vitaliy" surname="Arzumanyan" id=81593382 text="/list" answer="Список книг:
/1: Алистер Коберн. Современные методы описания функциональных требований к системам
/2: Глеб Архангельский. Тайм-драйв
/3: Михаил Литвак. Командовать или подчиняться
/4: Джефф Сазерленд. SCRUM
/5: Девид Аллен. Как привести дела в порядок
/6: Эрик Рис. Бизнес с нуля
/7: Ицхак Адизес. Идеальный руководитель
/8: Ицхак Адизес. Развитие лидеров
/9: Олег Тиньков. Я такой как все
/10: Олег Тиньков. Я такой как все
/11: Ф.Брукс. Мифический человеко-месяц
/12: Г.Кеннеди. Договориться можно обо всем
/13: Эдуард Френкель. Любовь и математика
/14: Stephen Few. Information dashboard design
/15: Джин Желязны. Говори на языке диаграм
/16: Essetial Kanban Condensed
/17: Хенрик Книберг. Scrum и XP: заметки с передовой
/18: Генри Форд. Моя жизнь, мои достижения
/19: Олег Тиньков. Как стать бизнесменом
/20: В.Чан Ким, Рене Моборн. Стратегия голубого океана
/21: Роман Пихлер. Управление продуктом в SCRUM
/22: Бретт Кинг. Банк 3.0
/23: Фредерик Лалу. Открывая организации будущего
/24: Максим Богатырев. 45 татуировок продавана
/25: Максим Богатырев. 45 татуировок менеджера
/26: Ицхак Адизес. Управление жизненным циклом корпорации
/27: Майкл Кон. Пользовательские истории
/28: Саймон Синек. Начни с вопроса "Почему?"
" 
2017-03-21 07:55:32.724119 name="Vitaliy" surname="Arzumanyan" id=81593382 text="/take" answer="Скажи номер книги, которую хочешь взять" 
2017-03-21 07:55:34.346561 name="Vitaliy" surname="Arzumanyan" id=81593382 text="1" answer="У меня все хорошо" 
2017-03-21 07:55:34.485507 name="Vitaliy" surname="Arzumanyan" id=81593382 text="1" answer="Отлично, книга номер 1 теперь у тебя" 
2017-03-21 07:55:36.575643 name="Vitaliy" surname="Arzumanyan" id=81593382 text="/take" answer="Скажи номер книги, которую хочешь взять" 
2017-03-21 07:55:37.618324 name="Vitaliy" surname="Arzumanyan" id=81593382 text="1" answer="У меня все хорошо" 
2017-03-21 07:55:37.641353 name="Vitaliy" surname="Arzumanyan" id=81593382 text="1" answer="Кажется, эту книгу уже забрали" 
2017-03-21 07:55:40.571553 name="Vitaliy" surname="Arzumanyan" id=81593382 text="/return" answer="Скажи номер книги, которую возвращаешь" 
2017-03-21 07:55:41.604656 name="Vitaliy" surname="Arzumanyan" id=81593382 text="1" answer="У меня все хорошо" 
2017-03-21 07:55:41.623347 name="Vitaliy" surname="Arzumanyan" id=81593382 text="1" answer="Отлично, книга номер 1 вернулась на полку. Спасибо!" 
2017-03-21 07:55:43.985488 name="Vitaliy" surname="Arzumanyan" id=81593382 text="/return" answer="Скажи номер книги, которую возвращаешь" 
2017-03-21 07:55:45.020651 name="Vitaliy" surname="Arzumanyan" id=81593382 text="1" answer="У меня все хорошо" 
2017-03-21 07:55:45.049701 name="Vitaliy" surname="Arzumanyan" id=81593382 text="1" answer="Кажется, эта книга уже на полке" 
2017-03-21 07:55:46.982437 name="Vitaliy" surname="Arzumanyan" id=81593382 text="/list" answer="Список книг:
/1: Алистер Коберн. Современные методы описания функциональных требований к системам
/2: Глеб Архангельский. Тайм-драйв
/3: Михаил Литвак. Командовать или подчиняться
/4: Джефф Сазерленд. SCRUM
/5: Девид Аллен. Как привести дела в порядок
/6: Эрик Рис. Бизнес с нуля
/7: Ицхак Адизес. Идеальный руководитель
/8: Ицхак Адизес. Развитие лидеров
/9: Олег Тиньков. Я такой как все
/10: Олег Тиньков. Я такой как все
/11: Ф.Брукс. Мифический человеко-месяц
/12: Г.Кеннеди. Договориться можно обо всем
/13: Эдуард Френкель. Любовь и математика
/14: Stephen Few. Information dashboard design
/15: Джин Желязны. Говори на языке диаграм
/16: Essetial Kanban Condensed
/17: Хенрик Книберг. Scrum и XP: заметки с передовой
/18: Генри Форд. Моя жизнь, мои достижения
/19: Олег Тиньков. Как стать бизнесменом
/20: В.Чан Ким, Рене Моборн. Стратегия голубого океана
/21: Роман Пихлер. Управление продуктом в SCRUM
/22: Бретт Кинг. Банк 3.0
/23: Фредерик Лалу. Открывая организации будущего
/24: Максим Богатырев. 45 татуировок продавана
/25: Максим Богатырев. 45 татуировок менеджера
/26: Ицхак Адизес. Управление жизненным циклом корпорации
/27: Майкл Кон. Пользовательские истории
/28: Саймон Синек. Начни с вопроса "Почему?"
" 
2017-03-21 07:55:49.352442 name="Vitaliy" surname="Arzumanyan" id=81593382 text="/take" answer="Скажи номер книги, которую хочешь взять" 
2017-03-21 07:55:50.344753 name="Vitaliy" surname="Arzumanyan" id=81593382 text="1" answer="У меня все хорошо" 
2017-03-21 07:55:50.379625 name="Vitaliy" surname="Arzumanyan" id=81593382 text="1" answer="Отлично, книга номер 1 теперь у тебя" 
2017-03-21 07:55:52.474964 name="Vitaliy" surname="Arzumanyan" id=81593382 text="/1" answer="Ты выбрал книгу - что с ней делать?" 
2017-03-21 07:55:54.038287 name="Vitaliy" surname="Arzumanyan" id=81593382 text="Взять" answer="У меня все хорошо" 
2017-03-21 07:55:54.065446 name="Vitaliy" surname="Arzumanyan" id=81593382 text="Взять" answer="Кажется, эту книгу уже забрали" 
2017-03-21 07:55:56.844825 name="Vitaliy" surname="Arzumanyan" id=81593382 text="/1" answer="Ты выбрал книгу - что с ней делать?" 
2017-03-21 07:55:58.073928 name="Vitaliy" surname="Arzumanyan" id=81593382 text="Положить" answer="У меня все хорошо" 
2017-03-21 07:55:58.096311 name="Vitaliy" surname="Arzumanyan" id=81593382 text="Положить" answer="Отлично, книга номер 1 вернулась на полку. Спасибо!" 
2017-03-21 07:55:59.623757 name="Vitaliy" surname="Arzumanyan" id=81593382 text="/return" answer="Скажи номер книги, которую возвращаешь" 
2017-03-21 07:56:00.659629 name="Vitaliy" surname="Arzumanyan" id=81593382 text="1" answer="У меня все хорошо" 
2017-03-21 07:56:00.681719 name="Vitaliy" surname="Arzumanyan" id=81593382 text="1" answer="Кажется, эта книга уже на полке" 
2017-03-21 08:02:16.549387 name="Vitaliy" surname="Arzumanyan" id=81593382 text="ping" answer="У меня все хорошо" 
2017-03-21 10:25:58.073835 name="Vitaliy" surname="Arzumanyan" id=81593382 text="Почитать описание" answer="У меня все хорошо" 
2017-03-21 10:26:02.449319 name="Vitaliy" surname="Arzumanyan" id=81593382 text=":)" answer=";)" 
2017-03-21 10:26:19.007900 name="Vitaliy" surname="Arzumanyan" id=81593382 text=":)" answer=";)" 
2017-03-21 10:26:20.060979 name="Vitaliy" surname="Arzumanyan" id=81593382 text="/list" answer="Список книг:
/1: Алистер Коберн. Современные методы описания функциональных требований к системам
/2: Глеб Архангельский. Тайм-драйв
/3: Михаил Литвак. Командовать или подчиняться
/4: Джефф Сазерленд. SCRUM
/5: Девид Аллен. Как привести дела в порядок
/6: Эрик Рис. Бизнес с нуля
/7: Ицхак Адизес. Идеальный руководитель
/8: Ицхак Адизес. Развитие лидеров
/9: Олег Тиньков. Я такой как все
/10: Олег Тиньков. Я такой как все
/11: Ф.Брукс. Мифический человеко-месяц
/12: Г.Кеннеди. Договориться можно обо всем
/13: Эдуард Френкель. Любовь и математика
/14: Stephen Few. Information dashboard design
/15: Джин Желязны. Говори на языке диаграм
/16: Essetial Kanban Condensed
/17: Хенрик Книберг. Scrum и XP: заметки с передовой
/18: Генри Форд. Моя жизнь, мои достижения
/19: Олег Тиньков. Как стать бизнесменом
/20: В.Чан Ким, Рене Моборн. Стратегия голубого океана
/21: Роман Пихлер. Управление продуктом в SCRUM
/22: Бретт Кинг. Банк 3.0
/23: Фредерик Лалу. Открывая организации будущего
/24: Максим Богатырев. 45 татуировок продавана
/25: Максим Богатырев. 45 татуировок менеджера
/26: Ицхак Адизес. Управление жизненным циклом корпорации
/27: Майкл Кон. Пользовательские истории
/28: Саймон Синек. Начни с вопроса "Почему?"
" 
2017-03-21 10:26:22.831832 name="Vitaliy" surname="Arzumanyan" id=81593382 text=":)" answer=";)" 
2017-03-21 12:43:05.733450 name="Vitaliy" surname="Arzumanyan" id=81593382 text="Почитать описание" answer="У меня все хорошо" 
2017-03-21 13:14:10.753641 name="Andrey" surname="Shevchenko" id=224866506 text="/take" answer="Скажи номер книги, которую хочешь взять" 
2017-03-21 13:14:12.703498 name="Andrey" surname="Shevchenko" id=224866506 text="4" answer="!no answer" 
2017-03-21 13:14:12.760997 name="Andrey" surname="Shevchenko" id=224866506 text="4" answer="Кажется, эту книгу уже забрали" 
2017-03-21 13:14:20.542227 name="Vitaliy" surname="Arzumanyan" id=81593382 text="/4" answer="Ты выбрал книгу - что с ней делать?" 
2017-03-21 13:14:21.574808 name="Vitaliy" surname="Arzumanyan" id=81593382 text="Положить" answer="У меня все хорошо" 
2017-03-21 13:14:21.713400 name="Vitaliy" surname="Arzumanyan" id=81593382 text="Положить" answer="Отлично, книга номер 4 вернулась на полку. Спасибо!" 
2017-03-21 13:14:24.943478 name="Andrey" surname="Shevchenko" id=224866506 text="/take" answer="Скажи номер книги, которую хочешь взять" 
2017-03-21 13:14:27.873350 name="Andrey" surname="Shevchenko" id=224866506 text="4" answer="!no answer" 
2017-03-21 13:14:27.934598 name="Andrey" surname="Shevchenko" id=224866506 text="4" answer="Отлично, книга номер 4 теперь у тебя" 
