2017-05-24 08:06:25.413461 name="Vitaliy" surname="Arzumanyan" id=81593382 text="/34" answer="Ты выбрал книгу - что с ней делать?" 
2017-05-24 08:06:27.912293 name="Vitaliy" surname="Arzumanyan" id=81593382 text="Положить" answer="У меня все хорошо" 
2017-05-24 08:06:28.032435 name="Vitaliy" surname="Arzumanyan" id=81593382 text="Положить" answer="Скажи полку, на которую поставить книгу" 
2017-05-24 08:06:29.463876 name="Vitaliy" surname="Arzumanyan" id=81593382 text="24 этаж" answer="У меня все хорошо" 
2017-05-24 08:06:29.485203 name="Vitaliy" surname="Arzumanyan" id=81593382 text="24 этаж" answer="Отлично, книга номер 34 вернулась на полку. Спасибо!" 
2017-05-24 08:06:37.039100 name="Vitaliy" surname="Arzumanyan" id=81593382 text="/19" answer="Ты выбрал книгу - что с ней делать?" 
2017-05-24 08:06:38.782080 name="Vitaliy" surname="Arzumanyan" id=81593382 text="Взять" answer="У меня все хорошо" 
2017-05-24 08:06:38.795778 name="Vitaliy" surname="Arzumanyan" id=81593382 text="Взять" answer="Отлично, книга номер 19 теперь у тебя" 
2017-05-24 09:27:07.515334 name="Anna" surname="None" id=173961495 text="/start" answer="Привет! Я бот-библиотекарь в SME.
Скажи мне, какую книжку ты хочешь взять, и я тебя запишу ;)

Пообщаться со мной можно так:
/list - Посмотреть, что лежит на полке
/take - Взять книгу с полки
/return - Вернуть книгу на полку
/n, где n это номер книги - Действия с этой книгой

и, конечно
/help - Список команд" 
2017-05-24 09:27:37.201891 name="Anna" surname="None" id=173961495 text="/take" answer="Скажи номер книги, которую хочешь взять" 
2017-05-24 09:28:49.785706 name="Anna" surname="None" id=173961495 text="/10" answer="Ты выбрал книгу - что с ней делать?" 
2017-05-24 09:28:49.921786 name="Anna" surname="None" id=173961495 text="/10" answer="Извини, непонятный номер книги :(" 
2017-05-24 09:29:17.426014 name="Anna" surname="None" id=173961495 text="/take" answer="Скажи номер книги, которую хочешь взять" 
2017-05-24 09:29:23.374878 name="Anna" surname="None" id=173961495 text="10" answer="!no answer" 
2017-05-24 09:29:23.435471 name="Anna" surname="None" id=173961495 text="10" answer="Отлично, книга номер 10 теперь у тебя" 
2017-05-24 09:39:25.521469 name="Vitaliy" surname="Arzumanyan" id=81593382 text="Почитать описание" answer="У меня все хорошо" 
2017-05-24 11:34:36.202068 name="Михаил" surname="Стрельцов" id=285197021 text="/start" answer="Привет! Я бот-библиотекарь в SME.
Скажи мне, какую книжку ты хочешь взять, и я тебя запишу ;)

Пообщаться со мной можно так:
/list - Посмотреть, что лежит на полке
/take - Взять книгу с полки
/return - Вернуть книгу на полку
/n, где n это номер книги - Действия с этой книгой

и, конечно
/help - Список команд" 
2017-05-24 11:34:52.567227 name="Блумчик" surname="None" id=134247673 text="/start" answer="Привет! Я бот-библиотекарь в SME.
Скажи мне, какую книжку ты хочешь взять, и я тебя запишу ;)

Пообщаться со мной можно так:
/list - Посмотреть, что лежит на полке
/take - Взять книгу с полки
/return - Вернуть книгу на полку
/n, где n это номер книги - Действия с этой книгой

и, конечно
/help - Список команд" 
2017-05-24 11:35:13.331032 name="Блумчик" surname="None" id=134247673 text="/list" answer="Список книг:
/1 (отдана) Алистер Коберн. Современные методы описания функциональных требований к системам
/2 Глеб Архангельский. Тайм-драйв (24 этаж)
/3 Михаил Литвак. Командовать или подчиняться (24 этаж)
/4 (отдана) Джефф Сазерленд. SCRUM
/5 Девид Аллен. Как привести дела в порядок (25 этаж)
/6 Эрик Рис. Бизнес с нуля (24 этаж)
/7 (отдана) Ицхак Адизес. Идеальный руководитель
/8 Ицхак Адизес. Развитие лидеров (25 этаж)
/9 Олег Тиньков. Я такой как все (25 этаж)
/10 (отдана) Олег Тиньков. Я такой как все
/11 (отдана) Ф.Брукс. Мифический человеко-месяц
/12 (отдана) Г.Кеннеди. Договориться можно обо всем
/13 Эдуард Френкель. Любовь и математика (24 этаж)
/14 Stephen Few. Information dashboard design (24 этаж)
/15 (отдана) Джин Желязны. Говори на языке диаграм
/16 Essetial Kanban Condensed (24 этаж)
/17 Хенрик Книберг. Scrum и XP: заметки с передовой (24 этаж)
/18 Генри Форд. Моя жизнь, мои достижения (24 этаж)
/19 (отдана) Олег Тиньков. Как стать бизнесменом
/20 В.Чан Ким, Рене Моборн. Стратегия голубого океана (24 этаж)
/21 (отдана) Роман Пихлер. Управление продуктом в SCRUM
/22 Бретт Кинг. Банк 3.0 (24 этаж)
/23 Фредерик Лалу. Открывая организации будущего (25 этаж)
/24 Максим Богатырев. 45 татуировок продавана (24 этаж)
/25 Максим Богатырев. 45 татуировок менеджера (24 этаж)
/26 Ицхак Адизес. Управление жизненным циклом корпорации (25 этаж)
/27 Майкл Кон. Пользовательские истории (24 этаж)
/28 (отдана) Саймон Синек. Начни с вопроса "Почему?"
/29 (отдана) Эрик Берн. Игры, в которые играют люди. Люди, которые играют в игры
/30 Т.Драйзер. Финансист (24 этаж)
/31 Стивен Кови. 7 навыков высокоэффективных людей (25 этаж)
/32 Э.Лефевр. Воспоминания биржевого спекулянта (24 этаж)
/33 Искусство системного мышления (24 этаж)
/34 Ричард Брэнсон. Теряя невинность (24 этаж)
/35 (отдана) Том Демарко. Deadline
/36 (отдана) М.Зыгарь. Вся кремлевская рать
/37 Р.Чалдини. Психология влияния (24 этаж)
/38 (отдана) Эльяху Голдрат. Цель
/39 Джин Желязны. Бизнес презентация (25 этаж)
/40 (отдана) Барбара Минто. Принцип пирамиды Минто
/41 Итан Расиел. Инструменты McKinsey (25 этаж)
" 
2017-05-24 11:36:30.797851 name="Vitaliy" surname="Arzumanyan" id=81593382 text="/list" answer="Список книг:
/1 (отдана) Алистер Коберн. Современные методы описания функциональных требований к системам
/2 Глеб Архангельский. Тайм-драйв (24 этаж)
/3 Михаил Литвак. Командовать или подчиняться (24 этаж)
/4 (отдана) Джефф Сазерленд. SCRUM
/5 Девид Аллен. Как привести дела в порядок (25 этаж)
/6 Эрик Рис. Бизнес с нуля (24 этаж)
/7 (отдана) Ицхак Адизес. Идеальный руководитель
/8 Ицхак Адизес. Развитие лидеров (25 этаж)
/9 Олег Тиньков. Я такой как все (25 этаж)
/10 (отдана) Олег Тиньков. Я такой как все
/11 (отдана) Ф.Брукс. Мифический человеко-месяц
/12 (отдана) Г.Кеннеди. Договориться можно обо всем
/13 Эдуард Френкель. Любовь и математика (24 этаж)
/14 Stephen Few. Information dashboard design (24 этаж)
/15 (отдана) Джин Желязны. Говори на языке диаграм
/16 Essetial Kanban Condensed (24 этаж)
/17 Хенрик Книберг. Scrum и XP: заметки с передовой (24 этаж)
/18 Генри Форд. Моя жизнь, мои достижения (24 этаж)
/19 (отдана) Олег Тиньков. Как стать бизнесменом
/20 В.Чан Ким, Рене Моборн. Стратегия голубого океана (24 этаж)
/21 (отдана) Роман Пихлер. Управление продуктом в SCRUM
/22 Бретт Кинг. Банк 3.0 (24 этаж)
/23 Фредерик Лалу. Открывая организации будущего (25 этаж)
/24 Максим Богатырев. 45 татуировок продавана (24 этаж)
/25 Максим Богатырев. 45 татуировок менеджера (24 этаж)
/26 Ицхак Адизес. Управление жизненным циклом корпорации (25 этаж)
/27 Майкл Кон. Пользовательские истории (24 этаж)
/28 (отдана) Саймон Синек. Начни с вопроса "Почему?"
/29 (отдана) Эрик Берн. Игры, в которые играют люди. Люди, которые играют в игры
/30 Т.Драйзер. Финансист (24 этаж)
/31 Стивен Кови. 7 навыков высокоэффективных людей (25 этаж)
/32 Э.Лефевр. Воспоминания биржевого спекулянта (24 этаж)
/33 Искусство системного мышления (24 этаж)
/34 Ричард Брэнсон. Теряя невинность (24 этаж)
/35 (отдана) Том Демарко. Deadline
/36 (отдана) М.Зыгарь. Вся кремлевская рать
/37 Р.Чалдини. Психология влияния (24 этаж)
/38 (отдана) Эльяху Голдрат. Цель
/39 Джин Желязны. Бизнес презентация (25 этаж)
/40 (отдана) Барбара Минто. Принцип пирамиды Минто
/41 Итан Расиел. Инструменты McKinsey (25 этаж)
" 
2017-05-24 11:37:26.144046 name="Vitaliy" surname="Arzumanyan" id=81593382 text="/help" answer="Напоминаю:
/list - Посмотреть, что лежит на полке
/take - Взять книгу с полки
/return - Вернуть книгу на полку
/n, где n это номер книги - Действия с этой книгой. Это самая интересная опция, вызови список и просто ткни на номер книги в начале строки - увидишь, что можно сделать

/help - Список команд" 
2017-05-24 11:37:45.590864 name="Блумчик" surname="None" id=134247673 text="/help" answer="Напоминаю:
/list - Посмотреть, что лежит на полке
/take - Взять книгу с полки
/return - Вернуть книгу на полку
/n, где n это номер книги - Действия с этой книгой. Это самая интересная опция, вызови список и просто ткни на номер книги в начале строки - увидишь, что можно сделать

/help - Список команд" 
2017-05-24 11:38:04.547647 name="Vitaliy" surname="Arzumanyan" id=81593382 text="/21" answer="Ты выбрал книгу - что с ней делать?" 
2017-05-24 11:38:10.812955 name="Vitaliy" surname="Arzumanyan" id=81593382 text="Почитать описание" answer="У меня все хорошо" 
2017-05-24 11:38:10.979336 name="Vitaliy" surname="Arzumanyan" id=81593382 text="Почитать описание" answer="Роман Пихлер. Управление продуктом в SCRUM

Руководство по гибкому управлению продуктом на основе Scrum — от одного из ведущих экспертов по методике http://www.mann-ivanov-ferber.ru/books/upravlenie-produktom-v-scrum/" 
2017-05-24 11:38:13.892734 name="Блумчик" surname="None" id=134247673 text="/34" answer="Ты выбрал книгу - что с ней делать?" 
2017-05-24 11:38:18.594616 name="Блумчик" surname="None" id=134247673 text="Почитать описание" answer="!no answer" 
2017-05-24 11:38:18.674727 name="Блумчик" surname="None" id=134247673 text="Почитать описание" answer="Ричард Брэнсон. Теряя невинность

http://www.ozon.ru/context/detail/id/17910939/" 
2017-05-24 11:38:58.071569 name="Блумчик" surname="None" id=134247673 text="/31" answer="Ты выбрал книгу - что с ней делать?" 
2017-05-24 11:38:59.516365 name="Блумчик" surname="None" id=134247673 text="Почитать описание" answer="!no answer" 
2017-05-24 11:38:59.584020 name="Блумчик" surname="None" id=134247673 text="Почитать описание" answer="Стивен Кови. 7 навыков высокоэффективных людей

http://www.ozon.ru/context/detail/id/6974309/" 
2017-05-24 11:43:07.015739 name="Блумчик" surname="None" id=134247673 text="/5" answer="Ты выбрал книгу - что с ней делать?" 
2017-05-24 11:43:08.768356 name="Блумчик" surname="None" id=134247673 text="Почитать описание" answer="!no answer" 
2017-05-24 11:43:08.830409 name="Блумчик" surname="None" id=134247673 text="Почитать описание" answer="Девид Аллен. Как привести дела в порядок

Искусство продуктивности без стресса http://www.mann-ivanov-ferber.ru/books/mif/gettingthingsdone/" 
2017-05-24 11:48:28.478575 name="Vitaliy" surname="Arzumanyan" id=81593382 text="/39" answer="Ты выбрал книгу - что с ней делать?" 
2017-05-24 11:48:29.646032 name="Vitaliy" surname="Arzumanyan" id=81593382 text="Почитать описание" answer="У меня все хорошо" 
2017-05-24 11:48:29.681921 name="Vitaliy" surname="Arzumanyan" id=81593382 text="Почитать описание" answer="Джин Желязны. Бизнес презентация

https://www.ozon.ru/context/detail/id/3572666/" 
