2017-05-10 08:17:22.578052 name="Vitaliy" surname="Arzumanyan" id=81593382 text="лол" answer="У меня все хорошо" 
2017-05-10 08:17:23.711443 name="Vitaliy" surname="Arzumanyan" id=81593382 text="Взять" answer="У меня все хорошо" 
2017-05-10 08:17:28.563118 name="Vitaliy" surname="Arzumanyan" id=81593382 text="/list" answer="Список книг:
/1 (отдана) Алистер Коберн. Современные методы описания функциональных требований к системам
/2 Глеб Архангельский. Тайм-драйв (24 этаж)
/3 Михаил Литвак. Командовать или подчиняться (24 этаж)
/4 (отдана) Джефф Сазерленд. SCRUM
/5 Девид Аллен. Как привести дела в порядок (25 этаж)
/6 Эрик Рис. Бизнес с нуля (24 этаж)
/7 (отдана) Ицхак Адизес. Идеальный руководитель
/8 Ицхак Адизес. Развитие лидеров (25 этаж)
/9 Олег Тиньков. Я такой как все (25 этаж)
/10 Олег Тиньков. Я такой как все (24 этаж)
/11 Ф.Брукс. Мифический человеко-месяц (24 этаж)
/12 (отдана) Г.Кеннеди. Договориться можно обо всем
/13 Эдуард Френкель. Любовь и математика (24 этаж)
/14 Stephen Few. Information dashboard design (24 этаж)
/15 (отдана) Джин Желязны. Говори на языке диаграм
/16 Essetial Kanban Condensed (24 этаж)
/17 (отдана) Хенрик Книберг. Scrum и XP: заметки с передовой
/18 Генри Форд. Моя жизнь, мои достижения (24 этаж)
/19 Олег Тиньков. Как стать бизнесменом (24 этаж)
/20 В.Чан Ким, Рене Моборн. Стратегия голубого океана (24 этаж)
/21 Роман Пихлер. Управление продуктом в SCRUM (24 этаж)
/22 Бретт Кинг. Банк 3.0 (24 этаж)
/23 Фредерик Лалу. Открывая организации будущего (25 этаж)
/24 Максим Богатырев. 45 татуировок продавана (24 этаж)
/25 Максим Богатырев. 45 татуировок менеджера (24 этаж)
/26 Ицхак Адизес. Управление жизненным циклом корпорации (25 этаж)
/27 Майкл Кон. Пользовательские истории (24 этаж)
/28 (отдана) Саймон Синек. Начни с вопроса "Почему?"
/29 Эрик Берн. Игры, в которые играют люди. Люди, которые играют в игры (24 этаж)
/30 Т.Драйзер. Финансист (24 этаж)
/31 (отдана) Стивен Кови. 7 навыков высокоэффективных людей
/32 Э.Лефевр. Воспоминания биржевого спекулянта (24 этаж)
/33 Искусство системного мышления (24 этаж)
/34 Ричард Брэнсон. Теряя невинность (24 этаж)
/35 (отдана) Том Демарко. Deadline
/36 (отдана) М.Зыгарь. Вся кремлевская рать
/37 Р.Чалдини. Психология влияния (24 этаж)
/38 (отдана) Эльяху Голдрат. Цель
" 
2017-05-10 11:25:41.461209 name="Виталий" surname="Лихачев" id=92255731 text="/start" answer="Привет! Я бот-библиотекарь в SME.
Скажи мне, какую книжку ты хочешь взять, и я тебя запишу ;)

Пообщаться со мной можно так:
/list - Посмотреть, что лежит на полке
/take - Взять книгу с полки
/return - Вернуть книгу на полку
/n, где n это номер книги - Действия с этой книгой

и, конечно
/help - Список команд" 
2017-05-10 11:26:00.603480 name="Виталий" surname="Лихачев" id=92255731 text="/list" answer="Список книг:
/1 (отдана) Алистер Коберн. Современные методы описания функциональных требований к системам
/2 Глеб Архангельский. Тайм-драйв (24 этаж)
/3 Михаил Литвак. Командовать или подчиняться (24 этаж)
/4 (отдана) Джефф Сазерленд. SCRUM
/5 Девид Аллен. Как привести дела в порядок (25 этаж)
/6 Эрик Рис. Бизнес с нуля (24 этаж)
/7 (отдана) Ицхак Адизес. Идеальный руководитель
/8 Ицхак Адизес. Развитие лидеров (25 этаж)
/9 Олег Тиньков. Я такой как все (25 этаж)
/10 Олег Тиньков. Я такой как все (24 этаж)
/11 Ф.Брукс. Мифический человеко-месяц (24 этаж)
/12 (отдана) Г.Кеннеди. Договориться можно обо всем
/13 Эдуард Френкель. Любовь и математика (24 этаж)
/14 Stephen Few. Information dashboard design (24 этаж)
/15 (отдана) Джин Желязны. Говори на языке диаграм
/16 Essetial Kanban Condensed (24 этаж)
/17 (отдана) Хенрик Книберг. Scrum и XP: заметки с передовой
/18 Генри Форд. Моя жизнь, мои достижения (24 этаж)
/19 Олег Тиньков. Как стать бизнесменом (24 этаж)
/20 В.Чан Ким, Рене Моборн. Стратегия голубого океана (24 этаж)
/21 Роман Пихлер. Управление продуктом в SCRUM (24 этаж)
/22 Бретт Кинг. Банк 3.0 (24 этаж)
/23 Фредерик Лалу. Открывая организации будущего (25 этаж)
/24 Максим Богатырев. 45 татуировок продавана (24 этаж)
/25 Максим Богатырев. 45 татуировок менеджера (24 этаж)
/26 Ицхак Адизес. Управление жизненным циклом корпорации (25 этаж)
/27 Майкл Кон. Пользовательские истории (24 этаж)
/28 (отдана) Саймон Синек. Начни с вопроса "Почему?"
/29 Эрик Берн. Игры, в которые играют люди. Люди, которые играют в игры (24 этаж)
/30 Т.Драйзер. Финансист (24 этаж)
/31 (отдана) Стивен Кови. 7 навыков высокоэффективных людей
/32 Э.Лефевр. Воспоминания биржевого спекулянта (24 этаж)
/33 Искусство системного мышления (24 этаж)
/34 Ричард Брэнсон. Теряя невинность (24 этаж)
/35 (отдана) Том Демарко. Deadline
/36 (отдана) М.Зыгарь. Вся кремлевская рать
/37 Р.Чалдини. Психология влияния (24 этаж)
/38 (отдана) Эльяху Голдрат. Цель
" 
2017-05-10 11:27:45.907497 name="Vitaliy" surname="Arzumanyan" id=81593382 text="/add" answer="Как называется книга?" 
2017-05-10 11:28:00.636859 name="Vitaliy" surname="Arzumanyan" id=81593382 text="Джин Желязны. Бизнес презентация" answer="У меня все хорошо" 
2017-05-10 11:28:00.758175 name="Vitaliy" surname="Arzumanyan" id=81593382 text="Джин Желязны. Бизнес презентация" answer="Введи ссылку на описание с картинкой" 
2017-05-10 11:28:17.545980 name="Vitaliy" surname="Arzumanyan" id=81593382 text="https://www.ozon.ru/context/detail/id/3572666/" answer="У меня все хорошо" 
2017-05-10 11:28:17.567197 name="Vitaliy" surname="Arzumanyan" id=81593382 text="https://www.ozon.ru/context/detail/id/3572666/" answer="Всё круто!:)" 
2017-05-10 11:28:25.703549 name="Vitaliy" surname="Arzumanyan" id=81593382 text="/add" answer="Как называется книга?" 
2017-05-10 11:28:35.752165 name="Vitaliy" surname="Arzumanyan" id=81593382 text="Барбара Минто. Принцип пирамиды Минто" answer="У меня все хорошо" 
2017-05-10 11:28:35.773745 name="Vitaliy" surname="Arzumanyan" id=81593382 text="Барбара Минто. Принцип пирамиды Минто" answer="Введи ссылку на описание с картинкой" 
2017-05-10 11:28:45.773982 name="Vitaliy" surname="Arzumanyan" id=81593382 text="https://www.ozon.ru/context/detail/id/29964254/" answer="У меня все хорошо" 
2017-05-10 11:28:45.780316 name="Vitaliy" surname="Arzumanyan" id=81593382 text="https://www.ozon.ru/context/detail/id/29964254/" answer="Всё круто!:)" 
2017-05-10 11:28:51.427401 name="Vitaliy" surname="Arzumanyan" id=81593382 text="/add" answer="Как называется книга?" 
2017-05-10 11:29:01.214007 name="Vitaliy" surname="Arzumanyan" id=81593382 text="Итан Расиел. Инструменты McKinsey" answer="Введи ссылку на описание с картинкой" 
2017-05-10 11:29:01.242906 name="Vitaliy" surname="Arzumanyan" id=81593382 text="Итан Расиел. Инструменты McKinsey" answer="У меня все хорошо" 
2017-05-10 11:29:16.611785 name="Vitaliy" surname="Arzumanyan" id=81593382 text="https://www.ozon.ru/context/detail/id/3490083/" answer="Всё круто!:)" 
2017-05-10 11:29:16.631317 name="Vitaliy" surname="Arzumanyan" id=81593382 text="https://www.ozon.ru/context/detail/id/3490083/" answer="У меня все хорошо" 
2017-05-10 11:29:21.122483 name="Vitaliy" surname="Arzumanyan" id=81593382 text="/list" answer="Список книг:
/1 (отдана) Алистер Коберн. Современные методы описания функциональных требований к системам
/2 Глеб Архангельский. Тайм-драйв (24 этаж)
/3 Михаил Литвак. Командовать или подчиняться (24 этаж)
/4 (отдана) Джефф Сазерленд. SCRUM
/5 Девид Аллен. Как привести дела в порядок (25 этаж)
/6 Эрик Рис. Бизнес с нуля (24 этаж)
/7 (отдана) Ицхак Адизес. Идеальный руководитель
/8 Ицхак Адизес. Развитие лидеров (25 этаж)
/9 Олег Тиньков. Я такой как все (25 этаж)
/10 Олег Тиньков. Я такой как все (24 этаж)
/11 Ф.Брукс. Мифический человеко-месяц (24 этаж)
/12 (отдана) Г.Кеннеди. Договориться можно обо всем
/13 Эдуард Френкель. Любовь и математика (24 этаж)
/14 Stephen Few. Information dashboard design (24 этаж)
/15 (отдана) Джин Желязны. Говори на языке диаграм
/16 Essetial Kanban Condensed (24 этаж)
/17 (отдана) Хенрик Книберг. Scrum и XP: заметки с передовой
/18 Генри Форд. Моя жизнь, мои достижения (24 этаж)
/19 Олег Тиньков. Как стать бизнесменом (24 этаж)
/20 В.Чан Ким, Рене Моборн. Стратегия голубого океана (24 этаж)
/21 Роман Пихлер. Управление продуктом в SCRUM (24 этаж)
/22 Бретт Кинг. Банк 3.0 (24 этаж)
/23 Фредерик Лалу. Открывая организации будущего (25 этаж)
/24 Максим Богатырев. 45 татуировок продавана (24 этаж)
/25 Максим Богатырев. 45 татуировок менеджера (24 этаж)
/26 Ицхак Адизес. Управление жизненным циклом корпорации (25 этаж)
/27 Майкл Кон. Пользовательские истории (24 этаж)
/28 (отдана) Саймон Синек. Начни с вопроса "Почему?"
/29 Эрик Берн. Игры, в которые играют люди. Люди, которые играют в игры (24 этаж)
/30 Т.Драйзер. Финансист (24 этаж)
/31 (отдана) Стивен Кови. 7 навыков высокоэффективных людей
/32 Э.Лефевр. Воспоминания биржевого спекулянта (24 этаж)
/33 Искусство системного мышления (24 этаж)
/34 Ричард Брэнсон. Теряя невинность (24 этаж)
/35 (отдана) Том Демарко. Deadline
/36 (отдана) М.Зыгарь. Вся кремлевская рать
/37 Р.Чалдини. Психология влияния (24 этаж)
/38 (отдана) Эльяху Голдрат. Цель
/39 Джин Желязны. Бизнес презентация (24 этаж)
/40 Барбара Минто. Принцип пирамиды Минто (24 этаж)
/41 Итан Расиел. Инструменты McKinsey (24 этаж)
" 
2017-05-10 11:29:30.258182 name="Vitaliy" surname="Arzumanyan" id=81593382 text="/39" answer="Ты выбрал книгу - что с ней делать?" 
2017-05-10 11:29:31.277943 name="Vitaliy" surname="Arzumanyan" id=81593382 text="Взять" answer="У меня все хорошо" 
2017-05-10 11:29:31.290915 name="Vitaliy" surname="Arzumanyan" id=81593382 text="Взять" answer="Отлично, книга номер 39 теперь у тебя" 
2017-05-10 11:29:33.871142 name="Vitaliy" surname="Arzumanyan" id=81593382 text="/39" answer="Ты выбрал книгу - что с ней делать?" 
2017-05-10 11:29:35.188104 name="Vitaliy" surname="Arzumanyan" id=81593382 text="Положить" answer="Скажи полку, на которую поставить книгу" 
2017-05-10 11:29:35.215845 name="Vitaliy" surname="Arzumanyan" id=81593382 text="Положить" answer="У меня все хорошо" 
2017-05-10 11:29:36.855803 name="Vitaliy" surname="Arzumanyan" id=81593382 text="25 этаж" answer="У меня все хорошо" 
2017-05-10 11:29:36.870743 name="Vitaliy" surname="Arzumanyan" id=81593382 text="25 этаж" answer="Отлично, книга номер 39 вернулась на полку. Спасибо!" 
2017-05-10 11:29:38.790505 name="Vitaliy" surname="Arzumanyan" id=81593382 text="/40" answer="Ты выбрал книгу - что с ней делать?" 
2017-05-10 11:29:39.828753 name="Vitaliy" surname="Arzumanyan" id=81593382 text="Взять" answer="Отлично, книга номер 40 теперь у тебя" 
2017-05-10 11:29:39.844844 name="Vitaliy" surname="Arzumanyan" id=81593382 text="Взять" answer="У меня все хорошо" 
2017-05-10 11:29:41.863020 name="Vitaliy" surname="Arzumanyan" id=81593382 text="/40" answer="Ты выбрал книгу - что с ней делать?" 
2017-05-10 11:29:42.897727 name="Vitaliy" surname="Arzumanyan" id=81593382 text="Положить" answer="У меня все хорошо" 
2017-05-10 11:29:42.923610 name="Vitaliy" surname="Arzumanyan" id=81593382 text="Положить" answer="Скажи полку, на которую поставить книгу" 
2017-05-10 11:29:44.190556 name="Vitaliy" surname="Arzumanyan" id=81593382 text="25 этаж" answer="У меня все хорошо" 
2017-05-10 11:29:44.213293 name="Vitaliy" surname="Arzumanyan" id=81593382 text="25 этаж" answer="Отлично, книга номер 40 вернулась на полку. Спасибо!" 
2017-05-10 11:29:45.387295 name="Vitaliy" surname="Arzumanyan" id=81593382 text="/41" answer="Ты выбрал книгу - что с ней делать?" 
2017-05-10 11:29:46.415008 name="Vitaliy" surname="Arzumanyan" id=81593382 text="Взять" answer="Отлично, книга номер 41 теперь у тебя" 
2017-05-10 11:29:46.436057 name="Vitaliy" surname="Arzumanyan" id=81593382 text="Взять" answer="У меня все хорошо" 
2017-05-10 11:29:47.599220 name="Vitaliy" surname="Arzumanyan" id=81593382 text="/41" answer="Ты выбрал книгу - что с ней делать?" 
2017-05-10 11:29:48.627670 name="Vitaliy" surname="Arzumanyan" id=81593382 text="Положить" answer="Скажи полку, на которую поставить книгу" 
2017-05-10 11:29:48.638778 name="Vitaliy" surname="Arzumanyan" id=81593382 text="Положить" answer="У меня все хорошо" 
2017-05-10 11:29:49.674676 name="Vitaliy" surname="Arzumanyan" id=81593382 text="25 этаж" answer="Отлично, книга номер 41 вернулась на полку. Спасибо!" 
2017-05-10 11:29:49.696815 name="Vitaliy" surname="Arzumanyan" id=81593382 text="25 этаж" answer="У меня все хорошо" 
2017-05-10 11:29:51.824422 name="Vitaliy" surname="Arzumanyan" id=81593382 text="/list" answer="Список книг:
/1 (отдана) Алистер Коберн. Современные методы описания функциональных требований к системам
/2 Глеб Архангельский. Тайм-драйв (24 этаж)
/3 Михаил Литвак. Командовать или подчиняться (24 этаж)
/4 (отдана) Джефф Сазерленд. SCRUM
/5 Девид Аллен. Как привести дела в порядок (25 этаж)
/6 Эрик Рис. Бизнес с нуля (24 этаж)
/7 (отдана) Ицхак Адизес. Идеальный руководитель
/8 Ицхак Адизес. Развитие лидеров (25 этаж)
/9 Олег Тиньков. Я такой как все (25 этаж)
/10 Олег Тиньков. Я такой как все (24 этаж)
/11 Ф.Брукс. Мифический человеко-месяц (24 этаж)
/12 (отдана) Г.Кеннеди. Договориться можно обо всем
/13 Эдуард Френкель. Любовь и математика (24 этаж)
/14 Stephen Few. Information dashboard design (24 этаж)
/15 (отдана) Джин Желязны. Говори на языке диаграм
/16 Essetial Kanban Condensed (24 этаж)
/17 (отдана) Хенрик Книберг. Scrum и XP: заметки с передовой
/18 Генри Форд. Моя жизнь, мои достижения (24 этаж)
/19 Олег Тиньков. Как стать бизнесменом (24 этаж)
/20 В.Чан Ким, Рене Моборн. Стратегия голубого океана (24 этаж)
/21 Роман Пихлер. Управление продуктом в SCRUM (24 этаж)
/22 Бретт Кинг. Банк 3.0 (24 этаж)
/23 Фредерик Лалу. Открывая организации будущего (25 этаж)
/24 Максим Богатырев. 45 татуировок продавана (24 этаж)
/25 Максим Богатырев. 45 татуировок менеджера (24 этаж)
/26 Ицхак Адизес. Управление жизненным циклом корпорации (25 этаж)
/27 Майкл Кон. Пользовательские истории (24 этаж)
/28 (отдана) Саймон Синек. Начни с вопроса "Почему?"
/29 Эрик Берн. Игры, в которые играют люди. Люди, которые играют в игры (24 этаж)
/30 Т.Драйзер. Финансист (24 этаж)
/31 (отдана) Стивен Кови. 7 навыков высокоэффективных людей
/32 Э.Лефевр. Воспоминания биржевого спекулянта (24 этаж)
/33 Искусство системного мышления (24 этаж)
/34 Ричард Брэнсон. Теряя невинность (24 этаж)
/35 (отдана) Том Демарко. Deadline
/36 (отдана) М.Зыгарь. Вся кремлевская рать
/37 Р.Чалдини. Психология влияния (24 этаж)
/38 (отдана) Эльяху Голдрат. Цель
/39 Джин Желязны. Бизнес презентация (25 этаж)
/40 Барбара Минто. Принцип пирамиды Минто (25 этаж)
/41 Итан Расиел. Инструменты McKinsey (25 этаж)
" 
2017-05-10 11:36:34.944478 name="Виталий" surname="Лихачев" id=92255731 text="/list" answer="Список книг:
/1 (отдана) Алистер Коберн. Современные методы описания функциональных требований к системам
/2 Глеб Архангельский. Тайм-драйв (24 этаж)
/3 Михаил Литвак. Командовать или подчиняться (24 этаж)
/4 (отдана) Джефф Сазерленд. SCRUM
/5 Девид Аллен. Как привести дела в порядок (25 этаж)
/6 Эрик Рис. Бизнес с нуля (24 этаж)
/7 (отдана) Ицхак Адизес. Идеальный руководитель
/8 Ицхак Адизес. Развитие лидеров (25 этаж)
/9 Олег Тиньков. Я такой как все (25 этаж)
/10 Олег Тиньков. Я такой как все (24 этаж)
/11 Ф.Брукс. Мифический человеко-месяц (24 этаж)
/12 (отдана) Г.Кеннеди. Договориться можно обо всем
/13 Эдуард Френкель. Любовь и математика (24 этаж)
/14 Stephen Few. Information dashboard design (24 этаж)
/15 (отдана) Джин Желязны. Говори на языке диаграм
/16 Essetial Kanban Condensed (24 этаж)
/17 (отдана) Хенрик Книберг. Scrum и XP: заметки с передовой
/18 Генри Форд. Моя жизнь, мои достижения (24 этаж)
/19 Олег Тиньков. Как стать бизнесменом (24 этаж)
/20 В.Чан Ким, Рене Моборн. Стратегия голубого океана (24 этаж)
/21 Роман Пихлер. Управление продуктом в SCRUM (24 этаж)
/22 Бретт Кинг. Банк 3.0 (24 этаж)
/23 Фредерик Лалу. Открывая организации будущего (25 этаж)
/24 Максим Богатырев. 45 татуировок продавана (24 этаж)
/25 Максим Богатырев. 45 татуировок менеджера (24 этаж)
/26 Ицхак Адизес. Управление жизненным циклом корпорации (25 этаж)
/27 Майкл Кон. Пользовательские истории (24 этаж)
/28 (отдана) Саймон Синек. Начни с вопроса "Почему?"
/29 Эрик Берн. Игры, в которые играют люди. Люди, которые играют в игры (24 этаж)
/30 Т.Драйзер. Финансист (24 этаж)
/31 (отдана) Стивен Кови. 7 навыков высокоэффективных людей
/32 Э.Лефевр. Воспоминания биржевого спекулянта (24 этаж)
/33 Искусство системного мышления (24 этаж)
/34 Ричард Брэнсон. Теряя невинность (24 этаж)
/35 (отдана) Том Демарко. Deadline
/36 (отдана) М.Зыгарь. Вся кремлевская рать
/37 Р.Чалдини. Психология влияния (24 этаж)
/38 (отдана) Эльяху Голдрат. Цель
/39 Джин Желязны. Бизнес презентация (25 этаж)
/40 Барбара Минто. Принцип пирамиды Минто (25 этаж)
/41 Итан Расиел. Инструменты McKinsey (25 этаж)
" 
2017-05-10 11:47:55.783516 name="Vitaliy" surname="Arzumanyan" id=81593382 text="/list" answer="Список книг:
/1 (отдана) Алистер Коберн. Современные методы описания функциональных требований к системам
/2 Глеб Архангельский. Тайм-драйв (24 этаж)
/3 Михаил Литвак. Командовать или подчиняться (24 этаж)
/4 (отдана) Джефф Сазерленд. SCRUM
/5 Девид Аллен. Как привести дела в порядок (25 этаж)
/6 Эрик Рис. Бизнес с нуля (24 этаж)
/7 (отдана) Ицхак Адизес. Идеальный руководитель
/8 Ицхак Адизес. Развитие лидеров (25 этаж)
/9 Олег Тиньков. Я такой как все (25 этаж)
/10 Олег Тиньков. Я такой как все (24 этаж)
/11 Ф.Брукс. Мифический человеко-месяц (24 этаж)
/12 (отдана) Г.Кеннеди. Договориться можно обо всем
/13 Эдуард Френкель. Любовь и математика (24 этаж)
/14 Stephen Few. Information dashboard design (24 этаж)
/15 (отдана) Джин Желязны. Говори на языке диаграм
/16 Essetial Kanban Condensed (24 этаж)
/17 (отдана) Хенрик Книберг. Scrum и XP: заметки с передовой
/18 Генри Форд. Моя жизнь, мои достижения (24 этаж)
/19 Олег Тиньков. Как стать бизнесменом (24 этаж)
/20 В.Чан Ким, Рене Моборн. Стратегия голубого океана (24 этаж)
/21 Роман Пихлер. Управление продуктом в SCRUM (24 этаж)
/22 Бретт Кинг. Банк 3.0 (24 этаж)
/23 Фредерик Лалу. Открывая организации будущего (25 этаж)
/24 Максим Богатырев. 45 татуировок продавана (24 этаж)
/25 Максим Богатырев. 45 татуировок менеджера (24 этаж)
/26 Ицхак Адизес. Управление жизненным циклом корпорации (25 этаж)
/27 Майкл Кон. Пользовательские истории (24 этаж)
/28 (отдана) Саймон Синек. Начни с вопроса "Почему?"
/29 Эрик Берн. Игры, в которые играют люди. Люди, которые играют в игры (24 этаж)
/30 Т.Драйзер. Финансист (24 этаж)
/31 (отдана) Стивен Кови. 7 навыков высокоэффективных людей
/32 Э.Лефевр. Воспоминания биржевого спекулянта (24 этаж)
/33 Искусство системного мышления (24 этаж)
/34 Ричард Брэнсон. Теряя невинность (24 этаж)
/35 (отдана) Том Демарко. Deadline
/36 (отдана) М.Зыгарь. Вся кремлевская рать
/37 Р.Чалдини. Психология влияния (24 этаж)
/38 (отдана) Эльяху Голдрат. Цель
/39 Джин Желязны. Бизнес презентация (25 этаж)
/40 Барбара Минто. Принцип пирамиды Минто (25 этаж)
/41 Итан Расиел. Инструменты McKinsey (25 этаж)
" 
2017-05-10 17:45:04.311397 name="Элен" surname="None" id=38864184 text="/take" answer="Скажи номер книги, которую хочешь взять" 
2017-05-10 17:45:39.813502 name="Элен" surname="None" id=38864184 text="/list" answer="Список книг:
/1 (отдана) Алистер Коберн. Современные методы описания функциональных требований к системам
/2 Глеб Архангельский. Тайм-драйв (24 этаж)
/3 Михаил Литвак. Командовать или подчиняться (24 этаж)
/4 (отдана) Джефф Сазерленд. SCRUM
/5 Девид Аллен. Как привести дела в порядок (25 этаж)
/6 Эрик Рис. Бизнес с нуля (24 этаж)
/7 (отдана) Ицхак Адизес. Идеальный руководитель
/8 Ицхак Адизес. Развитие лидеров (25 этаж)
/9 Олег Тиньков. Я такой как все (25 этаж)
/10 Олег Тиньков. Я такой как все (24 этаж)
/11 Ф.Брукс. Мифический человеко-месяц (24 этаж)
/12 (отдана) Г.Кеннеди. Договориться можно обо всем
/13 Эдуард Френкель. Любовь и математика (24 этаж)
/14 Stephen Few. Information dashboard design (24 этаж)
/15 (отдана) Джин Желязны. Говори на языке диаграм
/16 Essetial Kanban Condensed (24 этаж)
/17 (отдана) Хенрик Книберг. Scrum и XP: заметки с передовой
/18 Генри Форд. Моя жизнь, мои достижения (24 этаж)
/19 Олег Тиньков. Как стать бизнесменом (24 этаж)
/20 В.Чан Ким, Рене Моборн. Стратегия голубого океана (24 этаж)
/21 Роман Пихлер. Управление продуктом в SCRUM (24 этаж)
/22 Бретт Кинг. Банк 3.0 (24 этаж)
/23 Фредерик Лалу. Открывая организации будущего (25 этаж)
/24 Максим Богатырев. 45 татуировок продавана (24 этаж)
/25 Максим Богатырев. 45 татуировок менеджера (24 этаж)
/26 Ицхак Адизес. Управление жизненным циклом корпорации (25 этаж)
/27 Майкл Кон. Пользовательские истории (24 этаж)
/28 (отдана) Саймон Синек. Начни с вопроса "Почему?"
/29 Эрик Берн. Игры, в которые играют люди. Люди, которые играют в игры (24 этаж)
/30 Т.Драйзер. Финансист (24 этаж)
/31 (отдана) Стивен Кови. 7 навыков высокоэффективных людей
/32 Э.Лефевр. Воспоминания биржевого спекулянта (24 этаж)
/33 Искусство системного мышления (24 этаж)
/34 Ричард Брэнсон. Теряя невинность (24 этаж)
/35 (отдана) Том Демарко. Deadline
/36 (отдана) М.Зыгарь. Вся кремлевская рать
/37 Р.Чалдини. Психология влияния (24 этаж)
/38 (отдана) Эльяху Голдрат. Цель
/39 Джин Желязны. Бизнес презентация (25 этаж)
/40 Барбара Минто. Принцип пирамиды Минто (25 этаж)
/41 Итан Расиел. Инструменты McKinsey (25 этаж)
" 
2017-05-10 17:45:39.939113 name="Элен" surname="None" id=38864184 text="/list" answer="Извини, непонятный номер книги :(" 
2017-05-10 17:46:11.515500 name="Элен" surname="None" id=38864184 text="40" answer="!no answer" 
2017-05-10 17:46:18.810671 name="Элен" surname="None" id=38864184 text="/40" answer="Ты выбрал книгу - что с ней делать?" 
2017-05-10 17:46:22.547557 name="Элен" surname="None" id=38864184 text="Взять" answer="!no answer" 
2017-05-10 17:46:22.654756 name="Элен" surname="None" id=38864184 text="Взять" answer="Отлично, книга номер 40 теперь у тебя" 
