2017-05-25 07:47:35.069874 name="Vitaliy" surname="Arzumanyan" id=81593382 text="/list" answer="Список книг:
/1 (отдана) Алистер Коберн. Современные методы описания функциональных требований к системам
/2 Глеб Архангельский. Тайм-драйв (24 этаж)
/3 Михаил Литвак. Командовать или подчиняться (24 этаж)
/4 (отдана) Джефф Сазерленд. SCRUM
/5 Девид Аллен. Как привести дела в порядок (25 этаж)
/6 Эрик Рис. Бизнес с нуля (24 этаж)
/7 (отдана) Ицхак Адизес. Идеальный руководитель
/8 Ицхак Адизес. Развитие лидеров (25 этаж)
/9 Олег Тиньков. Я такой как все (25 этаж)
/10 (отдана) Олег Тиньков. Я такой как все
/11 (отдана) Ф.Брукс. Мифический человеко-месяц
/12 (отдана) Г.Кеннеди. Договориться можно обо всем
/13 Эдуард Френкель. Любовь и математика (24 этаж)
/14 Stephen Few. Information dashboard design (24 этаж)
/15 (отдана) Джин Желязны. Говори на языке диаграм
/16 Essetial Kanban Condensed (24 этаж)
/17 Хенрик Книберг. Scrum и XP: заметки с передовой (24 этаж)
/18 Генри Форд. Моя жизнь, мои достижения (24 этаж)
/19 (отдана) Олег Тиньков. Как стать бизнесменом
/20 В.Чан Ким, Рене Моборн. Стратегия голубого океана (24 этаж)
/21 (отдана) Роман Пихлер. Управление продуктом в SCRUM
/22 Бретт Кинг. Банк 3.0 (24 этаж)
/23 Фредерик Лалу. Открывая организации будущего (25 этаж)
/24 Максим Богатырев. 45 татуировок продавана (24 этаж)
/25 Максим Богатырев. 45 татуировок менеджера (24 этаж)
/26 Ицхак Адизес. Управление жизненным циклом корпорации (25 этаж)
/27 Майкл Кон. Пользовательские истории (24 этаж)
/28 (отдана) Саймон Синек. Начни с вопроса "Почему?"
/29 (отдана) Эрик Берн. Игры, в которые играют люди. Люди, которые играют в игры
/30 Т.Драйзер. Финансист (24 этаж)
/31 Стивен Кови. 7 навыков высокоэффективных людей (25 этаж)
/32 Э.Лефевр. Воспоминания биржевого спекулянта (24 этаж)
/33 Искусство системного мышления (24 этаж)
/34 Ричард Брэнсон. Теряя невинность (24 этаж)
/35 (отдана) Том Демарко. Deadline
/36 (отдана) М.Зыгарь. Вся кремлевская рать
/37 Р.Чалдини. Психология влияния (24 этаж)
/38 (отдана) Эльяху Голдрат. Цель
/39 Джин Желязны. Бизнес презентация (25 этаж)
/40 (отдана) Барбара Минто. Принцип пирамиды Минто
/41 Итан Расиел. Инструменты McKinsey (25 этаж)
" 
2017-05-25 07:47:39.629825 name="Vitaliy" surname="Arzumanyan" id=81593382 text="/add" answer="Как называется книга?" 
2017-05-25 07:47:57.336220 name="Vitaliy" surname="Arzumanyan" id=81593382 text="Девид Батлер. Проектируя бизнес" answer="У меня все хорошо" 
2017-05-25 07:47:57.471768 name="Vitaliy" surname="Arzumanyan" id=81593382 text="Девид Батлер. Проектируя бизнес" answer="Введи ссылку на описание с картинкой" 
2017-05-25 07:48:18.455538 name="Vitaliy" surname="Arzumanyan" id=81593382 text="http://www.ozon.ru/context/detail/id/135876447/" answer="Всё круто!:)" 
2017-05-25 07:48:18.477659 name="Vitaliy" surname="Arzumanyan" id=81593382 text="http://www.ozon.ru/context/detail/id/135876447/" answer="У меня все хорошо" 
2017-05-25 07:48:23.148677 name="Vitaliy" surname="Arzumanyan" id=81593382 text="/list" answer="Список книг:
/1 (отдана) Алистер Коберн. Современные методы описания функциональных требований к системам
/2 Глеб Архангельский. Тайм-драйв (24 этаж)
/3 Михаил Литвак. Командовать или подчиняться (24 этаж)
/4 (отдана) Джефф Сазерленд. SCRUM
/5 Девид Аллен. Как привести дела в порядок (25 этаж)
/6 Эрик Рис. Бизнес с нуля (24 этаж)
/7 (отдана) Ицхак Адизес. Идеальный руководитель
/8 Ицхак Адизес. Развитие лидеров (25 этаж)
/9 Олег Тиньков. Я такой как все (25 этаж)
/10 (отдана) Олег Тиньков. Я такой как все
/11 (отдана) Ф.Брукс. Мифический человеко-месяц
/12 (отдана) Г.Кеннеди. Договориться можно обо всем
/13 Эдуард Френкель. Любовь и математика (24 этаж)
/14 Stephen Few. Information dashboard design (24 этаж)
/15 (отдана) Джин Желязны. Говори на языке диаграм
/16 Essetial Kanban Condensed (24 этаж)
/17 Хенрик Книберг. Scrum и XP: заметки с передовой (24 этаж)
/18 Генри Форд. Моя жизнь, мои достижения (24 этаж)
/19 (отдана) Олег Тиньков. Как стать бизнесменом
/20 В.Чан Ким, Рене Моборн. Стратегия голубого океана (24 этаж)
/21 (отдана) Роман Пихлер. Управление продуктом в SCRUM
/22 Бретт Кинг. Банк 3.0 (24 этаж)
/23 Фредерик Лалу. Открывая организации будущего (25 этаж)
/24 Максим Богатырев. 45 татуировок продавана (24 этаж)
/25 Максим Богатырев. 45 татуировок менеджера (24 этаж)
/26 Ицхак Адизес. Управление жизненным циклом корпорации (25 этаж)
/27 Майкл Кон. Пользовательские истории (24 этаж)
/28 (отдана) Саймон Синек. Начни с вопроса "Почему?"
/29 (отдана) Эрик Берн. Игры, в которые играют люди. Люди, которые играют в игры
/30 Т.Драйзер. Финансист (24 этаж)
/31 Стивен Кови. 7 навыков высокоэффективных людей (25 этаж)
/32 Э.Лефевр. Воспоминания биржевого спекулянта (24 этаж)
/33 Искусство системного мышления (24 этаж)
/34 Ричард Брэнсон. Теряя невинность (24 этаж)
/35 (отдана) Том Демарко. Deadline
/36 (отдана) М.Зыгарь. Вся кремлевская рать
/37 Р.Чалдини. Психология влияния (24 этаж)
/38 (отдана) Эльяху Голдрат. Цель
/39 Джин Желязны. Бизнес презентация (25 этаж)
/40 (отдана) Барбара Минто. Принцип пирамиды Минто
/41 Итан Расиел. Инструменты McKinsey (25 этаж)
/42 Девид Батлер. Проектируя бизнес (24 этаж)
" 
2017-05-25 07:49:56.581170 name="Vitaliy" surname="Arzumanyan" id=81593382 text="/add" answer="Как называется книга?" 
2017-05-25 07:50:39.661475 name="Vitaliy" surname="Arzumanyan" id=81593382 text="Трофейная :) Владимир Шахиджанян. КомпьютЕрики шутят" answer="Введи ссылку на описание с картинкой" 
2017-05-25 07:50:39.679373 name="Vitaliy" surname="Arzumanyan" id=81593382 text="Трофейная :) Владимир Шахиджанян. КомпьютЕрики шутят" answer="У меня все хорошо" 
2017-05-25 07:50:41.039705 name="Vitaliy" surname="Arzumanyan" id=81593382 text="http://www.ozon.ru/context/detail/id/2279043/" answer="У меня все хорошо" 
2017-05-25 07:50:41.060914 name="Vitaliy" surname="Arzumanyan" id=81593382 text="http://www.ozon.ru/context/detail/id/2279043/" answer="Всё круто!:)" 
2017-05-25 09:53:35.782000 name="Vitaliy" surname="Arzumanyan" id=81593382 text="/list" answer="Список книг:
/1 (отдана) Алистер Коберн. Современные методы описания функциональных требований к системам
/2 Глеб Архангельский. Тайм-драйв (24 этаж)
/3 Михаил Литвак. Командовать или подчиняться (24 этаж)
/4 (отдана) Джефф Сазерленд. SCRUM
/5 Девид Аллен. Как привести дела в порядок (25 этаж)
/6 Эрик Рис. Бизнес с нуля (24 этаж)
/7 (отдана) Ицхак Адизес. Идеальный руководитель
/8 Ицхак Адизес. Развитие лидеров (25 этаж)
/9 Олег Тиньков. Я такой как все (25 этаж)
/10 (отдана) Олег Тиньков. Я такой как все
/11 (отдана) Ф.Брукс. Мифический человеко-месяц
/12 (отдана) Г.Кеннеди. Договориться можно обо всем
/13 Эдуард Френкель. Любовь и математика (24 этаж)
/14 Stephen Few. Information dashboard design (24 этаж)
/15 (отдана) Джин Желязны. Говори на языке диаграм
/16 Essetial Kanban Condensed (24 этаж)
/17 Хенрик Книберг. Scrum и XP: заметки с передовой (24 этаж)
/18 Генри Форд. Моя жизнь, мои достижения (24 этаж)
/19 (отдана) Олег Тиньков. Как стать бизнесменом
/20 В.Чан Ким, Рене Моборн. Стратегия голубого океана (24 этаж)
/21 (отдана) Роман Пихлер. Управление продуктом в SCRUM
/22 Бретт Кинг. Банк 3.0 (24 этаж)
/23 Фредерик Лалу. Открывая организации будущего (25 этаж)
/24 Максим Богатырев. 45 татуировок продавана (24 этаж)
/25 Максим Богатырев. 45 татуировок менеджера (24 этаж)
/26 Ицхак Адизес. Управление жизненным циклом корпорации (25 этаж)
/27 Майкл Кон. Пользовательские истории (24 этаж)
/28 (отдана) Саймон Синек. Начни с вопроса "Почему?"
/29 (отдана) Эрик Берн. Игры, в которые играют люди. Люди, которые играют в игры
/30 Т.Драйзер. Финансист (24 этаж)
/31 Стивен Кови. 7 навыков высокоэффективных людей (25 этаж)
/32 Э.Лефевр. Воспоминания биржевого спекулянта (24 этаж)
/33 Искусство системного мышления (24 этаж)
/34 Ричард Брэнсон. Теряя невинность (24 этаж)
/35 (отдана) Том Демарко. Deadline
/36 (отдана) М.Зыгарь. Вся кремлевская рать
/37 Р.Чалдини. Психология влияния (24 этаж)
/38 (отдана) Эльяху Голдрат. Цель
/39 Джин Желязны. Бизнес презентация (25 этаж)
/40 (отдана) Барбара Минто. Принцип пирамиды Минто
/41 Итан Расиел. Инструменты McKinsey (25 этаж)
/42 Девид Батлер. Проектируя бизнес (24 этаж)
/43 Трофейная :) Владимир Шахиджанян. КомпьютЕрики шутят (24 этаж)
" 
2017-05-25 19:40:33.334076 name="Vitaliy" surname="Arzumanyan" id=81593382 text="/list" answer="Список книг:
/1 (отдана) Алистер Коберн. Современные методы описания функциональных требований к системам
/2 Глеб Архангельский. Тайм-драйв (24 этаж)
/3 Михаил Литвак. Командовать или подчиняться (24 этаж)
/4 (отдана) Джефф Сазерленд. SCRUM
/5 Девид Аллен. Как привести дела в порядок (25 этаж)
/6 Эрик Рис. Бизнес с нуля (24 этаж)
/7 (отдана) Ицхак Адизес. Идеальный руководитель
/8 Ицхак Адизес. Развитие лидеров (25 этаж)
/9 Олег Тиньков. Я такой как все (25 этаж)
/10 (отдана) Олег Тиньков. Я такой как все
/11 (отдана) Ф.Брукс. Мифический человеко-месяц
/12 (отдана) Г.Кеннеди. Договориться можно обо всем
/13 Эдуард Френкель. Любовь и математика (24 этаж)
/14 Stephen Few. Information dashboard design (24 этаж)
/15 (отдана) Джин Желязны. Говори на языке диаграм
/16 Essetial Kanban Condensed (24 этаж)
/17 Хенрик Книберг. Scrum и XP: заметки с передовой (24 этаж)
/18 Генри Форд. Моя жизнь, мои достижения (24 этаж)
/19 (отдана) Олег Тиньков. Как стать бизнесменом
/20 В.Чан Ким, Рене Моборн. Стратегия голубого океана (24 этаж)
/21 (отдана) Роман Пихлер. Управление продуктом в SCRUM
/22 Бретт Кинг. Банк 3.0 (24 этаж)
/23 Фредерик Лалу. Открывая организации будущего (25 этаж)
/24 Максим Богатырев. 45 татуировок продавана (24 этаж)
/25 Максим Богатырев. 45 татуировок менеджера (24 этаж)
/26 Ицхак Адизес. Управление жизненным циклом корпорации (25 этаж)
/27 Майкл Кон. Пользовательские истории (24 этаж)
/28 (отдана) Саймон Синек. Начни с вопроса "Почему?"
/29 (отдана) Эрик Берн. Игры, в которые играют люди. Люди, которые играют в игры
/30 Т.Драйзер. Финансист (24 этаж)
/31 Стивен Кови. 7 навыков высокоэффективных людей (25 этаж)
/32 Э.Лефевр. Воспоминания биржевого спекулянта (24 этаж)
/33 Искусство системного мышления (24 этаж)
/34 Ричард Брэнсон. Теряя невинность (24 этаж)
/35 (отдана) Том Демарко. Deadline
/36 (отдана) М.Зыгарь. Вся кремлевская рать
/37 Р.Чалдини. Психология влияния (24 этаж)
/38 (отдана) Эльяху Голдрат. Цель
/39 Джин Желязны. Бизнес презентация (25 этаж)
/40 (отдана) Барбара Минто. Принцип пирамиды Минто
/41 Итан Расиел. Инструменты McKinsey (25 этаж)
/42 Девид Батлер. Проектируя бизнес (24 этаж)
/43 Трофейная :) Владимир Шахиджанян. КомпьютЕрики шутят (24 этаж)
" 
