2017-05-31 08:47:12.452183 name="Блумчик" surname="None" id=134247673 text="/list" answer="Список книг:
/1 (отдана) Алистер Коберн. Современные методы описания функциональных требований к системам
/2 Глеб Архангельский. Тайм-драйв (24 этаж)
/3 Михаил Литвак. Командовать или подчиняться (24 этаж)
/4 (отдана) Джефф Сазерленд. SCRUM
/5 Девид Аллен. Как привести дела в порядок (25 этаж)
/6 Эрик Рис. Бизнес с нуля (24 этаж)
/7 Ицхак Адизес. Идеальный руководитель (24 этаж)
/8 Ицхак Адизес. Развитие лидеров (25 этаж)
/9 Олег Тиньков. Я такой как все (25 этаж)
/10 (отдана) Олег Тиньков. Я такой как все
/11 (отдана) Ф.Брукс. Мифический человеко-месяц
/12 (отдана) Г.Кеннеди. Договориться можно обо всем
/13 (отдана) Эдуард Френкель. Любовь и математика
/14 Stephen Few. Information dashboard design (24 этаж)
/15 (отдана) Джин Желязны. Говори на языке диаграм
/16 Essetial Kanban Condensed (24 этаж)
/17 Хенрик Книберг. Scrum и XP: заметки с передовой (24 этаж)
/18 Генри Форд. Моя жизнь, мои достижения (24 этаж)
/19 (отдана) Олег Тиньков. Как стать бизнесменом
/20 В.Чан Ким, Рене Моборн. Стратегия голубого океана (24 этаж)
/21 (отдана) Роман Пихлер. Управление продуктом в SCRUM
/22 Бретт Кинг. Банк 3.0 (24 этаж)
/23 Фредерик Лалу. Открывая организации будущего (25 этаж)
/24 Максим Богатырев. 45 татуировок продавана (24 этаж)
/25 (отдана) Максим Богатырев. 45 татуировок менеджера
/26 Ицхак Адизес. Управление жизненным циклом корпорации (25 этаж)
/27 Майкл Кон. Пользовательские истории (24 этаж)
/28 (отдана) Саймон Синек. Начни с вопроса "Почему?"
/29 (отдана) Эрик Берн. Игры, в которые играют люди. Люди, которые играют в игры
/30 Т.Драйзер. Финансист (24 этаж)
/31 Стивен Кови. 7 навыков высокоэффективных людей (25 этаж)
/32 Э.Лефевр. Воспоминания биржевого спекулянта (24 этаж)
/33 Искусство системного мышления (24 этаж)
/34 Ричард Брэнсон. Теряя невинность (24 этаж)
/35 Том Демарко. Deadline (25 этаж)
/36 (отдана) М.Зыгарь. Вся кремлевская рать
/37 Р.Чалдини. Психология влияния (24 этаж)
/38 (отдана) Эльяху Голдрат. Цель
/39 Джин Желязны. Бизнес презентация (25 этаж)
/40 (отдана) Барбара Минто. Принцип пирамиды Минто
/41 Итан Расиел. Инструменты McKinsey (24 этаж)
/42 Девид Батлер. Проектируя бизнес (24 этаж)
/43 Трофейная :) Владимир Шахиджанян. КомпьютЕрики шутят (24 этаж)
" 
