2017-05-15 08:42:23.151903 name="Vitaliy" surname="Arzumanyan" id=81593382 text="А" answer="У меня все хорошо" 
2017-05-15 10:48:57.128780 name="Dmitry" surname="Coolerov" id=134894472 text="/list" answer="Список книг:
/1 (отдана) Алистер Коберн. Современные методы описания функциональных требований к системам
/2 Глеб Архангельский. Тайм-драйв (24 этаж)
/3 Михаил Литвак. Командовать или подчиняться (24 этаж)
/4 (отдана) Джефф Сазерленд. SCRUM
/5 Девид Аллен. Как привести дела в порядок (25 этаж)
/6 Эрик Рис. Бизнес с нуля (24 этаж)
/7 (отдана) Ицхак Адизес. Идеальный руководитель
/8 Ицхак Адизес. Развитие лидеров (25 этаж)
/9 Олег Тиньков. Я такой как все (25 этаж)
/10 Олег Тиньков. Я такой как все (24 этаж)
/11 Ф.Брукс. Мифический человеко-месяц (24 этаж)
/12 (отдана) Г.Кеннеди. Договориться можно обо всем
/13 Эдуард Френкель. Любовь и математика (24 этаж)
/14 Stephen Few. Information dashboard design (24 этаж)
/15 (отдана) Джин Желязны. Говори на языке диаграм
/16 Essetial Kanban Condensed (24 этаж)
/17 (отдана) Хенрик Книберг. Scrum и XP: заметки с передовой
/18 Генри Форд. Моя жизнь, мои достижения (24 этаж)
/19 Олег Тиньков. Как стать бизнесменом (24 этаж)
/20 В.Чан Ким, Рене Моборн. Стратегия голубого океана (24 этаж)
/21 (отдана) Роман Пихлер. Управление продуктом в SCRUM
/22 Бретт Кинг. Банк 3.0 (24 этаж)
/23 Фредерик Лалу. Открывая организации будущего (25 этаж)
/24 Максим Богатырев. 45 татуировок продавана (24 этаж)
/25 Максим Богатырев. 45 татуировок менеджера (24 этаж)
/26 Ицхак Адизес. Управление жизненным циклом корпорации (25 этаж)
/27 Майкл Кон. Пользовательские истории (24 этаж)
/28 (отдана) Саймон Синек. Начни с вопроса "Почему?"
/29 Эрик Берн. Игры, в которые играют люди. Люди, которые играют в игры (24 этаж)
/30 Т.Драйзер. Финансист (24 этаж)
/31 Стивен Кови. 7 навыков высокоэффективных людей (25 этаж)
/32 Э.Лефевр. Воспоминания биржевого спекулянта (24 этаж)
/33 Искусство системного мышления (24 этаж)
/34 (отдана) Ричард Брэнсон. Теряя невинность
/35 (отдана) Том Демарко. Deadline
/36 (отдана) М.Зыгарь. Вся кремлевская рать
/37 Р.Чалдини. Психология влияния (24 этаж)
/38 (отдана) Эльяху Голдрат. Цель
/39 Джин Желязны. Бизнес презентация (25 этаж)
/40 (отдана) Барбара Минто. Принцип пирамиды Минто
/41 Итан Расиел. Инструменты McKinsey (25 этаж)
" 
2017-05-15 15:18:18.943620 name="Aleksey" surname="Reznitskiy" id=224225999 text="/return 21" answer="Скажи номер книги, которую возвращаешь" 
2017-05-15 15:18:33.810102 name="Aleksey" surname="Reznitskiy" id=224225999 text="/return 21" answer="Скажи номер книги, которую возвращаешь" 
2017-05-15 15:18:33.960806 name="Aleksey" surname="Reznitskiy" id=224225999 text="/return 21" answer="Извини, непонятный номер книги :(" 
2017-05-15 15:18:37.467726 name="Aleksey" surname="Reznitskiy" id=224225999 text="21" answer="!no answer" 
2017-05-15 15:18:37.531463 name="Aleksey" surname="Reznitskiy" id=224225999 text="21" answer="Скажи полку, на которую поставить книгу" 
2017-05-15 15:18:40.134751 name="Aleksey" surname="Reznitskiy" id=224225999 text="/2" answer="Ты выбрал книгу - что с ней делать?" 
2017-05-15 15:18:40.153496 name="Aleksey" surname="Reznitskiy" id=224225999 text="/2" answer="Отлично, книга номер 21 вернулась на полку. Спасибо!" 
2017-05-15 15:18:48.966965 name="Aleksey" surname="Reznitskiy" id=224225999 text="Почитать описание" answer="!no answer" 
2017-05-15 15:18:49.031745 name="Aleksey" surname="Reznitskiy" id=224225999 text="Почитать описание" answer="Глеб Архангельский. Тайм-драйв

Как успевать жить и работать http://www.mann-ivanov-ferber.ru/books/mif/005/" 
