2017-05-29 07:22:47.889711 name="Vladislav" surname="Koroteev" id=98389790 text="/36" answer="Ты выбрал книгу - что с ней делать?" 
2017-05-29 07:22:53.202677 name="Vladislav" surname="Koroteev" id=98389790 text="Положить" answer="!no answer" 
2017-05-29 07:22:53.263505 name="Vladislav" surname="Koroteev" id=98389790 text="Положить" answer="Скажи полку, на которую поставить книгу" 
2017-05-29 07:22:56.093824 name="Vladislav" surname="Koroteev" id=98389790 text="25 этаж" answer="!no answer" 
2017-05-29 07:22:56.218390 name="Vladislav" surname="Koroteev" id=98389790 text="25 этаж" answer="Отлично, книга номер 36 вернулась на полку. Спасибо!" 
2017-05-29 07:23:00.083990 name="Dmitry" surname="None" id=41476082 text="/start" answer="Привет! Я бот-библиотекарь в SME.
Скажи мне, какую книжку ты хочешь взять, и я тебя запишу ;)

Пообщаться со мной можно так:
/list - Посмотреть, что лежит на полке
/take - Взять книгу с полки
/return - Вернуть книгу на полку
/n, где n это номер книги - Действия с этой книгой

и, конечно
/help - Список команд" 
2017-05-29 07:23:14.153648 name="Dmitry" surname="None" id=41476082 text="/36" answer="Ты выбрал книгу - что с ней делать?" 
2017-05-29 07:23:24.754887 name="Dmitry" surname="None" id=41476082 text="Взять" answer="!no answer" 
2017-05-29 07:23:24.812130 name="Dmitry" surname="None" id=41476082 text="Взять" answer="Отлично, книга номер 36 теперь у тебя" 
2017-05-29 07:23:41.518427 name="Dmitry" surname="None" id=41476082 text="/list" answer="Список книг:
/1 (отдана) Алистер Коберн. Современные методы описания функциональных требований к системам
/2 Глеб Архангельский. Тайм-драйв (24 этаж)
/3 Михаил Литвак. Командовать или подчиняться (24 этаж)
/4 (отдана) Джефф Сазерленд. SCRUM
/5 Девид Аллен. Как привести дела в порядок (25 этаж)
/6 Эрик Рис. Бизнес с нуля (24 этаж)
/7 (отдана) Ицхак Адизес. Идеальный руководитель
/8 Ицхак Адизес. Развитие лидеров (25 этаж)
/9 Олег Тиньков. Я такой как все (25 этаж)
/10 (отдана) Олег Тиньков. Я такой как все
/11 (отдана) Ф.Брукс. Мифический человеко-месяц
/12 (отдана) Г.Кеннеди. Договориться можно обо всем
/13 Эдуард Френкель. Любовь и математика (24 этаж)
/14 Stephen Few. Information dashboard design (24 этаж)
/15 (отдана) Джин Желязны. Говори на языке диаграм
/16 Essetial Kanban Condensed (24 этаж)
/17 Хенрик Книберг. Scrum и XP: заметки с передовой (24 этаж)
/18 Генри Форд. Моя жизнь, мои достижения (24 этаж)
/19 (отдана) Олег Тиньков. Как стать бизнесменом
/20 В.Чан Ким, Рене Моборн. Стратегия голубого океана (24 этаж)
/21 (отдана) Роман Пихлер. Управление продуктом в SCRUM
/22 Бретт Кинг. Банк 3.0 (24 этаж)
/23 Фредерик Лалу. Открывая организации будущего (25 этаж)
/24 Максим Богатырев. 45 татуировок продавана (24 этаж)
/25 Максим Богатырев. 45 татуировок менеджера (24 этаж)
/26 Ицхак Адизес. Управление жизненным циклом корпорации (25 этаж)
/27 Майкл Кон. Пользовательские истории (24 этаж)
/28 (отдана) Саймон Синек. Начни с вопроса "Почему?"
/29 (отдана) Эрик Берн. Игры, в которые играют люди. Люди, которые играют в игры
/30 Т.Драйзер. Финансист (24 этаж)
/31 Стивен Кови. 7 навыков высокоэффективных людей (25 этаж)
/32 Э.Лефевр. Воспоминания биржевого спекулянта (24 этаж)
/33 Искусство системного мышления (24 этаж)
/34 Ричард Брэнсон. Теряя невинность (24 этаж)
/35 (отдана) Том Демарко. Deadline
/36 (отдана) М.Зыгарь. Вся кремлевская рать
/37 Р.Чалдини. Психология влияния (24 этаж)
/38 (отдана) Эльяху Голдрат. Цель
/39 Джин Желязны. Бизнес презентация (25 этаж)
/40 (отдана) Барбара Минто. Принцип пирамиды Минто
/41 Итан Расиел. Инструменты McKinsey (25 этаж)
/42 Девид Батлер. Проектируя бизнес (24 этаж)
/43 Трофейная :) Владимир Шахиджанян. КомпьютЕрики шутят (24 этаж)
" 
2017-05-29 12:44:08.883193 name="Dmitry" surname="Tomin" id=112237516 text="/list" answer="Список книг:
/1 (отдана) Алистер Коберн. Современные методы описания функциональных требований к системам
/2 Глеб Архангельский. Тайм-драйв (24 этаж)
/3 Михаил Литвак. Командовать или подчиняться (24 этаж)
/4 (отдана) Джефф Сазерленд. SCRUM
/5 Девид Аллен. Как привести дела в порядок (25 этаж)
/6 Эрик Рис. Бизнес с нуля (24 этаж)
/7 (отдана) Ицхак Адизес. Идеальный руководитель
/8 Ицхак Адизес. Развитие лидеров (25 этаж)
/9 Олег Тиньков. Я такой как все (25 этаж)
/10 (отдана) Олег Тиньков. Я такой как все
/11 (отдана) Ф.Брукс. Мифический человеко-месяц
/12 (отдана) Г.Кеннеди. Договориться можно обо всем
/13 Эдуард Френкель. Любовь и математика (24 этаж)
/14 Stephen Few. Information dashboard design (24 этаж)
/15 (отдана) Джин Желязны. Говори на языке диаграм
/16 Essetial Kanban Condensed (24 этаж)
/17 Хенрик Книберг. Scrum и XP: заметки с передовой (24 этаж)
/18 Генри Форд. Моя жизнь, мои достижения (24 этаж)
/19 (отдана) Олег Тиньков. Как стать бизнесменом
/20 В.Чан Ким, Рене Моборн. Стратегия голубого океана (24 этаж)
/21 (отдана) Роман Пихлер. Управление продуктом в SCRUM
/22 Бретт Кинг. Банк 3.0 (24 этаж)
/23 Фредерик Лалу. Открывая организации будущего (25 этаж)
/24 Максим Богатырев. 45 татуировок продавана (24 этаж)
/25 Максим Богатырев. 45 татуировок менеджера (24 этаж)
/26 Ицхак Адизес. Управление жизненным циклом корпорации (25 этаж)
/27 Майкл Кон. Пользовательские истории (24 этаж)
/28 (отдана) Саймон Синек. Начни с вопроса "Почему?"
/29 (отдана) Эрик Берн. Игры, в которые играют люди. Люди, которые играют в игры
/30 Т.Драйзер. Финансист (24 этаж)
/31 Стивен Кови. 7 навыков высокоэффективных людей (25 этаж)
/32 Э.Лефевр. Воспоминания биржевого спекулянта (24 этаж)
/33 Искусство системного мышления (24 этаж)
/34 Ричард Брэнсон. Теряя невинность (24 этаж)
/35 (отдана) Том Демарко. Deadline
/36 (отдана) М.Зыгарь. Вся кремлевская рать
/37 Р.Чалдини. Психология влияния (24 этаж)
/38 (отдана) Эльяху Голдрат. Цель
/39 Джин Желязны. Бизнес презентация (25 этаж)
/40 (отдана) Барбара Минто. Принцип пирамиды Минто
/41 Итан Расиел. Инструменты McKinsey (25 этаж)
/42 Девид Батлер. Проектируя бизнес (24 этаж)
/43 Трофейная :) Владимир Шахиджанян. КомпьютЕрики шутят (24 этаж)
" 
2017-05-29 12:44:18.090599 name="Dmitry" surname="Tomin" id=112237516 text="/7" answer="Ты выбрал книгу - что с ней делать?" 
2017-05-29 12:44:21.489690 name="Dmitry" surname="Tomin" id=112237516 text="Положить" answer="!no answer" 
2017-05-29 12:44:21.550972 name="Dmitry" surname="Tomin" id=112237516 text="Положить" answer="Скажи полку, на которую поставить книгу" 
2017-05-29 12:44:23.848076 name="Dmitry" surname="Tomin" id=112237516 text="24 этаж" answer="!no answer" 
2017-05-29 12:44:23.909116 name="Dmitry" surname="Tomin" id=112237516 text="24 этаж" answer="Отлично, книга номер 7 вернулась на полку. Спасибо!" 
2017-05-29 15:14:01.270408 name="Vitaliy" surname="Arzumanyan" id=81593382 text="/list" answer="Список книг:
/1 (отдана) Алистер Коберн. Современные методы описания функциональных требований к системам
/2 Глеб Архангельский. Тайм-драйв (24 этаж)
/3 Михаил Литвак. Командовать или подчиняться (24 этаж)
/4 (отдана) Джефф Сазерленд. SCRUM
/5 Девид Аллен. Как привести дела в порядок (25 этаж)
/6 Эрик Рис. Бизнес с нуля (24 этаж)
/7 Ицхак Адизес. Идеальный руководитель (24 этаж)
/8 Ицхак Адизес. Развитие лидеров (25 этаж)
/9 Олег Тиньков. Я такой как все (25 этаж)
/10 (отдана) Олег Тиньков. Я такой как все
/11 (отдана) Ф.Брукс. Мифический человеко-месяц
/12 (отдана) Г.Кеннеди. Договориться можно обо всем
/13 Эдуард Френкель. Любовь и математика (24 этаж)
/14 Stephen Few. Information dashboard design (24 этаж)
/15 (отдана) Джин Желязны. Говори на языке диаграм
/16 Essetial Kanban Condensed (24 этаж)
/17 Хенрик Книберг. Scrum и XP: заметки с передовой (24 этаж)
/18 Генри Форд. Моя жизнь, мои достижения (24 этаж)
/19 (отдана) Олег Тиньков. Как стать бизнесменом
/20 В.Чан Ким, Рене Моборн. Стратегия голубого океана (24 этаж)
/21 (отдана) Роман Пихлер. Управление продуктом в SCRUM
/22 Бретт Кинг. Банк 3.0 (24 этаж)
/23 Фредерик Лалу. Открывая организации будущего (25 этаж)
/24 Максим Богатырев. 45 татуировок продавана (24 этаж)
/25 Максим Богатырев. 45 татуировок менеджера (24 этаж)
/26 Ицхак Адизес. Управление жизненным циклом корпорации (25 этаж)
/27 Майкл Кон. Пользовательские истории (24 этаж)
/28 (отдана) Саймон Синек. Начни с вопроса "Почему?"
/29 (отдана) Эрик Берн. Игры, в которые играют люди. Люди, которые играют в игры
/30 Т.Драйзер. Финансист (24 этаж)
/31 Стивен Кови. 7 навыков высокоэффективных людей (25 этаж)
/32 Э.Лефевр. Воспоминания биржевого спекулянта (24 этаж)
/33 Искусство системного мышления (24 этаж)
/34 Ричард Брэнсон. Теряя невинность (24 этаж)
/35 (отдана) Том Демарко. Deadline
/36 (отдана) М.Зыгарь. Вся кремлевская рать
/37 Р.Чалдини. Психология влияния (24 этаж)
/38 (отдана) Эльяху Голдрат. Цель
/39 Джин Желязны. Бизнес презентация (25 этаж)
/40 (отдана) Барбара Минто. Принцип пирамиды Минто
/41 Итан Расиел. Инструменты McKinsey (25 этаж)
/42 Девид Батлер. Проектируя бизнес (24 этаж)
/43 Трофейная :) Владимир Шахиджанян. КомпьютЕрики шутят (24 этаж)
" 
2017-05-29 15:26:31.414397 name="Alexey" surname="Vyazmitinov" id=266537785 text="/start" answer="Привет! Я бот-библиотекарь в SME.
Скажи мне, какую книжку ты хочешь взять, и я тебя запишу ;)

Пообщаться со мной можно так:
/list - Посмотреть, что лежит на полке
/take - Взять книгу с полки
/return - Вернуть книгу на полку
/n, где n это номер книги - Действия с этой книгой

и, конечно
/help - Список команд" 
2017-05-29 15:26:47.192479 name="Kirill" surname="Kochnev" id=34226796 text="/start" answer="Привет! Я бот-библиотекарь в SME.
Скажи мне, какую книжку ты хочешь взять, и я тебя запишу ;)

Пообщаться со мной можно так:
/list - Посмотреть, что лежит на полке
/take - Взять книгу с полки
/return - Вернуть книгу на полку
/n, где n это номер книги - Действия с этой книгой

и, конечно
/help - Список команд" 
2017-05-29 15:28:39.497656 name="Alexey" surname="Vyazmitinov" id=266537785 text="/list" answer="Список книг:
/1 (отдана) Алистер Коберн. Современные методы описания функциональных требований к системам
/2 Глеб Архангельский. Тайм-драйв (24 этаж)
/3 Михаил Литвак. Командовать или подчиняться (24 этаж)
/4 (отдана) Джефф Сазерленд. SCRUM
/5 Девид Аллен. Как привести дела в порядок (25 этаж)
/6 Эрик Рис. Бизнес с нуля (24 этаж)
/7 Ицхак Адизес. Идеальный руководитель (24 этаж)
/8 Ицхак Адизес. Развитие лидеров (25 этаж)
/9 Олег Тиньков. Я такой как все (25 этаж)
/10 (отдана) Олег Тиньков. Я такой как все
/11 (отдана) Ф.Брукс. Мифический человеко-месяц
/12 (отдана) Г.Кеннеди. Договориться можно обо всем
/13 Эдуард Френкель. Любовь и математика (24 этаж)
/14 Stephen Few. Information dashboard design (24 этаж)
/15 (отдана) Джин Желязны. Говори на языке диаграм
/16 Essetial Kanban Condensed (24 этаж)
/17 Хенрик Книберг. Scrum и XP: заметки с передовой (24 этаж)
/18 Генри Форд. Моя жизнь, мои достижения (24 этаж)
/19 (отдана) Олег Тиньков. Как стать бизнесменом
/20 В.Чан Ким, Рене Моборн. Стратегия голубого океана (24 этаж)
/21 (отдана) Роман Пихлер. Управление продуктом в SCRUM
/22 Бретт Кинг. Банк 3.0 (24 этаж)
/23 Фредерик Лалу. Открывая организации будущего (25 этаж)
/24 Максим Богатырев. 45 татуировок продавана (24 этаж)
/25 Максим Богатырев. 45 татуировок менеджера (24 этаж)
/26 Ицхак Адизес. Управление жизненным циклом корпорации (25 этаж)
/27 Майкл Кон. Пользовательские истории (24 этаж)
/28 (отдана) Саймон Синек. Начни с вопроса "Почему?"
/29 (отдана) Эрик Берн. Игры, в которые играют люди. Люди, которые играют в игры
/30 Т.Драйзер. Финансист (24 этаж)
/31 Стивен Кови. 7 навыков высокоэффективных людей (25 этаж)
/32 Э.Лефевр. Воспоминания биржевого спекулянта (24 этаж)
/33 Искусство системного мышления (24 этаж)
/34 Ричард Брэнсон. Теряя невинность (24 этаж)
/35 (отдана) Том Демарко. Deadline
/36 (отдана) М.Зыгарь. Вся кремлевская рать
/37 Р.Чалдини. Психология влияния (24 этаж)
/38 (отдана) Эльяху Голдрат. Цель
/39 Джин Желязны. Бизнес презентация (25 этаж)
/40 (отдана) Барбара Минто. Принцип пирамиды Минто
/41 Итан Расиел. Инструменты McKinsey (25 этаж)
/42 Девид Батлер. Проектируя бизнес (24 этаж)
/43 Трофейная :) Владимир Шахиджанян. КомпьютЕрики шутят (24 этаж)
" 
