2017-05-23 10:31:12.970961 name="Vitaliy" surname="Arzumanyan" id=81593382 text="фвфв" answer="У меня все хорошо" 
2017-05-23 21:51:39.136759 name="Vitaliy" surname="Arzumanyan" id=81593382 text="/list" answer="Список книг:
/1 (отдана) Алистер Коберн. Современные методы описания функциональных требований к системам
/2 Глеб Архангельский. Тайм-драйв (24 этаж)
/3 Михаил Литвак. Командовать или подчиняться (24 этаж)
/4 (отдана) Джефф Сазерленд. SCRUM
/5 Девид Аллен. Как привести дела в порядок (25 этаж)
/6 Эрик Рис. Бизнес с нуля (24 этаж)
/7 (отдана) Ицхак Адизес. Идеальный руководитель
/8 Ицхак Адизес. Развитие лидеров (25 этаж)
/9 Олег Тиньков. Я такой как все (25 этаж)
/10 Олег Тиньков. Я такой как все (24 этаж)
/11 (отдана) Ф.Брукс. Мифический человеко-месяц
/12 (отдана) Г.Кеннеди. Договориться можно обо всем
/13 Эдуард Френкель. Любовь и математика (24 этаж)
/14 Stephen Few. Information dashboard design (24 этаж)
/15 (отдана) Джин Желязны. Говори на языке диаграм
/16 Essetial Kanban Condensed (24 этаж)
/17 Хенрик Книберг. Scrum и XP: заметки с передовой (24 этаж)
/18 Генри Форд. Моя жизнь, мои достижения (24 этаж)
/19 Олег Тиньков. Как стать бизнесменом (24 этаж)
/20 В.Чан Ким, Рене Моборн. Стратегия голубого океана (24 этаж)
/21 (отдана) Роман Пихлер. Управление продуктом в SCRUM
/22 Бретт Кинг. Банк 3.0 (24 этаж)
/23 Фредерик Лалу. Открывая организации будущего (25 этаж)
/24 Максим Богатырев. 45 татуировок продавана (24 этаж)
/25 Максим Богатырев. 45 татуировок менеджера (24 этаж)
/26 Ицхак Адизес. Управление жизненным циклом корпорации (25 этаж)
/27 Майкл Кон. Пользовательские истории (24 этаж)
/28 (отдана) Саймон Синек. Начни с вопроса "Почему?"
/29 (отдана) Эрик Берн. Игры, в которые играют люди. Люди, которые играют в игры
/30 Т.Драйзер. Финансист (24 этаж)
/31 Стивен Кови. 7 навыков высокоэффективных людей (25 этаж)
/32 Э.Лефевр. Воспоминания биржевого спекулянта (24 этаж)
/33 Искусство системного мышления (24 этаж)
/34 (отдана) Ричард Брэнсон. Теряя невинность
/35 (отдана) Том Демарко. Deadline
/36 (отдана) М.Зыгарь. Вся кремлевская рать
/37 Р.Чалдини. Психология влияния (24 этаж)
/38 (отдана) Эльяху Голдрат. Цель
/39 Джин Желязны. Бизнес презентация (25 этаж)
/40 (отдана) Барбара Минто. Принцип пирамиды Минто
/41 Итан Расиел. Инструменты McKinsey (25 этаж)
" 
2017-05-23 21:51:44.477361 name="Vitaliy" surname="Arzumanyan" id=81593382 text=")?!" answer="У меня все хорошо" 
