2016-12-16 23:04:59.628332 name="Vitaliy" surname="None" id=81593382 text="hello" answer="!no answer" 
2016-12-16 23:24:17.924759 name="Vitaliy" surname="None" id=81593382 text="Ping" answer="!no answer" 
2016-12-16 23:37:41.830914 name="Vitaliy" surname="None" id=81593382 text="Ну пинг" answer="!no answer" 
2016-12-16 23:37:43.911151 name="Vitaliy" surname="None" id=81593382 text="Ну чо ты" answer="!no answer" 
2016-12-16 23:37:51.034378 name="Vitaliy" surname="None" id=81593382 text="/help" answer="Напоминаю:
/take - Взять книгу с полки
/return - Вернуть книгу на полку
/list - Посмотреть, что лежит на полке

/help - Список команд" 
2016-12-16 23:37:55.468338 name="Vitaliy" surname="None" id=81593382 text="Ооо" answer="!no answer" 
2016-12-16 23:37:57.148213 name="Vitaliy" surname="None" id=81593382 text="/list" answer="Список книг:
/1 :  (отдана) Алистер Коберн. Современные методы описания функциональных требований к системам
/2 : Глеб Архангельский. Тайм-драйв
/3 :  (отдана) Михаил Литвак. Командовать или подчиняться
/4 : Джефф Сазерленд. SCRUM
/5 : Девид Аллен. Как привести дела в порядок
/6 : Эрик Рис. Бизнес с нуля
/7 : Ицхак Адизес. Идеальный руководитель
/8 : Ицхак Адизес. Развитие лидеров
/9 : Олег Тиньков. Я такой как все
/10 :  (отдана) Олег Тиньков. Я такой как все
/11 : Ф.Брукс. Мифический человеко-месяц
/12 :  (отдана) Г.Кеннеди. Договориться можно обо всем
/13 : Эдуард Френкель. Любовь и математика
/14 : Stephen Few. Information dashboard design
/15 : Джин Желязны. Говори на языке диаграм
" 
2016-12-16 23:38:00.647122 name="Vitaliy" surname="None" id=81593382 text="/15" answer="Ты выбрал книгу - что с ней делать?" 
2016-12-16 23:38:01.853738 name="Vitaliy" surname="None" id=81593382 text="Почитать описание" answer="!no answer" 
2016-12-16 23:38:02.151886 name="Vitaliy" surname="None" id=81593382 text="Почитать описание" answer="Джин Желязны. Говори на языке диаграм
 Пособие по визуальным коммуникациям http://www.mann-ivanov-ferber.ru/books/mif/026/ 
P.S. Эта книга на полке букшеринга, то есть принадлежит кому-то из команды" 
2016-12-16 23:41:19.213443 name="Vitaliy" surname="None" id=81593382 text="Привет" answer="У меня все хорошо" 
2016-12-16 23:41:40.379205 name="Vitaliy" surname="None" id=81593382 text="Ты глупый" answer="Это не мешает мне прекрасно справляться с моей работой!:)" 
2016-12-16 23:41:40.712739 name="Vitaliy" surname="None" id=81593382 text="Ты глупый" answer="У меня все хорошо" 
