2017-04-24 04:58:09.820101 name="Vitaliy" surname="Arzumanyan" id=81593382 text="/list" answer="Список книг:
/1 (отдана) Алистер Коберн. Современные методы описания функциональных требований к системам
/2 Глеб Архангельский. Тайм-драйв (24 этаж)
/3 Михаил Литвак. Командовать или подчиняться (24 этаж)
/4 (отдана) Джефф Сазерленд. SCRUM
/5 Девид Аллен. Как привести дела в порядок (25 этаж)
/6 Эрик Рис. Бизнес с нуля (24 этаж)
/7 (отдана) Ицхак Адизес. Идеальный руководитель
/8 Ицхак Адизес. Развитие лидеров (25 этаж)
/9 Олег Тиньков. Я такой как все (25 этаж)
/10 Олег Тиньков. Я такой как все (24 этаж)
/11 Ф.Брукс. Мифический человеко-месяц (24 этаж)
/12 Г.Кеннеди. Договориться можно обо всем (25 этаж)
/13 Эдуард Френкель. Любовь и математика (24 этаж)
/14 Stephen Few. Information dashboard design (24 этаж)
/15 (отдана) Джин Желязны. Говори на языке диаграм
/16 Essetial Kanban Condensed (24 этаж)
/17 Хенрик Книберг. Scrum и XP: заметки с передовой (24 этаж)
/18 Генри Форд. Моя жизнь, мои достижения (24 этаж)
/19 Олег Тиньков. Как стать бизнесменом (24 этаж)
/20 (отдана) В.Чан Ким, Рене Моборн. Стратегия голубого океана
/21 Роман Пихлер. Управление продуктом в SCRUM (24 этаж)
/22 Бретт Кинг. Банк 3.0 (24 этаж)
/23 Фредерик Лалу. Открывая организации будущего (25 этаж)
/24 Максим Богатырев. 45 татуировок продавана (24 этаж)
/25 Максим Богатырев. 45 татуировок менеджера (24 этаж)
/26 Ицхак Адизес. Управление жизненным циклом корпорации (25 этаж)
/27 Майкл Кон. Пользовательские истории (24 этаж)
/28 (отдана) Саймон Синек. Начни с вопроса "Почему?"
/29 Эрик Берн. Игры, в которые играют люди. Люди, которые играют в игры (24 этаж)
/30 Т.Драйзер. Финансист (24 этаж)
/31 Стивен Кови. 7 навыков высокоэффективных людей (25 этаж)
/32 Э.Лефевр. Воспоминания биржевого спекулянта (24 этаж)
/33 Искусство системного мышления (24 этаж)
/34 (отдана) Ричард Брэнсон. Теряя невинность
/35 Том Демарко. Deadline (25 этаж)
/36 М.Зыгарь. Вся кремлевская рать (24 этаж)
/37 Р.Чалдини. Психология влияния (24 этаж)
/38 (отдана) Эльяху Голдрат. Цель
" 
2017-04-24 13:46:25.393157 name="Damir" surname="Sh" id=114701593 text="/start" answer="Привет! Я бот-библиотекарь в SME.
Скажи мне, какую книжку ты хочешь взять, и я тебя запишу ;)

Пообщаться со мной можно так:
/list - Посмотреть, что лежит на полке
/take - Взять книгу с полки
/return - Вернуть книгу на полку
/n, где n это номер книги - Действия с этой книгой

и, конечно
/help - Список команд" 
2017-04-24 13:46:40.137240 name="Damir" surname="Sh" id=114701593 text="/list" answer="Список книг:
/1 (отдана) Алистер Коберн. Современные методы описания функциональных требований к системам
/2 Глеб Архангельский. Тайм-драйв (24 этаж)
/3 Михаил Литвак. Командовать или подчиняться (24 этаж)
/4 (отдана) Джефф Сазерленд. SCRUM
/5 Девид Аллен. Как привести дела в порядок (25 этаж)
/6 Эрик Рис. Бизнес с нуля (24 этаж)
/7 (отдана) Ицхак Адизес. Идеальный руководитель
/8 Ицхак Адизес. Развитие лидеров (25 этаж)
/9 Олег Тиньков. Я такой как все (25 этаж)
/10 Олег Тиньков. Я такой как все (24 этаж)
/11 Ф.Брукс. Мифический человеко-месяц (24 этаж)
/12 Г.Кеннеди. Договориться можно обо всем (25 этаж)
/13 Эдуард Френкель. Любовь и математика (24 этаж)
/14 Stephen Few. Information dashboard design (24 этаж)
/15 (отдана) Джин Желязны. Говори на языке диаграм
/16 Essetial Kanban Condensed (24 этаж)
/17 Хенрик Книберг. Scrum и XP: заметки с передовой (24 этаж)
/18 Генри Форд. Моя жизнь, мои достижения (24 этаж)
/19 Олег Тиньков. Как стать бизнесменом (24 этаж)
/20 (отдана) В.Чан Ким, Рене Моборн. Стратегия голубого океана
/21 Роман Пихлер. Управление продуктом в SCRUM (24 этаж)
/22 Бретт Кинг. Банк 3.0 (24 этаж)
/23 Фредерик Лалу. Открывая организации будущего (25 этаж)
/24 Максим Богатырев. 45 татуировок продавана (24 этаж)
/25 Максим Богатырев. 45 татуировок менеджера (24 этаж)
/26 Ицхак Адизес. Управление жизненным циклом корпорации (25 этаж)
/27 Майкл Кон. Пользовательские истории (24 этаж)
/28 (отдана) Саймон Синек. Начни с вопроса "Почему?"
/29 Эрик Берн. Игры, в которые играют люди. Люди, которые играют в игры (24 этаж)
/30 Т.Драйзер. Финансист (24 этаж)
/31 Стивен Кови. 7 навыков высокоэффективных людей (25 этаж)
/32 Э.Лефевр. Воспоминания биржевого спекулянта (24 этаж)
/33 Искусство системного мышления (24 этаж)
/34 (отдана) Ричард Брэнсон. Теряя невинность
/35 Том Демарко. Deadline (25 этаж)
/36 М.Зыгарь. Вся кремлевская рать (24 этаж)
/37 Р.Чалдини. Психология влияния (24 этаж)
/38 (отдана) Эльяху Голдрат. Цель
" 
2017-04-24 13:46:57.991954 name="Damir" surname="Sh" id=114701593 text="/take" answer="Скажи номер книги, которую хочешь взять" 
2017-04-24 13:47:02.164038 name="Damir" surname="Sh" id=114701593 text="31" answer="!no answer" 
2017-04-24 13:47:02.236762 name="Damir" surname="Sh" id=114701593 text="31" answer="Отлично, книга номер 31 теперь у тебя" 
2017-04-24 13:47:17.736701 name="Damir" surname="Sh" id=114701593 text="/suggest" answer="Круто! Какую книгу хочешь предложить?" 
2017-04-24 13:49:28.029075 name="Damir" surname="Sh" id=114701593 text="Г.Рейнольдс. Презентация в стиле дзен" answer="!no answer" 
2017-04-24 13:49:28.140513 name="Damir" surname="Sh" id=114701593 text="Г.Рейнольдс. Презентация в стиле дзен" answer="Спасибо! Твое пожелание зафиксировано" 
2017-04-24 13:49:28.228154 name="Damir" surname="Sh" id=114701593 text="Г.Рейнольдс. Презентация в стиле дзен" answer="Новое предложение книги: Г.Рейнольдс. Презентация в стиле дзен" 
2017-04-24 14:40:26.216763 name="Igor" surname="Mamaev" id=140594823 text="/start" answer="Привет! Я бот-библиотекарь в SME.
Скажи мне, какую книжку ты хочешь взять, и я тебя запишу ;)

Пообщаться со мной можно так:
/list - Посмотреть, что лежит на полке
/take - Взять книгу с полки
/return - Вернуть книгу на полку
/n, где n это номер книги - Действия с этой книгой

и, конечно
/help - Список команд" 
2017-04-24 14:40:31.350073 name="Igor" surname="Mamaev" id=140594823 text="/list" answer="Список книг:
/1 (отдана) Алистер Коберн. Современные методы описания функциональных требований к системам
/2 Глеб Архангельский. Тайм-драйв (24 этаж)
/3 Михаил Литвак. Командовать или подчиняться (24 этаж)
/4 (отдана) Джефф Сазерленд. SCRUM
/5 Девид Аллен. Как привести дела в порядок (25 этаж)
/6 Эрик Рис. Бизнес с нуля (24 этаж)
/7 (отдана) Ицхак Адизес. Идеальный руководитель
/8 Ицхак Адизес. Развитие лидеров (25 этаж)
/9 Олег Тиньков. Я такой как все (25 этаж)
/10 Олег Тиньков. Я такой как все (24 этаж)
/11 Ф.Брукс. Мифический человеко-месяц (24 этаж)
/12 Г.Кеннеди. Договориться можно обо всем (25 этаж)
/13 Эдуард Френкель. Любовь и математика (24 этаж)
/14 Stephen Few. Information dashboard design (24 этаж)
/15 (отдана) Джин Желязны. Говори на языке диаграм
/16 Essetial Kanban Condensed (24 этаж)
/17 Хенрик Книберг. Scrum и XP: заметки с передовой (24 этаж)
/18 Генри Форд. Моя жизнь, мои достижения (24 этаж)
/19 Олег Тиньков. Как стать бизнесменом (24 этаж)
/20 (отдана) В.Чан Ким, Рене Моборн. Стратегия голубого океана
/21 Роман Пихлер. Управление продуктом в SCRUM (24 этаж)
/22 Бретт Кинг. Банк 3.0 (24 этаж)
/23 Фредерик Лалу. Открывая организации будущего (25 этаж)
/24 Максим Богатырев. 45 татуировок продавана (24 этаж)
/25 Максим Богатырев. 45 татуировок менеджера (24 этаж)
/26 Ицхак Адизес. Управление жизненным циклом корпорации (25 этаж)
/27 Майкл Кон. Пользовательские истории (24 этаж)
/28 (отдана) Саймон Синек. Начни с вопроса "Почему?"
/29 Эрик Берн. Игры, в которые играют люди. Люди, которые играют в игры (24 этаж)
/30 Т.Драйзер. Финансист (24 этаж)
/31 (отдана) Стивен Кови. 7 навыков высокоэффективных людей
/32 Э.Лефевр. Воспоминания биржевого спекулянта (24 этаж)
/33 Искусство системного мышления (24 этаж)
/34 (отдана) Ричард Брэнсон. Теряя невинность
/35 Том Демарко. Deadline (25 этаж)
/36 М.Зыгарь. Вся кремлевская рать (24 этаж)
/37 Р.Чалдини. Психология влияния (24 этаж)
/38 (отдана) Эльяху Голдрат. Цель
" 
2017-04-24 14:40:34.572548 name="Igor" surname="Mamaev" id=140594823 text="/17" answer="Ты выбрал книгу - что с ней делать?" 
2017-04-24 14:40:36.849091 name="Igor" surname="Mamaev" id=140594823 text="Взять" answer="!no answer" 
2017-04-24 14:40:36.909774 name="Igor" surname="Mamaev" id=140594823 text="Взять" answer="Отлично, книга номер 17 теперь у тебя" 
2017-04-24 14:41:06.281380 name="Igor" surname="Mamaev" id=140594823 text="/help" answer="Напоминаю:
/list - Посмотреть, что лежит на полке
/take - Взять книгу с полки
/return - Вернуть книгу на полку
/n, где n это номер книги - Действия с этой книгой. Это самая интересная опция, вызови список и просто ткни на номер книги в начале строки - увидишь, что можно сделать

/help - Список команд" 
2017-04-24 18:14:11.672281 name="Vladislav" surname="Koroteev" id=98389790 text="Рр" answer="!no answer" 
2017-04-24 18:14:23.990716 name="Vladislav" surname="Koroteev" id=98389790 text="/35" answer="Ты выбрал книгу - что с ней делать?" 
2017-04-24 18:14:27.507973 name="Vladislav" surname="Koroteev" id=98389790 text="Почитать описание" answer="!no answer" 
2017-04-24 18:14:27.572944 name="Vladislav" surname="Koroteev" id=98389790 text="Почитать описание" answer="Том Демарко. Deadline

http://www.ozon.ru/context/detail/id/22433706/" 
2017-04-24 18:14:37.508913 name="Vladislav" surname="Koroteev" id=98389790 text="/12" answer="Ты выбрал книгу - что с ней делать?" 
2017-04-24 18:14:38.902829 name="Vladislav" surname="Koroteev" id=98389790 text="Почитать описание" answer="!no answer" 
2017-04-24 18:14:38.960321 name="Vladislav" surname="Koroteev" id=98389790 text="Почитать описание" answer="Г.Кеннеди. Договориться можно обо всем

Как добиваться максимума в любых переговорах https://www.alpinabook.ru/catalog/NegotiationsBusinessCommunication/66435/" 
2017-04-24 18:14:48.261769 name="Vladislav" surname="Koroteev" id=98389790 text="/12" answer="Ты выбрал книгу - что с ней делать?" 
2017-04-24 18:14:53.109576 name="Vladislav" surname="Koroteev" id=98389790 text="Взять" answer="!no answer" 
2017-04-24 18:14:53.176562 name="Vladislav" surname="Koroteev" id=98389790 text="Взять" answer="Отлично, книга номер 12 теперь у тебя" 
