2017-04-20 07:04:58.205911 name="Vitaliy" surname="Arzumanyan" id=81593382 text="/34" answer="Ты выбрал книгу - что с ней делать?" 
2017-04-20 07:04:59.721930 name="Vitaliy" surname="Arzumanyan" id=81593382 text="Положить" answer="У меня все хорошо" 
2017-04-20 07:04:59.852001 name="Vitaliy" surname="Arzumanyan" id=81593382 text="Положить" answer="Скажи полку, на которую поставить книгу" 
2017-04-20 07:05:02.202685 name="Vitaliy" surname="Arzumanyan" id=81593382 text="24 этаж" answer="У меня все хорошо" 
2017-04-20 07:05:02.227678 name="Vitaliy" surname="Arzumanyan" id=81593382 text="24 этаж" answer="Отлично, книга номер 34 вернулась на полку. Спасибо!" 
2017-04-20 07:05:05.787179 name="Vitaliy" surname="Arzumanyan" id=81593382 text="/9" answer="Ты выбрал книгу - что с ней делать?" 
2017-04-20 07:05:08.001263 name="Vitaliy" surname="Arzumanyan" id=81593382 text="Взять" answer="Отлично, книга номер 9 теперь у тебя" 
2017-04-20 07:05:08.017613 name="Vitaliy" surname="Arzumanyan" id=81593382 text="Взять" answer="У меня все хорошо" 
2017-04-20 07:05:12.912238 name="Vitaliy" surname="Arzumanyan" id=81593382 text="/9" answer="Ты выбрал книгу - что с ней делать?" 
2017-04-20 07:05:14.501777 name="Vitaliy" surname="Arzumanyan" id=81593382 text="Положить" answer="У меня все хорошо" 
2017-04-20 07:05:14.534115 name="Vitaliy" surname="Arzumanyan" id=81593382 text="Положить" answer="Скажи полку, на которую поставить книгу" 
2017-04-20 07:05:15.750443 name="Vitaliy" surname="Arzumanyan" id=81593382 text="25 этаж" answer="У меня все хорошо" 
2017-04-20 07:05:15.769391 name="Vitaliy" surname="Arzumanyan" id=81593382 text="25 этаж" answer="Отлично, книга номер 9 вернулась на полку. Спасибо!" 
2017-04-20 07:05:22.001697 name="Vitaliy" surname="Arzumanyan" id=81593382 text="/5" answer="Ты выбрал книгу - что с ней делать?" 
2017-04-20 07:05:23.706285 name="Vitaliy" surname="Arzumanyan" id=81593382 text="Взять" answer="У меня все хорошо" 
2017-04-20 07:05:23.725602 name="Vitaliy" surname="Arzumanyan" id=81593382 text="Взять" answer="Отлично, книга номер 5 теперь у тебя" 
2017-04-20 07:05:26.863132 name="Vitaliy" surname="Arzumanyan" id=81593382 text="/5" answer="Ты выбрал книгу - что с ней делать?" 
2017-04-20 07:05:29.793171 name="Vitaliy" surname="Arzumanyan" id=81593382 text="Положить" answer="У меня все хорошо" 
2017-04-20 07:05:29.817484 name="Vitaliy" surname="Arzumanyan" id=81593382 text="Положить" answer="Скажи полку, на которую поставить книгу" 
2017-04-20 07:05:31.192563 name="Vitaliy" surname="Arzumanyan" id=81593382 text="25 этаж" answer="У меня все хорошо" 
2017-04-20 07:05:31.219897 name="Vitaliy" surname="Arzumanyan" id=81593382 text="25 этаж" answer="Отлично, книга номер 5 вернулась на полку. Спасибо!" 
2017-04-20 07:05:36.708326 name="Vitaliy" surname="Arzumanyan" id=81593382 text="/31" answer="Ты выбрал книгу - что с ней делать?" 
2017-04-20 07:05:38.592461 name="Vitaliy" surname="Arzumanyan" id=81593382 text="Взять" answer="У меня все хорошо" 
2017-04-20 07:05:38.609636 name="Vitaliy" surname="Arzumanyan" id=81593382 text="Взять" answer="Отлично, книга номер 31 теперь у тебя" 
2017-04-20 07:05:40.471218 name="Vitaliy" surname="Arzumanyan" id=81593382 text="/31" answer="Ты выбрал книгу - что с ней делать?" 
2017-04-20 07:05:41.698540 name="Vitaliy" surname="Arzumanyan" id=81593382 text="Положить" answer="У меня все хорошо" 
2017-04-20 07:05:41.726764 name="Vitaliy" surname="Arzumanyan" id=81593382 text="Положить" answer="Скажи полку, на которую поставить книгу" 
2017-04-20 07:05:42.945597 name="Vitaliy" surname="Arzumanyan" id=81593382 text="25 этаж" answer="У меня все хорошо" 
2017-04-20 07:05:42.966031 name="Vitaliy" surname="Arzumanyan" id=81593382 text="25 этаж" answer="Отлично, книга номер 31 вернулась на полку. Спасибо!" 
2017-04-20 07:05:48.014884 name="Vitaliy" surname="Arzumanyan" id=81593382 text="/35" answer="Ты выбрал книгу - что с ней делать?" 
2017-04-20 07:05:49.526882 name="Vitaliy" surname="Arzumanyan" id=81593382 text="Взять" answer="Отлично, книга номер 35 теперь у тебя" 
2017-04-20 07:05:49.541743 name="Vitaliy" surname="Arzumanyan" id=81593382 text="Взять" answer="У меня все хорошо" 
2017-04-20 07:05:51.335743 name="Vitaliy" surname="Arzumanyan" id=81593382 text="/35" answer="Ты выбрал книгу - что с ней делать?" 
2017-04-20 07:05:52.718313 name="Vitaliy" surname="Arzumanyan" id=81593382 text="Положить" answer="У меня все хорошо" 
2017-04-20 07:05:52.747316 name="Vitaliy" surname="Arzumanyan" id=81593382 text="Положить" answer="Скажи полку, на которую поставить книгу" 
2017-04-20 07:05:54.141037 name="Vitaliy" surname="Arzumanyan" id=81593382 text="25 этаж" answer="У меня все хорошо" 
2017-04-20 07:05:54.161577 name="Vitaliy" surname="Arzumanyan" id=81593382 text="25 этаж" answer="Отлично, книга номер 35 вернулась на полку. Спасибо!" 
2017-04-20 07:05:59.591172 name="Vitaliy" surname="Arzumanyan" id=81593382 text="/26" answer="Ты выбрал книгу - что с ней делать?" 
2017-04-20 07:06:01.495580 name="Vitaliy" surname="Arzumanyan" id=81593382 text="Взять" answer="Отлично, книга номер 26 теперь у тебя" 
2017-04-20 07:06:01.542443 name="Vitaliy" surname="Arzumanyan" id=81593382 text="Взять" answer="У меня все хорошо" 
2017-04-20 07:06:04.598153 name="Vitaliy" surname="Arzumanyan" id=81593382 text="/26" answer="Ты выбрал книгу - что с ней делать?" 
2017-04-20 07:06:05.948313 name="Vitaliy" surname="Arzumanyan" id=81593382 text="Положить" answer="У меня все хорошо" 
2017-04-20 07:06:05.966761 name="Vitaliy" surname="Arzumanyan" id=81593382 text="Положить" answer="Скажи полку, на которую поставить книгу" 
2017-04-20 07:06:07.376985 name="Vitaliy" surname="Arzumanyan" id=81593382 text="25 этаж" answer="У меня все хорошо" 
2017-04-20 07:06:07.460511 name="Vitaliy" surname="Arzumanyan" id=81593382 text="25 этаж" answer="Отлично, книга номер 26 вернулась на полку. Спасибо!" 
2017-04-20 07:06:13.642533 name="Vitaliy" surname="Arzumanyan" id=81593382 text="/23" answer="Ты выбрал книгу - что с ней делать?" 
2017-04-20 07:06:14.936605 name="Vitaliy" surname="Arzumanyan" id=81593382 text="Положить" answer="У меня все хорошо" 
2017-04-20 07:06:14.972577 name="Vitaliy" surname="Arzumanyan" id=81593382 text="Положить" answer="Скажи полку, на которую поставить книгу" 
2017-04-20 07:06:17.989957 name="Vitaliy" surname="Arzumanyan" id=81593382 text="25 этаж" answer="Кажется, эта книга уже на полке" 
2017-04-20 07:06:18.015012 name="Vitaliy" surname="Arzumanyan" id=81593382 text="25 этаж" answer="У меня все хорошо" 
2017-04-20 07:06:20.994795 name="Vitaliy" surname="Arzumanyan" id=81593382 text="/23" answer="Ты выбрал книгу - что с ней делать?" 
2017-04-20 07:06:22.308133 name="Vitaliy" surname="Arzumanyan" id=81593382 text="Взять" answer="У меня все хорошо" 
2017-04-20 07:06:22.334857 name="Vitaliy" surname="Arzumanyan" id=81593382 text="Взять" answer="Отлично, книга номер 23 теперь у тебя" 
2017-04-20 07:06:23.893315 name="Vitaliy" surname="Arzumanyan" id=81593382 text="/23" answer="Ты выбрал книгу - что с ней делать?" 
2017-04-20 07:06:25.307339 name="Vitaliy" surname="Arzumanyan" id=81593382 text="Положить" answer="У меня все хорошо" 
2017-04-20 07:06:25.329885 name="Vitaliy" surname="Arzumanyan" id=81593382 text="Положить" answer="Скажи полку, на которую поставить книгу" 
2017-04-20 07:06:26.772011 name="Vitaliy" surname="Arzumanyan" id=81593382 text="25 этаж" answer="У меня все хорошо" 
2017-04-20 07:06:26.789992 name="Vitaliy" surname="Arzumanyan" id=81593382 text="25 этаж" answer="Отлично, книга номер 23 вернулась на полку. Спасибо!" 
2017-04-20 07:06:30.931112 name="Vitaliy" surname="Arzumanyan" id=81593382 text="/8" answer="Ты выбрал книгу - что с ней делать?" 
2017-04-20 07:06:32.195119 name="Vitaliy" surname="Arzumanyan" id=81593382 text="Взять" answer="У меня все хорошо" 
2017-04-20 07:06:32.217048 name="Vitaliy" surname="Arzumanyan" id=81593382 text="Взять" answer="Отлично, книга номер 8 теперь у тебя" 
2017-04-20 07:06:33.720794 name="Vitaliy" surname="Arzumanyan" id=81593382 text="/8" answer="Ты выбрал книгу - что с ней делать?" 
2017-04-20 07:06:34.856473 name="Vitaliy" surname="Arzumanyan" id=81593382 text="Положить" answer="У меня все хорошо" 
2017-04-20 07:06:34.872504 name="Vitaliy" surname="Arzumanyan" id=81593382 text="Положить" answer="Скажи полку, на которую поставить книгу" 
2017-04-20 07:06:36.304080 name="Vitaliy" surname="Arzumanyan" id=81593382 text="25 этаж" answer="У меня все хорошо" 
2017-04-20 07:06:36.332422 name="Vitaliy" surname="Arzumanyan" id=81593382 text="25 этаж" answer="Отлично, книга номер 8 вернулась на полку. Спасибо!" 
2017-04-20 07:06:41.076003 name="Vitaliy" surname="Arzumanyan" id=81593382 text="/12" answer="Ты выбрал книгу - что с ней делать?" 
2017-04-20 07:06:43.117535 name="Vitaliy" surname="Arzumanyan" id=81593382 text="Взять" answer="Отлично, книга номер 12 теперь у тебя" 
2017-04-20 07:06:43.149511 name="Vitaliy" surname="Arzumanyan" id=81593382 text="Взять" answer="У меня все хорошо" 
2017-04-20 07:06:44.767936 name="Vitaliy" surname="Arzumanyan" id=81593382 text="/12" answer="Ты выбрал книгу - что с ней делать?" 
2017-04-20 07:06:46.212232 name="Vitaliy" surname="Arzumanyan" id=81593382 text="Положить" answer="Скажи полку, на которую поставить книгу" 
2017-04-20 07:06:46.235306 name="Vitaliy" surname="Arzumanyan" id=81593382 text="Положить" answer="У меня все хорошо" 
2017-04-20 07:06:47.976031 name="Vitaliy" surname="Arzumanyan" id=81593382 text="25 этаж" answer="У меня все хорошо" 
2017-04-20 07:06:47.995177 name="Vitaliy" surname="Arzumanyan" id=81593382 text="25 этаж" answer="Отлично, книга номер 12 вернулась на полку. Спасибо!" 
2017-04-20 07:06:53.518260 name="Vitaliy" surname="Arzumanyan" id=81593382 text="/34" answer="Ты выбрал книгу - что с ней делать?" 
2017-04-20 07:06:54.940985 name="Vitaliy" surname="Arzumanyan" id=81593382 text="Взять" answer="У меня все хорошо" 
2017-04-20 07:06:54.966277 name="Vitaliy" surname="Arzumanyan" id=81593382 text="Взять" answer="Отлично, книга номер 34 теперь у тебя" 
2017-04-20 08:04:15.421769 name="Serj" surname="Boishtyan" id=104432620 text="/start" answer="Привет! Я бот-библиотекарь в SME.
Скажи мне, какую книжку ты хочешь взять, и я тебя запишу ;)

Пообщаться со мной можно так:
/list - Посмотреть, что лежит на полке
/take - Взять книгу с полки
/return - Вернуть книгу на полку
/n, где n это номер книги - Действия с этой книгой

и, конечно
/help - Список команд" 
2017-04-20 08:04:22.721504 name="Serj" surname="Boishtyan" id=104432620 text="/list" answer="Список книг:
/1 (отдана) Алистер Коберн. Современные методы описания функциональных требований к системам
/2 Глеб Архангельский. Тайм-драйв (24 этаж)
/3 Михаил Литвак. Командовать или подчиняться (24 этаж)
/4 (отдана) Джефф Сазерленд. SCRUM
/5 Девид Аллен. Как привести дела в порядок (25 этаж)
/6 Эрик Рис. Бизнес с нуля (24 этаж)
/7 (отдана) Ицхак Адизес. Идеальный руководитель
/8 Ицхак Адизес. Развитие лидеров (25 этаж)
/9 Олег Тиньков. Я такой как все (25 этаж)
/10 Олег Тиньков. Я такой как все (24 этаж)
/11 Ф.Брукс. Мифический человеко-месяц (24 этаж)
/12 Г.Кеннеди. Договориться можно обо всем (25 этаж)
/13 Эдуард Френкель. Любовь и математика (24 этаж)
/14 Stephen Few. Information dashboard design (24 этаж)
/15 (отдана) Джин Желязны. Говори на языке диаграм
/16 Essetial Kanban Condensed (24 этаж)
/17 Хенрик Книберг. Scrum и XP: заметки с передовой (24 этаж)
/18 Генри Форд. Моя жизнь, мои достижения (24 этаж)
/19 Олег Тиньков. Как стать бизнесменом (24 этаж)
/20 (отдана) В.Чан Ким, Рене Моборн. Стратегия голубого океана
/21 Роман Пихлер. Управление продуктом в SCRUM (24 этаж)
/22 Бретт Кинг. Банк 3.0 (24 этаж)
/23 Фредерик Лалу. Открывая организации будущего (25 этаж)
/24 Максим Богатырев. 45 татуировок продавана (24 этаж)
/25 Максим Богатырев. 45 татуировок менеджера (24 этаж)
/26 Ицхак Адизес. Управление жизненным циклом корпорации (25 этаж)
/27 Майкл Кон. Пользовательские истории (24 этаж)
/28 (отдана) Саймон Синек. Начни с вопроса "Почему?"
/29 Эрик Берн. Игры, в которые играют люди. Люди, которые играют в игры (24 этаж)
/30 Т.Драйзер. Финансист (24 этаж)
/31 Стивен Кови. 7 навыков высокоэффективных людей (25 этаж)
/32 Э.Лефевр. Воспоминания биржевого спекулянта (24 этаж)
/33 Искусство системного мышления (24 этаж)
/34 (отдана) Ричард Брэнсон. Теряя невинность
/35 Том Демарко. Deadline (25 этаж)
/36 М.Зыгарь. Вся кремлевская рать (24 этаж)
/37 Р.Чалдини. Психология влияния (24 этаж)
/38 (отдана) Эльяху Голдрат. Цель
" 
2017-04-20 08:04:49.672508 name="Serj" surname="Boishtyan" id=104432620 text="/help" answer="Напоминаю:
/list - Посмотреть, что лежит на полке
/take - Взять книгу с полки
/return - Вернуть книгу на полку
/n, где n это номер книги - Действия с этой книгой. Это самая интересная опция, вызови список и просто ткни на номер книги в начале строки - увидишь, что можно сделать

/help - Список команд" 
2017-04-20 08:11:50.964838 name="Andrey" surname="Zapletin" id=33983818 text="/start" answer="Привет! Я бот-библиотекарь в SME.
Скажи мне, какую книжку ты хочешь взять, и я тебя запишу ;)

Пообщаться со мной можно так:
/list - Посмотреть, что лежит на полке
/take - Взять книгу с полки
/return - Вернуть книгу на полку
/n, где n это номер книги - Действия с этой книгой

и, конечно
/help - Список команд" 
2017-04-20 08:12:29.797877 name="Andrey" surname="Zapletin" id=33983818 text="/list" answer="Список книг:
/1 (отдана) Алистер Коберн. Современные методы описания функциональных требований к системам
/2 Глеб Архангельский. Тайм-драйв (24 этаж)
/3 Михаил Литвак. Командовать или подчиняться (24 этаж)
/4 (отдана) Джефф Сазерленд. SCRUM
/5 Девид Аллен. Как привести дела в порядок (25 этаж)
/6 Эрик Рис. Бизнес с нуля (24 этаж)
/7 (отдана) Ицхак Адизес. Идеальный руководитель
/8 Ицхак Адизес. Развитие лидеров (25 этаж)
/9 Олег Тиньков. Я такой как все (25 этаж)
/10 Олег Тиньков. Я такой как все (24 этаж)
/11 Ф.Брукс. Мифический человеко-месяц (24 этаж)
/12 Г.Кеннеди. Договориться можно обо всем (25 этаж)
/13 Эдуард Френкель. Любовь и математика (24 этаж)
/14 Stephen Few. Information dashboard design (24 этаж)
/15 (отдана) Джин Желязны. Говори на языке диаграм
/16 Essetial Kanban Condensed (24 этаж)
/17 Хенрик Книберг. Scrum и XP: заметки с передовой (24 этаж)
/18 Генри Форд. Моя жизнь, мои достижения (24 этаж)
/19 Олег Тиньков. Как стать бизнесменом (24 этаж)
/20 (отдана) В.Чан Ким, Рене Моборн. Стратегия голубого океана
/21 Роман Пихлер. Управление продуктом в SCRUM (24 этаж)
/22 Бретт Кинг. Банк 3.0 (24 этаж)
/23 Фредерик Лалу. Открывая организации будущего (25 этаж)
/24 Максим Богатырев. 45 татуировок продавана (24 этаж)
/25 Максим Богатырев. 45 татуировок менеджера (24 этаж)
/26 Ицхак Адизес. Управление жизненным циклом корпорации (25 этаж)
/27 Майкл Кон. Пользовательские истории (24 этаж)
/28 (отдана) Саймон Синек. Начни с вопроса "Почему?"
/29 Эрик Берн. Игры, в которые играют люди. Люди, которые играют в игры (24 этаж)
/30 Т.Драйзер. Финансист (24 этаж)
/31 Стивен Кови. 7 навыков высокоэффективных людей (25 этаж)
/32 Э.Лефевр. Воспоминания биржевого спекулянта (24 этаж)
/33 Искусство системного мышления (24 этаж)
/34 (отдана) Ричард Брэнсон. Теряя невинность
/35 Том Демарко. Deadline (25 этаж)
/36 М.Зыгарь. Вся кремлевская рать (24 этаж)
/37 Р.Чалдини. Психология влияния (24 этаж)
/38 (отдана) Эльяху Голдрат. Цель
" 
2017-04-20 08:16:02.849202 name="Andrew" surname="Stepanov" id=130367884 text="/start" answer="Привет! Я бот-библиотекарь в SME.
Скажи мне, какую книжку ты хочешь взять, и я тебя запишу ;)

Пообщаться со мной можно так:
/list - Посмотреть, что лежит на полке
/take - Взять книгу с полки
/return - Вернуть книгу на полку
/n, где n это номер книги - Действия с этой книгой

и, конечно
/help - Список команд" 
2017-04-20 08:16:19.086615 name="Andrew" surname="Stepanov" id=130367884 text="/list" answer="Список книг:
/1 (отдана) Алистер Коберн. Современные методы описания функциональных требований к системам
/2 Глеб Архангельский. Тайм-драйв (24 этаж)
/3 Михаил Литвак. Командовать или подчиняться (24 этаж)
/4 (отдана) Джефф Сазерленд. SCRUM
/5 Девид Аллен. Как привести дела в порядок (25 этаж)
/6 Эрик Рис. Бизнес с нуля (24 этаж)
/7 (отдана) Ицхак Адизес. Идеальный руководитель
/8 Ицхак Адизес. Развитие лидеров (25 этаж)
/9 Олег Тиньков. Я такой как все (25 этаж)
/10 Олег Тиньков. Я такой как все (24 этаж)
/11 Ф.Брукс. Мифический человеко-месяц (24 этаж)
/12 Г.Кеннеди. Договориться можно обо всем (25 этаж)
/13 Эдуард Френкель. Любовь и математика (24 этаж)
/14 Stephen Few. Information dashboard design (24 этаж)
/15 (отдана) Джин Желязны. Говори на языке диаграм
/16 Essetial Kanban Condensed (24 этаж)
/17 Хенрик Книберг. Scrum и XP: заметки с передовой (24 этаж)
/18 Генри Форд. Моя жизнь, мои достижения (24 этаж)
/19 Олег Тиньков. Как стать бизнесменом (24 этаж)
/20 (отдана) В.Чан Ким, Рене Моборн. Стратегия голубого океана
/21 Роман Пихлер. Управление продуктом в SCRUM (24 этаж)
/22 Бретт Кинг. Банк 3.0 (24 этаж)
/23 Фредерик Лалу. Открывая организации будущего (25 этаж)
/24 Максим Богатырев. 45 татуировок продавана (24 этаж)
/25 Максим Богатырев. 45 татуировок менеджера (24 этаж)
/26 Ицхак Адизес. Управление жизненным циклом корпорации (25 этаж)
/27 Майкл Кон. Пользовательские истории (24 этаж)
/28 (отдана) Саймон Синек. Начни с вопроса "Почему?"
/29 Эрик Берн. Игры, в которые играют люди. Люди, которые играют в игры (24 этаж)
/30 Т.Драйзер. Финансист (24 этаж)
/31 Стивен Кови. 7 навыков высокоэффективных людей (25 этаж)
/32 Э.Лефевр. Воспоминания биржевого спекулянта (24 этаж)
/33 Искусство системного мышления (24 этаж)
/34 (отдана) Ричард Брэнсон. Теряя невинность
/35 Том Демарко. Deadline (25 этаж)
/36 М.Зыгарь. Вся кремлевская рать (24 этаж)
/37 Р.Чалдини. Психология влияния (24 этаж)
/38 (отдана) Эльяху Голдрат. Цель
" 
2017-04-20 08:17:36.898322 name="Mikhail" surname="None" id=172543854 text="/start" answer="Привет! Я бот-библиотекарь в SME.
Скажи мне, какую книжку ты хочешь взять, и я тебя запишу ;)

Пообщаться со мной можно так:
/list - Посмотреть, что лежит на полке
/take - Взять книгу с полки
/return - Вернуть книгу на полку
/n, где n это номер книги - Действия с этой книгой

и, конечно
/help - Список команд" 
2017-04-20 08:18:02.698516 name="Mikhail" surname="None" id=172543854 text="/help" answer="Напоминаю:
/list - Посмотреть, что лежит на полке
/take - Взять книгу с полки
/return - Вернуть книгу на полку
/n, где n это номер книги - Действия с этой книгой. Это самая интересная опция, вызови список и просто ткни на номер книги в начале строки - увидишь, что можно сделать

/help - Список команд" 
2017-04-20 08:18:07.445462 name="Mikhail" surname="None" id=172543854 text="/list" answer="Список книг:
/1 (отдана) Алистер Коберн. Современные методы описания функциональных требований к системам
/2 Глеб Архангельский. Тайм-драйв (24 этаж)
/3 Михаил Литвак. Командовать или подчиняться (24 этаж)
/4 (отдана) Джефф Сазерленд. SCRUM
/5 Девид Аллен. Как привести дела в порядок (25 этаж)
/6 Эрик Рис. Бизнес с нуля (24 этаж)
/7 (отдана) Ицхак Адизес. Идеальный руководитель
/8 Ицхак Адизес. Развитие лидеров (25 этаж)
/9 Олег Тиньков. Я такой как все (25 этаж)
/10 Олег Тиньков. Я такой как все (24 этаж)
/11 Ф.Брукс. Мифический человеко-месяц (24 этаж)
/12 Г.Кеннеди. Договориться можно обо всем (25 этаж)
/13 Эдуард Френкель. Любовь и математика (24 этаж)
/14 Stephen Few. Information dashboard design (24 этаж)
/15 (отдана) Джин Желязны. Говори на языке диаграм
/16 Essetial Kanban Condensed (24 этаж)
/17 Хенрик Книберг. Scrum и XP: заметки с передовой (24 этаж)
/18 Генри Форд. Моя жизнь, мои достижения (24 этаж)
/19 Олег Тиньков. Как стать бизнесменом (24 этаж)
/20 (отдана) В.Чан Ким, Рене Моборн. Стратегия голубого океана
/21 Роман Пихлер. Управление продуктом в SCRUM (24 этаж)
/22 Бретт Кинг. Банк 3.0 (24 этаж)
/23 Фредерик Лалу. Открывая организации будущего (25 этаж)
/24 Максим Богатырев. 45 татуировок продавана (24 этаж)
/25 Максим Богатырев. 45 татуировок менеджера (24 этаж)
/26 Ицхак Адизес. Управление жизненным циклом корпорации (25 этаж)
/27 Майкл Кон. Пользовательские истории (24 этаж)
/28 (отдана) Саймон Синек. Начни с вопроса "Почему?"
/29 Эрик Берн. Игры, в которые играют люди. Люди, которые играют в игры (24 этаж)
/30 Т.Драйзер. Финансист (24 этаж)
/31 Стивен Кови. 7 навыков высокоэффективных людей (25 этаж)
/32 Э.Лефевр. Воспоминания биржевого спекулянта (24 этаж)
/33 Искусство системного мышления (24 этаж)
/34 (отдана) Ричард Брэнсон. Теряя невинность
/35 Том Демарко. Deadline (25 этаж)
/36 М.Зыгарь. Вся кремлевская рать (24 этаж)
/37 Р.Чалдини. Психология влияния (24 этаж)
/38 (отдана) Эльяху Голдрат. Цель
" 
2017-04-20 11:29:37.878507 name="Vitaliy" surname="Arzumanyan" id=81593382 text="/list" answer="Список книг:
/1 (отдана) Алистер Коберн. Современные методы описания функциональных требований к системам
/2 Глеб Архангельский. Тайм-драйв (24 этаж)
/3 Михаил Литвак. Командовать или подчиняться (24 этаж)
/4 (отдана) Джефф Сазерленд. SCRUM
/5 Девид Аллен. Как привести дела в порядок (25 этаж)
/6 Эрик Рис. Бизнес с нуля (24 этаж)
/7 (отдана) Ицхак Адизес. Идеальный руководитель
/8 Ицхак Адизес. Развитие лидеров (25 этаж)
/9 Олег Тиньков. Я такой как все (25 этаж)
/10 Олег Тиньков. Я такой как все (24 этаж)
/11 Ф.Брукс. Мифический человеко-месяц (24 этаж)
/12 Г.Кеннеди. Договориться можно обо всем (25 этаж)
/13 Эдуард Френкель. Любовь и математика (24 этаж)
/14 Stephen Few. Information dashboard design (24 этаж)
/15 (отдана) Джин Желязны. Говори на языке диаграм
/16 Essetial Kanban Condensed (24 этаж)
/17 Хенрик Книберг. Scrum и XP: заметки с передовой (24 этаж)
/18 Генри Форд. Моя жизнь, мои достижения (24 этаж)
/19 Олег Тиньков. Как стать бизнесменом (24 этаж)
/20 (отдана) В.Чан Ким, Рене Моборн. Стратегия голубого океана
/21 Роман Пихлер. Управление продуктом в SCRUM (24 этаж)
/22 Бретт Кинг. Банк 3.0 (24 этаж)
/23 Фредерик Лалу. Открывая организации будущего (25 этаж)
/24 Максим Богатырев. 45 татуировок продавана (24 этаж)
/25 Максим Богатырев. 45 татуировок менеджера (24 этаж)
/26 Ицхак Адизес. Управление жизненным циклом корпорации (25 этаж)
/27 Майкл Кон. Пользовательские истории (24 этаж)
/28 (отдана) Саймон Синек. Начни с вопроса "Почему?"
/29 Эрик Берн. Игры, в которые играют люди. Люди, которые играют в игры (24 этаж)
/30 Т.Драйзер. Финансист (24 этаж)
/31 Стивен Кови. 7 навыков высокоэффективных людей (25 этаж)
/32 Э.Лефевр. Воспоминания биржевого спекулянта (24 этаж)
/33 Искусство системного мышления (24 этаж)
/34 (отдана) Ричард Брэнсон. Теряя невинность
/35 Том Демарко. Deadline (25 этаж)
/36 М.Зыгарь. Вся кремлевская рать (24 этаж)
/37 Р.Чалдини. Психология влияния (24 этаж)
/38 (отдана) Эльяху Голдрат. Цель
" 
2017-04-20 12:25:28.785260 name="Alexander" surname="Kozhevnikov" id=158989652 text="/start" answer="Привет! Я бот-библиотекарь в SME.
Скажи мне, какую книжку ты хочешь взять, и я тебя запишу ;)

Пообщаться со мной можно так:
/list - Посмотреть, что лежит на полке
/take - Взять книгу с полки
/return - Вернуть книгу на полку
/n, где n это номер книги - Действия с этой книгой

и, конечно
/help - Список команд" 
2017-04-20 12:25:46.556092 name="Alexander" surname="Kozhevnikov" id=158989652 text="/list" answer="Список книг:
/1 (отдана) Алистер Коберн. Современные методы описания функциональных требований к системам
/2 Глеб Архангельский. Тайм-драйв (24 этаж)
/3 Михаил Литвак. Командовать или подчиняться (24 этаж)
/4 (отдана) Джефф Сазерленд. SCRUM
/5 Девид Аллен. Как привести дела в порядок (25 этаж)
/6 Эрик Рис. Бизнес с нуля (24 этаж)
/7 (отдана) Ицхак Адизес. Идеальный руководитель
/8 Ицхак Адизес. Развитие лидеров (25 этаж)
/9 Олег Тиньков. Я такой как все (25 этаж)
/10 Олег Тиньков. Я такой как все (24 этаж)
/11 Ф.Брукс. Мифический человеко-месяц (24 этаж)
/12 Г.Кеннеди. Договориться можно обо всем (25 этаж)
/13 Эдуард Френкель. Любовь и математика (24 этаж)
/14 Stephen Few. Information dashboard design (24 этаж)
/15 (отдана) Джин Желязны. Говори на языке диаграм
/16 Essetial Kanban Condensed (24 этаж)
/17 Хенрик Книберг. Scrum и XP: заметки с передовой (24 этаж)
/18 Генри Форд. Моя жизнь, мои достижения (24 этаж)
/19 Олег Тиньков. Как стать бизнесменом (24 этаж)
/20 (отдана) В.Чан Ким, Рене Моборн. Стратегия голубого океана
/21 Роман Пихлер. Управление продуктом в SCRUM (24 этаж)
/22 Бретт Кинг. Банк 3.0 (24 этаж)
/23 Фредерик Лалу. Открывая организации будущего (25 этаж)
/24 Максим Богатырев. 45 татуировок продавана (24 этаж)
/25 Максим Богатырев. 45 татуировок менеджера (24 этаж)
/26 Ицхак Адизес. Управление жизненным циклом корпорации (25 этаж)
/27 Майкл Кон. Пользовательские истории (24 этаж)
/28 (отдана) Саймон Синек. Начни с вопроса "Почему?"
/29 Эрик Берн. Игры, в которые играют люди. Люди, которые играют в игры (24 этаж)
/30 Т.Драйзер. Финансист (24 этаж)
/31 Стивен Кови. 7 навыков высокоэффективных людей (25 этаж)
/32 Э.Лефевр. Воспоминания биржевого спекулянта (24 этаж)
/33 Искусство системного мышления (24 этаж)
/34 (отдана) Ричард Брэнсон. Теряя невинность
/35 Том Демарко. Deadline (25 этаж)
/36 М.Зыгарь. Вся кремлевская рать (24 этаж)
/37 Р.Чалдини. Психология влияния (24 этаж)
/38 (отдана) Эльяху Голдрат. Цель
" 
2017-04-20 15:10:55.468518 name="Karen" surname="Manukyan" id=34179854 text="/start" answer="Привет! Я бот-библиотекарь в SME.
Скажи мне, какую книжку ты хочешь взять, и я тебя запишу ;)

Пообщаться со мной можно так:
/list - Посмотреть, что лежит на полке
/take - Взять книгу с полки
/return - Вернуть книгу на полку
/n, где n это номер книги - Действия с этой книгой

и, конечно
/help - Список команд" 
2017-04-20 15:11:00.645657 name="Karen" surname="Manukyan" id=34179854 text="/list" answer="Список книг:
/1 (отдана) Алистер Коберн. Современные методы описания функциональных требований к системам
/2 Глеб Архангельский. Тайм-драйв (24 этаж)
/3 Михаил Литвак. Командовать или подчиняться (24 этаж)
/4 (отдана) Джефф Сазерленд. SCRUM
/5 Девид Аллен. Как привести дела в порядок (25 этаж)
/6 Эрик Рис. Бизнес с нуля (24 этаж)
/7 (отдана) Ицхак Адизес. Идеальный руководитель
/8 Ицхак Адизес. Развитие лидеров (25 этаж)
/9 Олег Тиньков. Я такой как все (25 этаж)
/10 Олег Тиньков. Я такой как все (24 этаж)
/11 Ф.Брукс. Мифический человеко-месяц (24 этаж)
/12 Г.Кеннеди. Договориться можно обо всем (25 этаж)
/13 Эдуард Френкель. Любовь и математика (24 этаж)
/14 Stephen Few. Information dashboard design (24 этаж)
/15 (отдана) Джин Желязны. Говори на языке диаграм
/16 Essetial Kanban Condensed (24 этаж)
/17 Хенрик Книберг. Scrum и XP: заметки с передовой (24 этаж)
/18 Генри Форд. Моя жизнь, мои достижения (24 этаж)
/19 Олег Тиньков. Как стать бизнесменом (24 этаж)
/20 (отдана) В.Чан Ким, Рене Моборн. Стратегия голубого океана
/21 Роман Пихлер. Управление продуктом в SCRUM (24 этаж)
/22 Бретт Кинг. Банк 3.0 (24 этаж)
/23 Фредерик Лалу. Открывая организации будущего (25 этаж)
/24 Максим Богатырев. 45 татуировок продавана (24 этаж)
/25 Максим Богатырев. 45 татуировок менеджера (24 этаж)
/26 Ицхак Адизес. Управление жизненным циклом корпорации (25 этаж)
/27 Майкл Кон. Пользовательские истории (24 этаж)
/28 (отдана) Саймон Синек. Начни с вопроса "Почему?"
/29 Эрик Берн. Игры, в которые играют люди. Люди, которые играют в игры (24 этаж)
/30 Т.Драйзер. Финансист (24 этаж)
/31 Стивен Кови. 7 навыков высокоэффективных людей (25 этаж)
/32 Э.Лефевр. Воспоминания биржевого спекулянта (24 этаж)
/33 Искусство системного мышления (24 этаж)
/34 (отдана) Ричард Брэнсон. Теряя невинность
/35 Том Демарко. Deadline (25 этаж)
/36 М.Зыгарь. Вся кремлевская рать (24 этаж)
/37 Р.Чалдини. Психология влияния (24 этаж)
/38 (отдана) Эльяху Голдрат. Цель
" 
2017-04-20 15:11:35.002057 name="Maxim" surname="Rusak" id=32018476 text="/start" answer="Привет! Я бот-библиотекарь в SME.
Скажи мне, какую книжку ты хочешь взять, и я тебя запишу ;)

Пообщаться со мной можно так:
/list - Посмотреть, что лежит на полке
/take - Взять книгу с полки
/return - Вернуть книгу на полку
/n, где n это номер книги - Действия с этой книгой

и, конечно
/help - Список команд" 
2017-04-20 15:12:18.984223 name="Maxim" surname="Rusak" id=32018476 text="/list" answer="Список книг:
/1 (отдана) Алистер Коберн. Современные методы описания функциональных требований к системам
/2 Глеб Архангельский. Тайм-драйв (24 этаж)
/3 Михаил Литвак. Командовать или подчиняться (24 этаж)
/4 (отдана) Джефф Сазерленд. SCRUM
/5 Девид Аллен. Как привести дела в порядок (25 этаж)
/6 Эрик Рис. Бизнес с нуля (24 этаж)
/7 (отдана) Ицхак Адизес. Идеальный руководитель
/8 Ицхак Адизес. Развитие лидеров (25 этаж)
/9 Олег Тиньков. Я такой как все (25 этаж)
/10 Олег Тиньков. Я такой как все (24 этаж)
/11 Ф.Брукс. Мифический человеко-месяц (24 этаж)
/12 Г.Кеннеди. Договориться можно обо всем (25 этаж)
/13 Эдуард Френкель. Любовь и математика (24 этаж)
/14 Stephen Few. Information dashboard design (24 этаж)
/15 (отдана) Джин Желязны. Говори на языке диаграм
/16 Essetial Kanban Condensed (24 этаж)
/17 Хенрик Книберг. Scrum и XP: заметки с передовой (24 этаж)
/18 Генри Форд. Моя жизнь, мои достижения (24 этаж)
/19 Олег Тиньков. Как стать бизнесменом (24 этаж)
/20 (отдана) В.Чан Ким, Рене Моборн. Стратегия голубого океана
/21 Роман Пихлер. Управление продуктом в SCRUM (24 этаж)
/22 Бретт Кинг. Банк 3.0 (24 этаж)
/23 Фредерик Лалу. Открывая организации будущего (25 этаж)
/24 Максим Богатырев. 45 татуировок продавана (24 этаж)
/25 Максим Богатырев. 45 татуировок менеджера (24 этаж)
/26 Ицхак Адизес. Управление жизненным циклом корпорации (25 этаж)
/27 Майкл Кон. Пользовательские истории (24 этаж)
/28 (отдана) Саймон Синек. Начни с вопроса "Почему?"
/29 Эрик Берн. Игры, в которые играют люди. Люди, которые играют в игры (24 этаж)
/30 Т.Драйзер. Финансист (24 этаж)
/31 Стивен Кови. 7 навыков высокоэффективных людей (25 этаж)
/32 Э.Лефевр. Воспоминания биржевого спекулянта (24 этаж)
/33 Искусство системного мышления (24 этаж)
/34 (отдана) Ричард Брэнсон. Теряя невинность
/35 Том Демарко. Deadline (25 этаж)
/36 М.Зыгарь. Вся кремлевская рать (24 этаж)
/37 Р.Чалдини. Психология влияния (24 этаж)
/38 (отдана) Эльяху Голдрат. Цель
" 
2017-04-20 17:19:37.197295 name="Mikhail" surname="None" id=172543854 text="/list" answer="Список книг:
/1 (отдана) Алистер Коберн. Современные методы описания функциональных требований к системам
/2 Глеб Архангельский. Тайм-драйв (24 этаж)
/3 Михаил Литвак. Командовать или подчиняться (24 этаж)
/4 (отдана) Джефф Сазерленд. SCRUM
/5 Девид Аллен. Как привести дела в порядок (25 этаж)
/6 Эрик Рис. Бизнес с нуля (24 этаж)
/7 (отдана) Ицхак Адизес. Идеальный руководитель
/8 Ицхак Адизес. Развитие лидеров (25 этаж)
/9 Олег Тиньков. Я такой как все (25 этаж)
/10 Олег Тиньков. Я такой как все (24 этаж)
/11 Ф.Брукс. Мифический человеко-месяц (24 этаж)
/12 Г.Кеннеди. Договориться можно обо всем (25 этаж)
/13 Эдуард Френкель. Любовь и математика (24 этаж)
/14 Stephen Few. Information dashboard design (24 этаж)
/15 (отдана) Джин Желязны. Говори на языке диаграм
/16 Essetial Kanban Condensed (24 этаж)
/17 Хенрик Книберг. Scrum и XP: заметки с передовой (24 этаж)
/18 Генри Форд. Моя жизнь, мои достижения (24 этаж)
/19 Олег Тиньков. Как стать бизнесменом (24 этаж)
/20 (отдана) В.Чан Ким, Рене Моборн. Стратегия голубого океана
/21 Роман Пихлер. Управление продуктом в SCRUM (24 этаж)
/22 Бретт Кинг. Банк 3.0 (24 этаж)
/23 Фредерик Лалу. Открывая организации будущего (25 этаж)
/24 Максим Богатырев. 45 татуировок продавана (24 этаж)
/25 Максим Богатырев. 45 татуировок менеджера (24 этаж)
/26 Ицхак Адизес. Управление жизненным циклом корпорации (25 этаж)
/27 Майкл Кон. Пользовательские истории (24 этаж)
/28 (отдана) Саймон Синек. Начни с вопроса "Почему?"
/29 Эрик Берн. Игры, в которые играют люди. Люди, которые играют в игры (24 этаж)
/30 Т.Драйзер. Финансист (24 этаж)
/31 Стивен Кови. 7 навыков высокоэффективных людей (25 этаж)
/32 Э.Лефевр. Воспоминания биржевого спекулянта (24 этаж)
/33 Искусство системного мышления (24 этаж)
/34 (отдана) Ричард Брэнсон. Теряя невинность
/35 Том Демарко. Deadline (25 этаж)
/36 М.Зыгарь. Вся кремлевская рать (24 этаж)
/37 Р.Чалдини. Психология влияния (24 этаж)
/38 (отдана) Эльяху Голдрат. Цель
" 
2017-04-20 18:08:02.536300 name="Vitaliy" surname="Arzumanyan" id=81593382 text="/list" answer="Список книг:
/1 (отдана) Алистер Коберн. Современные методы описания функциональных требований к системам
/2 Глеб Архангельский. Тайм-драйв (24 этаж)
/3 Михаил Литвак. Командовать или подчиняться (24 этаж)
/4 (отдана) Джефф Сазерленд. SCRUM
/5 Девид Аллен. Как привести дела в порядок (25 этаж)
/6 Эрик Рис. Бизнес с нуля (24 этаж)
/7 (отдана) Ицхак Адизес. Идеальный руководитель
/8 Ицхак Адизес. Развитие лидеров (25 этаж)
/9 Олег Тиньков. Я такой как все (25 этаж)
/10 Олег Тиньков. Я такой как все (24 этаж)
/11 Ф.Брукс. Мифический человеко-месяц (24 этаж)
/12 Г.Кеннеди. Договориться можно обо всем (25 этаж)
/13 Эдуард Френкель. Любовь и математика (24 этаж)
/14 Stephen Few. Information dashboard design (24 этаж)
/15 (отдана) Джин Желязны. Говори на языке диаграм
/16 Essetial Kanban Condensed (24 этаж)
/17 Хенрик Книберг. Scrum и XP: заметки с передовой (24 этаж)
/18 Генри Форд. Моя жизнь, мои достижения (24 этаж)
/19 Олег Тиньков. Как стать бизнесменом (24 этаж)
/20 (отдана) В.Чан Ким, Рене Моборн. Стратегия голубого океана
/21 Роман Пихлер. Управление продуктом в SCRUM (24 этаж)
/22 Бретт Кинг. Банк 3.0 (24 этаж)
/23 Фредерик Лалу. Открывая организации будущего (25 этаж)
/24 Максим Богатырев. 45 татуировок продавана (24 этаж)
/25 Максим Богатырев. 45 татуировок менеджера (24 этаж)
/26 Ицхак Адизес. Управление жизненным циклом корпорации (25 этаж)
/27 Майкл Кон. Пользовательские истории (24 этаж)
/28 (отдана) Саймон Синек. Начни с вопроса "Почему?"
/29 Эрик Берн. Игры, в которые играют люди. Люди, которые играют в игры (24 этаж)
/30 Т.Драйзер. Финансист (24 этаж)
/31 Стивен Кови. 7 навыков высокоэффективных людей (25 этаж)
/32 Э.Лефевр. Воспоминания биржевого спекулянта (24 этаж)
/33 Искусство системного мышления (24 этаж)
/34 (отдана) Ричард Брэнсон. Теряя невинность
/35 Том Демарко. Deadline (25 этаж)
/36 М.Зыгарь. Вся кремлевская рать (24 этаж)
/37 Р.Чалдини. Психология влияния (24 этаж)
/38 (отдана) Эльяху Голдрат. Цель
" 
2017-04-20 19:35:25.947257 name="Karen" surname="Manukyan" id=34179854 text="/take" answer="Скажи номер книги, которую хочешь взять" 
