2017-05-30 08:31:18.389351 name="Lyudmila" surname="Bakalova" id=324563435 text="/start" answer="Привет! Я бот-библиотекарь в SME.
Скажи мне, какую книжку ты хочешь взять, и я тебя запишу ;)

Пообщаться со мной можно так:
/list - Посмотреть, что лежит на полке
/take - Взять книгу с полки
/return - Вернуть книгу на полку
/n, где n это номер книги - Действия с этой книгой

и, конечно
/help - Список команд" 
2017-05-30 08:31:34.731321 name="Lyudmila" surname="Bakalova" id=324563435 text="/list" answer="Список книг:
/1 (отдана) Алистер Коберн. Современные методы описания функциональных требований к системам
/2 Глеб Архангельский. Тайм-драйв (24 этаж)
/3 Михаил Литвак. Командовать или подчиняться (24 этаж)
/4 (отдана) Джефф Сазерленд. SCRUM
/5 Девид Аллен. Как привести дела в порядок (25 этаж)
/6 Эрик Рис. Бизнес с нуля (24 этаж)
/7 Ицхак Адизес. Идеальный руководитель (24 этаж)
/8 Ицхак Адизес. Развитие лидеров (25 этаж)
/9 Олег Тиньков. Я такой как все (25 этаж)
/10 (отдана) Олег Тиньков. Я такой как все
/11 (отдана) Ф.Брукс. Мифический человеко-месяц
/12 (отдана) Г.Кеннеди. Договориться можно обо всем
/13 Эдуард Френкель. Любовь и математика (24 этаж)
/14 Stephen Few. Information dashboard design (24 этаж)
/15 (отдана) Джин Желязны. Говори на языке диаграм
/16 Essetial Kanban Condensed (24 этаж)
/17 Хенрик Книберг. Scrum и XP: заметки с передовой (24 этаж)
/18 Генри Форд. Моя жизнь, мои достижения (24 этаж)
/19 (отдана) Олег Тиньков. Как стать бизнесменом
/20 В.Чан Ким, Рене Моборн. Стратегия голубого океана (24 этаж)
/21 (отдана) Роман Пихлер. Управление продуктом в SCRUM
/22 Бретт Кинг. Банк 3.0 (24 этаж)
/23 Фредерик Лалу. Открывая организации будущего (25 этаж)
/24 Максим Богатырев. 45 татуировок продавана (24 этаж)
/25 Максим Богатырев. 45 татуировок менеджера (24 этаж)
/26 Ицхак Адизес. Управление жизненным циклом корпорации (25 этаж)
/27 Майкл Кон. Пользовательские истории (24 этаж)
/28 (отдана) Саймон Синек. Начни с вопроса "Почему?"
/29 (отдана) Эрик Берн. Игры, в которые играют люди. Люди, которые играют в игры
/30 Т.Драйзер. Финансист (24 этаж)
/31 Стивен Кови. 7 навыков высокоэффективных людей (25 этаж)
/32 Э.Лефевр. Воспоминания биржевого спекулянта (24 этаж)
/33 Искусство системного мышления (24 этаж)
/34 Ричард Брэнсон. Теряя невинность (24 этаж)
/35 (отдана) Том Демарко. Deadline
/36 (отдана) М.Зыгарь. Вся кремлевская рать
/37 Р.Чалдини. Психология влияния (24 этаж)
/38 (отдана) Эльяху Голдрат. Цель
/39 Джин Желязны. Бизнес презентация (25 этаж)
/40 (отдана) Барбара Минто. Принцип пирамиды Минто
/41 Итан Расиел. Инструменты McKinsey (25 этаж)
/42 Девид Батлер. Проектируя бизнес (24 этаж)
/43 Трофейная :) Владимир Шахиджанян. КомпьютЕрики шутят (24 этаж)
" 
2017-05-30 09:46:48.481163 name="Lyudmila" surname="Bakalova" id=324563435 text="/1" answer="Ты выбрал книгу - что с ней делать?" 
2017-05-30 09:46:55.288810 name="Lyudmila" surname="Bakalova" id=324563435 text="Подписаться на возврат" answer="!no answer" 
2017-05-30 09:46:55.350625 name="Lyudmila" surname="Bakalova" id=324563435 text="Подписаться на возврат" answer="Отлично, после возврата книги тебе придет уведомление" 
2017-05-30 09:47:06.051452 name="Lyudmila" surname="Bakalova" id=324563435 text="/1" answer="Ты выбрал книгу - что с ней делать?" 
2017-05-30 09:47:12.813760 name="Lyudmila" surname="Bakalova" id=324563435 text="Взять" answer="!no answer" 
2017-05-30 09:47:12.998736 name="Lyudmila" surname="Bakalova" id=324563435 text="Взять" answer="Кажется, эту книгу уже забрали. Или у тебя слишком много книг" 
2017-05-30 09:47:35.718650 name="Lyudmila" surname="Bakalova" id=324563435 text="/41" answer="Ты выбрал книгу - что с ней делать?" 
2017-05-30 09:47:38.781299 name="Lyudmila" surname="Bakalova" id=324563435 text="Взять" answer="!no answer" 
2017-05-30 09:47:38.854241 name="Lyudmila" surname="Bakalova" id=324563435 text="Взять" answer="Отлично, книга номер 41 теперь у тебя" 
2017-05-30 09:48:18.920757 name="Lyudmila" surname="Bakalova" id=324563435 text="/25" answer="Ты выбрал книгу - что с ней делать?" 
2017-05-30 09:48:20.338389 name="Lyudmila" surname="Bakalova" id=324563435 text="Взять" answer="!no answer" 
2017-05-30 09:48:20.404155 name="Lyudmila" surname="Bakalova" id=324563435 text="Взять" answer="Отлично, книга номер 25 теперь у тебя" 
2017-05-30 09:48:31.454756 name="Lyudmila" surname="Bakalova" id=324563435 text="/30" answer="Ты выбрал книгу - что с ней делать?" 
2017-05-30 09:49:06.992976 name="Lyudmila" surname="Bakalova" id=324563435 text="Положить" answer="!no answer" 
2017-05-30 09:49:07.063046 name="Lyudmila" surname="Bakalova" id=324563435 text="Положить" answer="Скажи полку, на которую поставить книгу" 
2017-05-30 09:54:07.304186 name="Lyudmila" surname="Bakalova" id=324563435 text="/41" answer="Ты выбрал книгу - что с ней делать?" 
2017-05-30 09:54:07.447092 name="Lyudmila" surname="Bakalova" id=324563435 text="/41" answer="Кажется, эта книга уже на полке" 
2017-05-30 09:54:27.092114 name="Lyudmila" surname="Bakalova" id=324563435 text="/25" answer="Ты выбрал книгу - что с ней делать?" 
2017-05-30 09:54:58.780997 name="Lyudmila" surname="Bakalova" id=324563435 text="Положить" answer="!no answer" 
2017-05-30 09:54:58.852762 name="Lyudmila" surname="Bakalova" id=324563435 text="Положить" answer="Скажи полку, на которую поставить книгу" 
2017-05-30 09:55:16.838105 name="Lyudmila" surname="Bakalova" id=324563435 text="24" answer="!no answer" 
2017-05-30 09:55:16.902882 name="Lyudmila" surname="Bakalova" id=324563435 text="24" answer="Отлично, книга номер 25 вернулась на полку. Спасибо!" 
2017-05-30 09:55:22.117507 name="Lyudmila" surname="Bakalova" id=324563435 text="/41" answer="Ты выбрал книгу - что с ней делать?" 
2017-05-30 09:55:56.357238 name="Lyudmila" surname="Bakalova" id=324563435 text="Положить" answer="!no answer" 
2017-05-30 09:55:56.357571 name="Lyudmila" surname="Bakalova" id=324563435 text="24" answer="!no answer" 
2017-05-30 09:55:56.442494 name="Lyudmila" surname="Bakalova" id=324563435 text="Положить" answer="Скажи полку, на которую поставить книгу" 
2017-05-30 09:56:01.455246 name="Lyudmila" surname="Bakalova" id=324563435 text="24 этаж" answer="!no answer" 
2017-05-30 09:56:01.512180 name="Lyudmila" surname="Bakalova" id=324563435 text="24 этаж" answer="Отлично, книга номер 41 вернулась на полку. Спасибо!" 
2017-05-30 09:56:15.841003 name="Lyudmila" surname="Bakalova" id=324563435 text="/help" answer="Напоминаю:
/list - Посмотреть, что лежит на полке
/take - Взять книгу с полки
/return - Вернуть книгу на полку
/n, где n это номер книги - Действия с этой книгой. Это самая интересная опция, вызови список и просто ткни на номер книги в начале строки - увидишь, что можно сделать

/help - Список команд" 
2017-05-30 09:57:02.780277 name="Lyudmila" surname="Bakalova" id=324563435 text="/list" answer="Список книг:
/1 (отдана) Алистер Коберн. Современные методы описания функциональных требований к системам
/2 Глеб Архангельский. Тайм-драйв (24 этаж)
/3 Михаил Литвак. Командовать или подчиняться (24 этаж)
/4 (отдана) Джефф Сазерленд. SCRUM
/5 Девид Аллен. Как привести дела в порядок (25 этаж)
/6 Эрик Рис. Бизнес с нуля (24 этаж)
/7 Ицхак Адизес. Идеальный руководитель (24 этаж)
/8 Ицхак Адизес. Развитие лидеров (25 этаж)
/9 Олег Тиньков. Я такой как все (25 этаж)
/10 (отдана) Олег Тиньков. Я такой как все
/11 (отдана) Ф.Брукс. Мифический человеко-месяц
/12 (отдана) Г.Кеннеди. Договориться можно обо всем
/13 Эдуард Френкель. Любовь и математика (24 этаж)
/14 Stephen Few. Information dashboard design (24 этаж)
/15 (отдана) Джин Желязны. Говори на языке диаграм
/16 Essetial Kanban Condensed (24 этаж)
/17 Хенрик Книберг. Scrum и XP: заметки с передовой (24 этаж)
/18 Генри Форд. Моя жизнь, мои достижения (24 этаж)
/19 (отдана) Олег Тиньков. Как стать бизнесменом
/20 В.Чан Ким, Рене Моборн. Стратегия голубого океана (24 этаж)
/21 (отдана) Роман Пихлер. Управление продуктом в SCRUM
/22 Бретт Кинг. Банк 3.0 (24 этаж)
/23 Фредерик Лалу. Открывая организации будущего (25 этаж)
/24 Максим Богатырев. 45 татуировок продавана (24 этаж)
/25 Максим Богатырев. 45 татуировок менеджера (24 этаж)
/26 Ицхак Адизес. Управление жизненным циклом корпорации (25 этаж)
/27 Майкл Кон. Пользовательские истории (24 этаж)
/28 (отдана) Саймон Синек. Начни с вопроса "Почему?"
/29 (отдана) Эрик Берн. Игры, в которые играют люди. Люди, которые играют в игры
/30 Т.Драйзер. Финансист (24 этаж)
/31 Стивен Кови. 7 навыков высокоэффективных людей (25 этаж)
/32 Э.Лефевр. Воспоминания биржевого спекулянта (24 этаж)
/33 Искусство системного мышления (24 этаж)
/34 Ричард Брэнсон. Теряя невинность (24 этаж)
/35 (отдана) Том Демарко. Deadline
/36 (отдана) М.Зыгарь. Вся кремлевская рать
/37 Р.Чалдини. Психология влияния (24 этаж)
/38 (отдана) Эльяху Голдрат. Цель
/39 Джин Желязны. Бизнес презентация (25 этаж)
/40 (отдана) Барбара Минто. Принцип пирамиды Минто
/41 Итан Расиел. Инструменты McKinsey (24 этаж)
/42 Девид Батлер. Проектируя бизнес (24 этаж)
/43 Трофейная :) Владимир Шахиджанян. КомпьютЕрики шутят (24 этаж)
" 
2017-05-30 09:57:05.695422 name="Lyudmila" surname="Bakalova" id=324563435 text="/34" answer="Ты выбрал книгу - что с ней делать?" 
2017-05-30 09:57:06.873912 name="Lyudmila" surname="Bakalova" id=324563435 text="Почитать описание" answer="!no answer" 
2017-05-30 09:57:06.945191 name="Lyudmila" surname="Bakalova" id=324563435 text="Почитать описание" answer="Ричард Брэнсон. Теряя невинность

http://www.ozon.ru/context/detail/id/17910939/" 
2017-05-30 10:35:09.311206 name="Vitaliy" surname="Arzumanyan" id=81593382 text="Почитать описание" answer="У меня все хорошо" 
2017-05-30 10:35:12.691252 name="Vitaliy" surname="Arzumanyan" id=81593382 text="Hi" answer="У меня все хорошо" 
2017-05-30 10:35:17.420150 name="Vitaliy" surname="Arzumanyan" id=81593382 text=":)" answer=";)" 
2017-05-30 11:15:32.196165 name="Alena" surname="Lukina" id=230414742 text="/return" answer="Скажи номер книги, которую возвращаешь" 
2017-05-30 11:15:40.285170 name="Alena" surname="Lukina" id=230414742 text="35" answer="!no answer" 
2017-05-30 11:15:40.347798 name="Alena" surname="Lukina" id=230414742 text="35" answer="Скажи полку, на которую поставить книгу" 
2017-05-30 11:15:44.545435 name="Alena" surname="Lukina" id=230414742 text="25 этаж" answer="!no answer" 
2017-05-30 11:15:44.628041 name="Alena" surname="Lukina" id=230414742 text="25 этаж" answer="Отлично, книга номер 35 вернулась на полку. Спасибо!" 
2017-05-30 11:19:34.862505 name="Alena" surname="Lukina" id=230414742 text="/list" answer="Список книг:
/1 (отдана) Алистер Коберн. Современные методы описания функциональных требований к системам
/2 Глеб Архангельский. Тайм-драйв (24 этаж)
/3 Михаил Литвак. Командовать или подчиняться (24 этаж)
/4 (отдана) Джефф Сазерленд. SCRUM
/5 Девид Аллен. Как привести дела в порядок (25 этаж)
/6 Эрик Рис. Бизнес с нуля (24 этаж)
/7 Ицхак Адизес. Идеальный руководитель (24 этаж)
/8 Ицхак Адизес. Развитие лидеров (25 этаж)
/9 Олег Тиньков. Я такой как все (25 этаж)
/10 (отдана) Олег Тиньков. Я такой как все
/11 (отдана) Ф.Брукс. Мифический человеко-месяц
/12 (отдана) Г.Кеннеди. Договориться можно обо всем
/13 Эдуард Френкель. Любовь и математика (24 этаж)
/14 Stephen Few. Information dashboard design (24 этаж)
/15 (отдана) Джин Желязны. Говори на языке диаграм
/16 Essetial Kanban Condensed (24 этаж)
/17 Хенрик Книберг. Scrum и XP: заметки с передовой (24 этаж)
/18 Генри Форд. Моя жизнь, мои достижения (24 этаж)
/19 (отдана) Олег Тиньков. Как стать бизнесменом
/20 В.Чан Ким, Рене Моборн. Стратегия голубого океана (24 этаж)
/21 (отдана) Роман Пихлер. Управление продуктом в SCRUM
/22 Бретт Кинг. Банк 3.0 (24 этаж)
/23 Фредерик Лалу. Открывая организации будущего (25 этаж)
/24 Максим Богатырев. 45 татуировок продавана (24 этаж)
/25 Максим Богатырев. 45 татуировок менеджера (24 этаж)
/26 Ицхак Адизес. Управление жизненным циклом корпорации (25 этаж)
/27 Майкл Кон. Пользовательские истории (24 этаж)
/28 (отдана) Саймон Синек. Начни с вопроса "Почему?"
/29 (отдана) Эрик Берн. Игры, в которые играют люди. Люди, которые играют в игры
/30 Т.Драйзер. Финансист (24 этаж)
/31 Стивен Кови. 7 навыков высокоэффективных людей (25 этаж)
/32 Э.Лефевр. Воспоминания биржевого спекулянта (24 этаж)
/33 Искусство системного мышления (24 этаж)
/34 Ричард Брэнсон. Теряя невинность (24 этаж)
/35 Том Демарко. Deadline (25 этаж)
/36 (отдана) М.Зыгарь. Вся кремлевская рать
/37 Р.Чалдини. Психология влияния (24 этаж)
/38 (отдана) Эльяху Голдрат. Цель
/39 Джин Желязны. Бизнес презентация (25 этаж)
/40 (отдана) Барбара Минто. Принцип пирамиды Минто
/41 Итан Расиел. Инструменты McKinsey (24 этаж)
/42 Девид Батлер. Проектируя бизнес (24 этаж)
/43 Трофейная :) Владимир Шахиджанян. КомпьютЕрики шутят (24 этаж)
" 
2017-05-30 11:24:17.816152 name="Alena" surname="Lukina" id=230414742 text="/25" answer="Ты выбрал книгу - что с ней делать?" 
2017-05-30 11:24:23.926460 name="Alena" surname="Lukina" id=230414742 text="Взять" answer="!no answer" 
2017-05-30 11:24:24.069086 name="Alena" surname="Lukina" id=230414742 text="Взять" answer="Отлично, книга номер 25 теперь у тебя" 
2017-05-30 16:22:08.760112 name="Yuriy" surname="Chekashkin" id=33305986 text="/start" answer="Привет! Я бот-библиотекарь в SME.
Скажи мне, какую книжку ты хочешь взять, и я тебя запишу ;)

Пообщаться со мной можно так:
/list - Посмотреть, что лежит на полке
/take - Взять книгу с полки
/return - Вернуть книгу на полку
/n, где n это номер книги - Действия с этой книгой

и, конечно
/help - Список команд" 
2017-05-30 16:22:15.855738 name="Yuriy" surname="Chekashkin" id=33305986 text="/list" answer="Список книг:
/1 (отдана) Алистер Коберн. Современные методы описания функциональных требований к системам
/2 Глеб Архангельский. Тайм-драйв (24 этаж)
/3 Михаил Литвак. Командовать или подчиняться (24 этаж)
/4 (отдана) Джефф Сазерленд. SCRUM
/5 Девид Аллен. Как привести дела в порядок (25 этаж)
/6 Эрик Рис. Бизнес с нуля (24 этаж)
/7 Ицхак Адизес. Идеальный руководитель (24 этаж)
/8 Ицхак Адизес. Развитие лидеров (25 этаж)
/9 Олег Тиньков. Я такой как все (25 этаж)
/10 (отдана) Олег Тиньков. Я такой как все
/11 (отдана) Ф.Брукс. Мифический человеко-месяц
/12 (отдана) Г.Кеннеди. Договориться можно обо всем
/13 Эдуард Френкель. Любовь и математика (24 этаж)
/14 Stephen Few. Information dashboard design (24 этаж)
/15 (отдана) Джин Желязны. Говори на языке диаграм
/16 Essetial Kanban Condensed (24 этаж)
/17 Хенрик Книберг. Scrum и XP: заметки с передовой (24 этаж)
/18 Генри Форд. Моя жизнь, мои достижения (24 этаж)
/19 (отдана) Олег Тиньков. Как стать бизнесменом
/20 В.Чан Ким, Рене Моборн. Стратегия голубого океана (24 этаж)
/21 (отдана) Роман Пихлер. Управление продуктом в SCRUM
/22 Бретт Кинг. Банк 3.0 (24 этаж)
/23 Фредерик Лалу. Открывая организации будущего (25 этаж)
/24 Максим Богатырев. 45 татуировок продавана (24 этаж)
/25 (отдана) Максим Богатырев. 45 татуировок менеджера
/26 Ицхак Адизес. Управление жизненным циклом корпорации (25 этаж)
/27 Майкл Кон. Пользовательские истории (24 этаж)
/28 (отдана) Саймон Синек. Начни с вопроса "Почему?"
/29 (отдана) Эрик Берн. Игры, в которые играют люди. Люди, которые играют в игры
/30 Т.Драйзер. Финансист (24 этаж)
/31 Стивен Кови. 7 навыков высокоэффективных людей (25 этаж)
/32 Э.Лефевр. Воспоминания биржевого спекулянта (24 этаж)
/33 Искусство системного мышления (24 этаж)
/34 Ричард Брэнсон. Теряя невинность (24 этаж)
/35 Том Демарко. Deadline (25 этаж)
/36 (отдана) М.Зыгарь. Вся кремлевская рать
/37 Р.Чалдини. Психология влияния (24 этаж)
/38 (отдана) Эльяху Голдрат. Цель
/39 Джин Желязны. Бизнес презентация (25 этаж)
/40 (отдана) Барбара Минто. Принцип пирамиды Минто
/41 Итан Расиел. Инструменты McKinsey (24 этаж)
/42 Девид Батлер. Проектируя бизнес (24 этаж)
/43 Трофейная :) Владимир Шахиджанян. КомпьютЕрики шутят (24 этаж)
" 
2017-05-30 16:24:22.793468 name="Yuriy" surname="Chekashkin" id=33305986 text="/help" answer="Напоминаю:
/list - Посмотреть, что лежит на полке
/take - Взять книгу с полки
/return - Вернуть книгу на полку
/n, где n это номер книги - Действия с этой книгой. Это самая интересная опция, вызови список и просто ткни на номер книги в начале строки - увидишь, что можно сделать

/help - Список команд" 
2017-05-30 16:28:58.755482 name="Vitaliy" surname="Arzumanyan" id=81593382 text=":)" answer=";)" 
2017-05-30 22:25:33.957472 name="Andrew Swan" surname="None" id=297110790 text="/list" answer="Список книг:
/1 (отдана) Алистер Коберн. Современные методы описания функциональных требований к системам
/2 Глеб Архангельский. Тайм-драйв (24 этаж)
/3 Михаил Литвак. Командовать или подчиняться (24 этаж)
/4 (отдана) Джефф Сазерленд. SCRUM
/5 Девид Аллен. Как привести дела в порядок (25 этаж)
/6 Эрик Рис. Бизнес с нуля (24 этаж)
/7 Ицхак Адизес. Идеальный руководитель (24 этаж)
/8 Ицхак Адизес. Развитие лидеров (25 этаж)
/9 Олег Тиньков. Я такой как все (25 этаж)
/10 (отдана) Олег Тиньков. Я такой как все
/11 (отдана) Ф.Брукс. Мифический человеко-месяц
/12 (отдана) Г.Кеннеди. Договориться можно обо всем
/13 Эдуард Френкель. Любовь и математика (24 этаж)
/14 Stephen Few. Information dashboard design (24 этаж)
/15 (отдана) Джин Желязны. Говори на языке диаграм
/16 Essetial Kanban Condensed (24 этаж)
/17 Хенрик Книберг. Scrum и XP: заметки с передовой (24 этаж)
/18 Генри Форд. Моя жизнь, мои достижения (24 этаж)
/19 (отдана) Олег Тиньков. Как стать бизнесменом
/20 В.Чан Ким, Рене Моборн. Стратегия голубого океана (24 этаж)
/21 (отдана) Роман Пихлер. Управление продуктом в SCRUM
/22 Бретт Кинг. Банк 3.0 (24 этаж)
/23 Фредерик Лалу. Открывая организации будущего (25 этаж)
/24 Максим Богатырев. 45 татуировок продавана (24 этаж)
/25 (отдана) Максим Богатырев. 45 татуировок менеджера
/26 Ицхак Адизес. Управление жизненным циклом корпорации (25 этаж)
/27 Майкл Кон. Пользовательские истории (24 этаж)
/28 (отдана) Саймон Синек. Начни с вопроса "Почему?"
/29 (отдана) Эрик Берн. Игры, в которые играют люди. Люди, которые играют в игры
/30 Т.Драйзер. Финансист (24 этаж)
/31 Стивен Кови. 7 навыков высокоэффективных людей (25 этаж)
/32 Э.Лефевр. Воспоминания биржевого спекулянта (24 этаж)
/33 Искусство системного мышления (24 этаж)
/34 Ричард Брэнсон. Теряя невинность (24 этаж)
/35 Том Демарко. Deadline (25 этаж)
/36 (отдана) М.Зыгарь. Вся кремлевская рать
/37 Р.Чалдини. Психология влияния (24 этаж)
/38 (отдана) Эльяху Голдрат. Цель
/39 Джин Желязны. Бизнес презентация (25 этаж)
/40 (отдана) Барбара Минто. Принцип пирамиды Минто
/41 Итан Расиел. Инструменты McKinsey (24 этаж)
/42 Девид Батлер. Проектируя бизнес (24 этаж)
/43 Трофейная :) Владимир Шахиджанян. КомпьютЕрики шутят (24 этаж)
" 
2017-05-30 22:26:15.459893 name="Andrew Swan" surname="None" id=297110790 text="/13" answer="Ты выбрал книгу - что с ней делать?" 
2017-05-30 22:26:23.296707 name="Andrew Swan" surname="None" id=297110790 text="Почитать описание" answer="!no answer" 
2017-05-30 22:26:23.363566 name="Andrew Swan" surname="None" id=297110790 text="Почитать описание" answer="Эдуард Френкель. Любовь и математика

Сердце скрытой реальности https://www.ozon.ru/context/detail/id/32224115/ 
P.S. Эта книга на полке букшеринга, то есть принадлежит кому-то из команды" 
2017-05-30 22:26:48.631500 name="Andrew Swan" surname="None" id=297110790 text="/13" answer="Ты выбрал книгу - что с ней делать?" 
2017-05-30 22:26:51.124282 name="Andrew Swan" surname="None" id=297110790 text="Взять" answer="!no answer" 
2017-05-30 22:26:51.182281 name="Andrew Swan" surname="None" id=297110790 text="Взять" answer="Отлично, книга номер 13 теперь у тебя" 
