2017-05-06 15:41:15.992339 name="Dmitry" surname="Tomin" id=112237516 text="/list" answer="Список книг:
/1 (отдана) Алистер Коберн. Современные методы описания функциональных требований к системам
/2 Глеб Архангельский. Тайм-драйв (24 этаж)
/3 Михаил Литвак. Командовать или подчиняться (24 этаж)
/4 (отдана) Джефф Сазерленд. SCRUM
/5 Девид Аллен. Как привести дела в порядок (25 этаж)
/6 Эрик Рис. Бизнес с нуля (24 этаж)
/7 Ицхак Адизес. Идеальный руководитель (24 этаж)
/8 Ицхак Адизес. Развитие лидеров (25 этаж)
/9 Олег Тиньков. Я такой как все (25 этаж)
/10 Олег Тиньков. Я такой как все (24 этаж)
/11 Ф.Брукс. Мифический человеко-месяц (24 этаж)
/12 (отдана) Г.Кеннеди. Договориться можно обо всем
/13 Эдуард Френкель. Любовь и математика (24 этаж)
/14 Stephen Few. Information dashboard design (24 этаж)
/15 (отдана) Джин Желязны. Говори на языке диаграм
/16 Essetial Kanban Condensed (24 этаж)
/17 (отдана) Хенрик Книберг. Scrum и XP: заметки с передовой
/18 Генри Форд. Моя жизнь, мои достижения (24 этаж)
/19 Олег Тиньков. Как стать бизнесменом (24 этаж)
/20 (отдана) В.Чан Ким, Рене Моборн. Стратегия голубого океана
/21 Роман Пихлер. Управление продуктом в SCRUM (24 этаж)
/22 Бретт Кинг. Банк 3.0 (24 этаж)
/23 Фредерик Лалу. Открывая организации будущего (25 этаж)
/24 Максим Богатырев. 45 татуировок продавана (24 этаж)
/25 Максим Богатырев. 45 татуировок менеджера (24 этаж)
/26 Ицхак Адизес. Управление жизненным циклом корпорации (25 этаж)
/27 Майкл Кон. Пользовательские истории (24 этаж)
/28 (отдана) Саймон Синек. Начни с вопроса "Почему?"
/29 Эрик Берн. Игры, в которые играют люди. Люди, которые играют в игры (24 этаж)
/30 Т.Драйзер. Финансист (24 этаж)
/31 (отдана) Стивен Кови. 7 навыков высокоэффективных людей
/32 Э.Лефевр. Воспоминания биржевого спекулянта (24 этаж)
/33 Искусство системного мышления (24 этаж)
/34 Ричард Брэнсон. Теряя невинность (24 этаж)
/35 (отдана) Том Демарко. Deadline
/36 (отдана) М.Зыгарь. Вся кремлевская рать
/37 Р.Чалдини. Психология влияния (24 этаж)
/38 (отдана) Эльяху Голдрат. Цель
" 
2017-05-06 15:41:16.057174 name="Dmitry" surname="Tomin" id=112237516 text="/20" answer="Ты выбрал книгу - что с ней делать?" 
2017-05-06 15:41:16.124166 name="Dmitry" surname="Tomin" id=112237516 text="/list" answer="Список книг:
/1 (отдана) Алистер Коберн. Современные методы описания функциональных требований к системам
/2 Глеб Архангельский. Тайм-драйв (24 этаж)
/3 Михаил Литвак. Командовать или подчиняться (24 этаж)
/4 (отдана) Джефф Сазерленд. SCRUM
/5 Девид Аллен. Как привести дела в порядок (25 этаж)
/6 Эрик Рис. Бизнес с нуля (24 этаж)
/7 Ицхак Адизес. Идеальный руководитель (24 этаж)
/8 Ицхак Адизес. Развитие лидеров (25 этаж)
/9 Олег Тиньков. Я такой как все (25 этаж)
/10 Олег Тиньков. Я такой как все (24 этаж)
/11 Ф.Брукс. Мифический человеко-месяц (24 этаж)
/12 (отдана) Г.Кеннеди. Договориться можно обо всем
/13 Эдуард Френкель. Любовь и математика (24 этаж)
/14 Stephen Few. Information dashboard design (24 этаж)
/15 (отдана) Джин Желязны. Говори на языке диаграм
/16 Essetial Kanban Condensed (24 этаж)
/17 (отдана) Хенрик Книберг. Scrum и XP: заметки с передовой
/18 Генри Форд. Моя жизнь, мои достижения (24 этаж)
/19 Олег Тиньков. Как стать бизнесменом (24 этаж)
/20 (отдана) В.Чан Ким, Рене Моборн. Стратегия голубого океана
/21 Роман Пихлер. Управление продуктом в SCRUM (24 этаж)
/22 Бретт Кинг. Банк 3.0 (24 этаж)
/23 Фредерик Лалу. Открывая организации будущего (25 этаж)
/24 Максим Богатырев. 45 татуировок продавана (24 этаж)
/25 Максим Богатырев. 45 татуировок менеджера (24 этаж)
/26 Ицхак Адизес. Управление жизненным циклом корпорации (25 этаж)
/27 Майкл Кон. Пользовательские истории (24 этаж)
/28 (отдана) Саймон Синек. Начни с вопроса "Почему?"
/29 Эрик Берн. Игры, в которые играют люди. Люди, которые играют в игры (24 этаж)
/30 Т.Драйзер. Финансист (24 этаж)
/31 (отдана) Стивен Кови. 7 навыков высокоэффективных людей
/32 Э.Лефевр. Воспоминания биржевого спекулянта (24 этаж)
/33 Искусство системного мышления (24 этаж)
/34 Ричард Брэнсон. Теряя невинность (24 этаж)
/35 (отдана) Том Демарко. Deadline
/36 (отдана) М.Зыгарь. Вся кремлевская рать
/37 Р.Чалдини. Психология влияния (24 этаж)
/38 (отдана) Эльяху Голдрат. Цель
" 
2017-05-06 15:41:16.124711 name="Dmitry" surname="Tomin" id=112237516 text="20" answer="!no answer" 
2017-05-06 15:41:16.145354 name="Dmitry" surname="Tomin" id=112237516 text="/return" answer="Скажи номер книги, которую возвращаешь" 
2017-05-06 15:41:16.179674 name="Vitaliy" surname="Arzumanyan" id=81593382 text="F" answer="У меня все хорошо" 
2017-05-06 15:44:26.292986 name="Dmitry" surname="Tomin" id=112237516 text="/20" answer="Ты выбрал книгу - что с ней делать?" 
2017-05-06 15:44:26.311184 name="Dmitry" surname="Tomin" id=112237516 text="/20" answer="Извини, непонятный номер книги :(" 
2017-05-06 15:44:30.663982 name="Dmitry" surname="Tomin" id=112237516 text="Положить" answer="!no answer" 
2017-05-06 15:44:30.774168 name="Dmitry" surname="Tomin" id=112237516 text="Положить" answer="Скажи полку, на которую поставить книгу" 
2017-05-06 15:44:33.015661 name="Dmitry" surname="Tomin" id=112237516 text="24 этаж" answer="!no answer" 
2017-05-06 15:44:33.077992 name="Dmitry" surname="Tomin" id=112237516 text="24 этаж" answer="Отлично, книга номер 20 вернулась на полку. Спасибо!" 
2017-05-06 15:44:39.312716 name="Dmitry" surname="Tomin" id=112237516 text="/take" answer="Скажи номер книги, которую хочешь взять" 
2017-05-06 15:44:43.318545 name="Dmitry" surname="Tomin" id=112237516 text="7" answer="!no answer" 
2017-05-06 15:44:43.391541 name="Dmitry" surname="Tomin" id=112237516 text="7" answer="Отлично, книга номер 7 теперь у тебя" 
