2017-05-17 09:25:21.991680 name="Vitaliy" surname="Arzumanyan" id=81593382 text="с" answer="У меня все хорошо" 
2017-05-17 09:26:16.450552 name="Ivan" surname="Agafontsev" id=104139069 text="/start" answer="Привет! Я бот-библиотекарь в SME.
Скажи мне, какую книжку ты хочешь взять, и я тебя запишу ;)

Пообщаться со мной можно так:
/list - Посмотреть, что лежит на полке
/take - Взять книгу с полки
/return - Вернуть книгу на полку
/n, где n это номер книги - Действия с этой книгой

и, конечно
/help - Список команд" 
2017-05-17 09:26:24.412608 name="Ivan" surname="Agafontsev" id=104139069 text="/list" answer="Список книг:
/1 (отдана) Алистер Коберн. Современные методы описания функциональных требований к системам
/2 Глеб Архангельский. Тайм-драйв (24 этаж)
/3 Михаил Литвак. Командовать или подчиняться (24 этаж)
/4 (отдана) Джефф Сазерленд. SCRUM
/5 Девид Аллен. Как привести дела в порядок (25 этаж)
/6 Эрик Рис. Бизнес с нуля (24 этаж)
/7 (отдана) Ицхак Адизес. Идеальный руководитель
/8 Ицхак Адизес. Развитие лидеров (25 этаж)
/9 Олег Тиньков. Я такой как все (25 этаж)
/10 Олег Тиньков. Я такой как все (24 этаж)
/11 Ф.Брукс. Мифический человеко-месяц (24 этаж)
/12 (отдана) Г.Кеннеди. Договориться можно обо всем
/13 Эдуард Френкель. Любовь и математика (24 этаж)
/14 Stephen Few. Information dashboard design (24 этаж)
/15 (отдана) Джин Желязны. Говори на языке диаграм
/16 Essetial Kanban Condensed (24 этаж)
/17 (отдана) Хенрик Книберг. Scrum и XP: заметки с передовой
/18 Генри Форд. Моя жизнь, мои достижения (24 этаж)
/19 Олег Тиньков. Как стать бизнесменом (24 этаж)
/20 В.Чан Ким, Рене Моборн. Стратегия голубого океана (24 этаж)
/21 Роман Пихлер. Управление продуктом в SCRUM (24 этаж)
/22 Бретт Кинг. Банк 3.0 (24 этаж)
/23 Фредерик Лалу. Открывая организации будущего (25 этаж)
/24 Максим Богатырев. 45 татуировок продавана (24 этаж)
/25 Максим Богатырев. 45 татуировок менеджера (24 этаж)
/26 Ицхак Адизес. Управление жизненным циклом корпорации (25 этаж)
/27 Майкл Кон. Пользовательские истории (24 этаж)
/28 (отдана) Саймон Синек. Начни с вопроса "Почему?"
/29 Эрик Берн. Игры, в которые играют люди. Люди, которые играют в игры (24 этаж)
/30 Т.Драйзер. Финансист (24 этаж)
/31 Стивен Кови. 7 навыков высокоэффективных людей (25 этаж)
/32 Э.Лефевр. Воспоминания биржевого спекулянта (24 этаж)
/33 Искусство системного мышления (24 этаж)
/34 (отдана) Ричард Брэнсон. Теряя невинность
/35 (отдана) Том Демарко. Deadline
/36 (отдана) М.Зыгарь. Вся кремлевская рать
/37 Р.Чалдини. Психология влияния (24 этаж)
/38 (отдана) Эльяху Голдрат. Цель
/39 Джин Желязны. Бизнес презентация (25 этаж)
/40 (отдана) Барбара Минто. Принцип пирамиды Минто
/41 Итан Расиел. Инструменты McKinsey (25 этаж)
" 
2017-05-17 09:26:41.413935 name="Ivan" surname="Agafontsev" id=104139069 text="/take" answer="Скажи номер книги, которую хочешь взять" 
2017-05-17 09:27:03.242159 name="Ivan" surname="Agafontsev" id=104139069 text="/take 29" answer="Извини, непонятный номер книги :(" 
2017-05-17 09:27:03.391376 name="Ivan" surname="Agafontsev" id=104139069 text="/take 29" answer="Отлично, книга номер 29 теперь у тебя" 
2017-05-17 09:27:48.414985 name="Ivan" surname="Agafontsev" id=104139069 text="/take 11" answer="Отлично, книга номер 11 теперь у тебя" 
2017-05-17 16:02:40.654986 name="Alexander" surname="Kozhevnikov" id=158989652 text="/return 36" answer="Скажи номер книги, которую возвращаешь" 
2017-05-17 16:02:48.041774 name="Alexander" surname="Kozhevnikov" id=158989652 text="36" answer="!no answer" 
2017-05-17 16:02:48.108604 name="Alexander" surname="Kozhevnikov" id=158989652 text="36" answer="Скажи полку, на которую поставить книгу" 
2017-05-17 16:02:59.557459 name="Alexander" surname="Kozhevnikov" id=158989652 text="25 этаж" answer="!no answer" 
2017-05-17 16:02:59.619388 name="Alexander" surname="Kozhevnikov" id=158989652 text="25 этаж" answer="Отлично, книга номер 36 вернулась на полку. Спасибо!" 
2017-05-17 17:12:59.742669 name="Vladislav" surname="Koroteev" id=98389790 text="/36" answer="Ты выбрал книгу - что с ней делать?" 
2017-05-17 17:13:02.179385 name="Vladislav" surname="Koroteev" id=98389790 text="Взять" answer="!no answer" 
2017-05-17 17:13:02.235873 name="Vladislav" surname="Koroteev" id=98389790 text="Взять" answer="Отлично, книга номер 36 теперь у тебя" 
