2017-03-21 17:34:15,539 (__init__.py:250 MainThread) ERROR - TeleBot: "A request to the Telegram API was unsuccessful. The server returned HTTP 409 Conflict. Response body:
[b'{"ok":false,"error_code":409,"description":"Conflict: terminated by other long poll or webhook"}']"
2017-03-21 17:34:18,165 (__init__.py:250 MainThread) ERROR - TeleBot: "A request to the Telegram API was unsuccessful. The server returned HTTP 409 Conflict. Response body:
[b'{"ok":false,"error_code":409,"description":"Conflict: terminated by other long poll or webhook"}']"
2017-03-21 17:34:21,265 (__init__.py:250 MainThread) ERROR - TeleBot: "A request to the Telegram API was unsuccessful. The server returned HTTP 409 Conflict. Response body:
[b'{"ok":false,"error_code":409,"description":"Conflict: terminated by other long poll or webhook"}']"
2017-03-21 17:34:25,362 (__init__.py:250 MainThread) ERROR - TeleBot: "A request to the Telegram API was unsuccessful. The server returned HTTP 409 Conflict. Response body:
[b'{"ok":false,"error_code":409,"description":"Conflict: terminated by other long poll or webhook"}']"
2017-03-21 17:34:32,221 (__init__.py:250 MainThread) ERROR - TeleBot: "A request to the Telegram API was unsuccessful. The server returned HTTP 409 Conflict. Response body:
[b'{"ok":false,"error_code":409,"description":"Conflict: terminated by other long poll or webhook"}']"
Bot initialised
2017-03-21 17:56:44.331587 
name="Vitaliy" surname="Arzumanyan" id=81593382 text="/list" answer="Список книг:
/1 Алистер Коберн. Современные методы описания функциональных требований к системам
/2 Глеб Архангельский. Тайм-драйв
/3 Михаил Литвак. Командовать или подчиняться
/4 (отдана) Джефф Сазерленд. SCRUM
/5 Девид Аллен. Как привести дела в порядок
/6 Эрик Рис. Бизнес с нуля
/7 (отдана) Ицхак Адизес. Идеальный руководитель
/8 Ицхак Адизес. Развитие лидеров
/9 Олег Тиньков. Я такой как все
/10 Олег Тиньков. Я такой как все
/11 Ф.Брукс. Мифический человеко-месяц
/12 Г.Кеннеди. Договориться можно обо всем
/13 Эдуард Френкель. Любовь и математика
/14 Stephen Few. Information dashboard design
/15 (отдана) Джин Желязны. Говори на языке диаграм
/16 Essetial Kanban Condensed
/17 Хенрик Книберг. Scrum и XP: заметки с передовой
/18 Генри Форд. Моя жизнь, мои достижения
/19 Олег Тиньков. Как стать бизнесменом
/20 (отдана) В.Чан Ким, Рене Моборн. Стратегия голубого океана
/21 (отдана) Роман Пихлер. Управление продуктом в SCRUM
/22 (отдана) Бретт Кинг. Банк 3.0
/23 (отдана) Фредерик Лалу. Открывая организации будущего
/24 Максим Богатырев. 45 татуировок продавана
/25 (отдана) Максим Богатырев. 45 татуировок менеджера
/26 Ицхак Адизес. Управление жизненным циклом корпорации
/27 (отдана) Майкл Кон. Пользовательские истории
/28 (отдана) Саймон Синек. Начни с вопроса "Почему?"
" 

2017-03-21 17:56:47.729874 
name="Vitaliy" surname="Arzumanyan" id=81593382 text="/7" answer="Ты выбрал книгу - что с ней делать?" 

2017-03-21 17:56:48.896447 
name="Vitaliy" surname="Arzumanyan" id=81593382 text="Толкнуть читающего" answer="У меня все хорошо" 

2017-03-21 17:56:49.141461 
name="Vitaliy" surname="Arzumanyan" id=81593382 text="Толкнуть читающего" answer="Отлично, читающий теперь знает, что книжка интересна не только ему :)" 

2017-03-21 17:57:39.246981 
name="Vitaliy" surname="Arzumanyan" id=81593382 text="/list" answer="Список книг:
/1 Алистер Коберн. Современные методы описания функциональных требований к системам
/2 Глеб Архангельский. Тайм-драйв
/3 Михаил Литвак. Командовать или подчиняться
/4 (отдана) Джефф Сазерленд. SCRUM
/5 Девид Аллен. Как привести дела в порядок
/6 Эрик Рис. Бизнес с нуля
/7 (отдана) Ицхак Адизес. Идеальный руководитель
/8 Ицхак Адизес. Развитие лидеров
/9 Олег Тиньков. Я такой как все
/10 Олег Тиньков. Я такой как все
/11 Ф.Брукс. Мифический человеко-месяц
/12 Г.Кеннеди. Договориться можно обо всем
/13 Эдуард Френкель. Любовь и математика
/14 Stephen Few. Information dashboard design
/15 (отдана) Джин Желязны. Говори на языке диаграм
/16 Essetial Kanban Condensed
/17 Хенрик Книберг. Scrum и XP: заметки с передовой
/18 Генри Форд. Моя жизнь, мои достижения
/19 Олег Тиньков. Как стать бизнесменом
/20 (отдана) В.Чан Ким, Рене Моборн. Стратегия голубого океана
/21 (отдана) Роман Пихлер. Управление продуктом в SCRUM
/22 (отдана) Бретт Кинг. Банк 3.0
/23 (отдана) Фредерик Лалу. Открывая организации будущего
/24 Максим Богатырев. 45 татуировок продавана
/25 (отдана) Максим Богатырев. 45 татуировок менеджера
/26 Ицхак Адизес. Управление жизненным циклом корпорации
/27 (отдана) Майкл Кон. Пользовательские истории
/28 (отдана) Саймон Синек. Начни с вопроса "Почему?"
" 

2017-03-21 17:57:40.746896 
name="Vitaliy" surname="Arzumanyan" id=81593382 text="/1" answer="Ты выбрал книгу - что с ней делать?" 

{1: ['0', '1490082958\n'], 2: ['0', '0\n'], 3: ['0', '0\n'], 4: ['224866506', '1490102068\n'], 5: ['0', '0\n'], 6: ['0', '0\n'], 7: ['125345394', '1488212709\n'], 8: ['0', '0\n'], 9: ['0', '0\n'], 10: ['0', '0\n'], 11: ['0', '0\n'], 12: ['0', '1490116322\n'], 13: ['0', '0\n'], 14: ['0', '0\n'], 15: ['329485118', '1482218195\n'], 16: ['0', '0\n'], 17: ['0', '0\n'], 18: ['0', '0\n'], 19: ['0', '1489917909\n'], 20: ['81593382', '1486657083\n'], 21: ['81593382', '1482822861\n'], 22: ['80867971', '1484039808\n'], 23: ['112237516', '1489426907\n'], 24: ['0', '0\n'], 25: ['81593382', '1484988166\n'], 26: ['0', '0\n'], 27: ['81593382', '1489920237\n'], 28: ['81593382', '1489926216\n'], 29: ['0', '0\n'], 30: ['0', '0\n'], 31: ['0', '0\n'], 32: ['0', '0\n'], 33: ['0', '0\n'], 34: ['0', '0\n'], 35: ['0', '0\n'], 36: ['0', '0\n'], 37: ['0', '0\n'], 38: ['0', '0\n'], 39: ['0', '0\n'], 40: ['0', '0\n'], 41: ['0', '0\n'], 42: ['0', '0\n'], 43: ['0', '0\n'], 44: ['0', '0\n'], 45: ['0', '0\n'], 46: ['0', '0\n'], 47: ['0', '0\n'], 48: ['0', '0\n'], 49: ['0', '0\n'], 50: ['0', '0\n'], 51: ['0', '0\n'], 52: ['0', '0\n'], 53: ['0', '0\n'], 54: ['0', '0\n'], 55: ['0', '0\n'], 56: ['0', '0\n'], 57: ['0', '0\n'], 58: ['0', '0\n'], 59: ['0', '0\n'], 60: ['0', '0\n'], 61: ['0', '0\n'], 62: ['0', '0\n'], 63: ['0', '0\n'], 64: ['0', '0\n'], 65: ['0', '0\n'], 66: ['0', '0\n'], 67: ['0', '0\n'], 68: ['0', '0\n'], 69: ['0', '0\n'], 70: ['0', '0\n'], 71: ['0', '0\n'], 72: ['0', '0\n'], 73: ['0', '0\n'], 74: ['0', '0\n'], 75: ['0', '0\n'], 76: ['0', '0\n'], 77: ['0', '0\n'], 78: ['0', '0\n'], 79: ['0', '0\n'], 80: ['0', '0\n'], 81: ['0', '0\n'], 82: ['0', '0\n'], 83: ['0', '0\n'], 84: ['0', '0\n'], 85: ['0', '0\n'], 86: ['0', '0\n'], 87: ['0', '0\n'], 88: ['0', '0\n'], 89: ['0', '0\n'], 90: ['0', '0\n'], 91: ['0', '0\n'], 92: ['0', '0\n'], 93: ['0', '0\n'], 94: ['0', '0\n'], 95: ['0', '0\n'], 96: ['0', '0\n'], 97: ['0', '0\n'], 98: ['0', '0\n'], 99: ['0', '0\n']}
2017-03-21 17:57:41.879117 
name="Vitaliy" surname="Arzumanyan" id=81593382 text="Взять" answer="У меня все хорошо" 

2017-03-21 17:57:41.899960 
name="Vitaliy" surname="Arzumanyan" id=81593382 text="Взять" answer="Отлично, книга номер 1 теперь у тебя" 

2017-03-21 17:57:44.822934 
name="Vitaliy" surname="Arzumanyan" id=81593382 text="/return" answer="Скажи номер книги, которую возвращаешь" 

{1: ['81593382', '1490119062\n'], 2: ['0', '0\n'], 3: ['0', '0\n'], 4: ['224866506', '1490102068\n'], 5: ['0', '0\n'], 6: ['0', '0\n'], 7: ['125345394', '1488212709\n'], 8: ['0', '0\n'], 9: ['0', '0\n'], 10: ['0', '0\n'], 11: ['0', '0\n'], 12: ['0', '1490116322\n'], 13: ['0', '0\n'], 14: ['0', '0\n'], 15: ['329485118', '1482218195\n'], 16: ['0', '0\n'], 17: ['0', '0\n'], 18: ['0', '0\n'], 19: ['0', '1489917909\n'], 20: ['81593382', '1486657083\n'], 21: ['81593382', '1482822861\n'], 22: ['80867971', '1484039808\n'], 23: ['112237516', '1489426907\n'], 24: ['0', '0\n'], 25: ['81593382', '1484988166\n'], 26: ['0', '0\n'], 27: ['81593382', '1489920237\n'], 28: ['81593382', '1489926216\n'], 29: ['0', '0\n'], 30: ['0', '0\n'], 31: ['0', '0\n'], 32: ['0', '0\n'], 33: ['0', '0\n'], 34: ['0', '0\n'], 35: ['0', '0\n'], 36: ['0', '0\n'], 37: ['0', '0\n'], 38: ['0', '0\n'], 39: ['0', '0\n'], 40: ['0', '0\n'], 41: ['0', '0\n'], 42: ['0', '0\n'], 43: ['0', '0\n'], 44: ['0', '0\n'], 45: ['0', '0\n'], 46: ['0', '0\n'], 47: ['0', '0\n'], 48: ['0', '0\n'], 49: ['0', '0\n'], 50: ['0', '0\n'], 51: ['0', '0\n'], 52: ['0', '0\n'], 53: ['0', '0\n'], 54: ['0', '0\n'], 55: ['0', '0\n'], 56: ['0', '0\n'], 57: ['0', '0\n'], 58: ['0', '0\n'], 59: ['0', '0\n'], 60: ['0', '0\n'], 61: ['0', '0\n'], 62: ['0', '0\n'], 63: ['0', '0\n'], 64: ['0', '0\n'], 65: ['0', '0\n'], 66: ['0', '0\n'], 67: ['0', '0\n'], 68: ['0', '0\n'], 69: ['0', '0\n'], 70: ['0', '0\n'], 71: ['0', '0\n'], 72: ['0', '0\n'], 73: ['0', '0\n'], 74: ['0', '0\n'], 75: ['0', '0\n'], 76: ['0', '0\n'], 77: ['0', '0\n'], 78: ['0', '0\n'], 79: ['0', '0\n'], 80: ['0', '0\n'], 81: ['0', '0\n'], 82: ['0', '0\n'], 83: ['0', '0\n'], 84: ['0', '0\n'], 85: ['0', '0\n'], 86: ['0', '0\n'], 87: ['0', '0\n'], 88: ['0', '0\n'], 89: ['0', '0\n'], 90: ['0', '0\n'], 91: ['0', '0\n'], 92: ['0', '0\n'], 93: ['0', '0\n'], 94: ['0', '0\n'], 95: ['0', '0\n'], 96: ['0', '0\n'], 97: ['0', '0\n'], 98: ['0', '0\n'], 99: ['0', '0\n']}
2017-03-21 17:57:45.877969 
name="Vitaliy" surname="Arzumanyan" id=81593382 text="1" answer="У меня все хорошо" 

2017-03-21 17:57:45.906056 
name="Vitaliy" surname="Arzumanyan" id=81593382 text="1" answer="Отлично, книга номер 1 вернулась на полку. Спасибо!" 

2017-03-21 17:57:47.713972 
name="Vitaliy" surname="Arzumanyan" id=81593382 text="/list" answer="Список книг:
/1 Алистер Коберн. Современные методы описания функциональных требований к системам
/2 Глеб Архангельский. Тайм-драйв
/3 Михаил Литвак. Командовать или подчиняться
/4 (отдана) Джефф Сазерленд. SCRUM
/5 Девид Аллен. Как привести дела в порядок
/6 Эрик Рис. Бизнес с нуля
/7 (отдана) Ицхак Адизес. Идеальный руководитель
/8 Ицхак Адизес. Развитие лидеров
/9 Олег Тиньков. Я такой как все
/10 Олег Тиньков. Я такой как все
/11 Ф.Брукс. Мифический человеко-месяц
/12 Г.Кеннеди. Договориться можно обо всем
/13 Эдуард Френкель. Любовь и математика
/14 Stephen Few. Information dashboard design
/15 (отдана) Джин Желязны. Говори на языке диаграм
/16 Essetial Kanban Condensed
/17 Хенрик Книберг. Scrum и XP: заметки с передовой
/18 Генри Форд. Моя жизнь, мои достижения
/19 Олег Тиньков. Как стать бизнесменом
/20 (отдана) В.Чан Ким, Рене Моборн. Стратегия голубого океана
/21 (отдана) Роман Пихлер. Управление продуктом в SCRUM
/22 (отдана) Бретт Кинг. Банк 3.0
/23 (отдана) Фредерик Лалу. Открывая организации будущего
/24 Максим Богатырев. 45 татуировок продавана
/25 (отдана) Максим Богатырев. 45 татуировок менеджера
/26 Ицхак Адизес. Управление жизненным циклом корпорации
/27 (отдана) Майкл Кон. Пользовательские истории
/28 (отдана) Саймон Синек. Начни с вопроса "Почему?"
" 

2017-03-21 17:57:50.854756 
name="Vitaliy" surname="Arzumanyan" id=81593382 text="/take" answer="Скажи номер книги, которую хочешь взять" 

{1: ['0', '1490119066\n'], 2: ['0', '0\n'], 3: ['0', '0\n'], 4: ['224866506', '1490102068\n'], 5: ['0', '0\n'], 6: ['0', '0\n'], 7: ['125345394', '1488212709\n'], 8: ['0', '0\n'], 9: ['0', '0\n'], 10: ['0', '0\n'], 11: ['0', '0\n'], 12: ['0', '1490116322\n'], 13: ['0', '0\n'], 14: ['0', '0\n'], 15: ['329485118', '1482218195\n'], 16: ['0', '0\n'], 17: ['0', '0\n'], 18: ['0', '0\n'], 19: ['0', '1489917909\n'], 20: ['81593382', '1486657083\n'], 21: ['81593382', '1482822861\n'], 22: ['80867971', '1484039808\n'], 23: ['112237516', '1489426907\n'], 24: ['0', '0\n'], 25: ['81593382', '1484988166\n'], 26: ['0', '0\n'], 27: ['81593382', '1489920237\n'], 28: ['81593382', '1489926216\n'], 29: ['0', '0\n'], 30: ['0', '0\n'], 31: ['0', '0\n'], 32: ['0', '0\n'], 33: ['0', '0\n'], 34: ['0', '0\n'], 35: ['0', '0\n'], 36: ['0', '0\n'], 37: ['0', '0\n'], 38: ['0', '0\n'], 39: ['0', '0\n'], 40: ['0', '0\n'], 41: ['0', '0\n'], 42: ['0', '0\n'], 43: ['0', '0\n'], 44: ['0', '0\n'], 45: ['0', '0\n'], 46: ['0', '0\n'], 47: ['0', '0\n'], 48: ['0', '0\n'], 49: ['0', '0\n'], 50: ['0', '0\n'], 51: ['0', '0\n'], 52: ['0', '0\n'], 53: ['0', '0\n'], 54: ['0', '0\n'], 55: ['0', '0\n'], 56: ['0', '0\n'], 57: ['0', '0\n'], 58: ['0', '0\n'], 59: ['0', '0\n'], 60: ['0', '0\n'], 61: ['0', '0\n'], 62: ['0', '0\n'], 63: ['0', '0\n'], 64: ['0', '0\n'], 65: ['0', '0\n'], 66: ['0', '0\n'], 67: ['0', '0\n'], 68: ['0', '0\n'], 69: ['0', '0\n'], 70: ['0', '0\n'], 71: ['0', '0\n'], 72: ['0', '0\n'], 73: ['0', '0\n'], 74: ['0', '0\n'], 75: ['0', '0\n'], 76: ['0', '0\n'], 77: ['0', '0\n'], 78: ['0', '0\n'], 79: ['0', '0\n'], 80: ['0', '0\n'], 81: ['0', '0\n'], 82: ['0', '0\n'], 83: ['0', '0\n'], 84: ['0', '0\n'], 85: ['0', '0\n'], 86: ['0', '0\n'], 87: ['0', '0\n'], 88: ['0', '0\n'], 89: ['0', '0\n'], 90: ['0', '0\n'], 91: ['0', '0\n'], 92: ['0', '0\n'], 93: ['0', '0\n'], 94: ['0', '0\n'], 95: ['0', '0\n'], 96: ['0', '0\n'], 97: ['0', '0\n'], 98: ['0', '0\n'], 99: ['0', '0\n']}
2017-03-21 17:57:51.897283 
name="Vitaliy" surname="Arzumanyan" id=81593382 text="1" answer="У меня все хорошо" 

2017-03-21 17:57:51.918377 
name="Vitaliy" surname="Arzumanyan" id=81593382 text="1" answer="Отлично, книга номер 1 теперь у тебя" 

2017-03-21 17:57:53.608236 
name="Vitaliy" surname="Arzumanyan" id=81593382 text="/list" answer="Список книг:
/1 (отдана) Алистер Коберн. Современные методы описания функциональных требований к системам
/2 Глеб Архангельский. Тайм-драйв
/3 Михаил Литвак. Командовать или подчиняться
/4 (отдана) Джефф Сазерленд. SCRUM
/5 Девид Аллен. Как привести дела в порядок
/6 Эрик Рис. Бизнес с нуля
/7 (отдана) Ицхак Адизес. Идеальный руководитель
/8 Ицхак Адизес. Развитие лидеров
/9 Олег Тиньков. Я такой как все
/10 Олег Тиньков. Я такой как все
/11 Ф.Брукс. Мифический человеко-месяц
/12 Г.Кеннеди. Договориться можно обо всем
/13 Эдуард Френкель. Любовь и математика
/14 Stephen Few. Information dashboard design
/15 (отдана) Джин Желязны. Говори на языке диаграм
/16 Essetial Kanban Condensed
/17 Хенрик Книберг. Scrum и XP: заметки с передовой
/18 Генри Форд. Моя жизнь, мои достижения
/19 Олег Тиньков. Как стать бизнесменом
/20 (отдана) В.Чан Ким, Рене Моборн. Стратегия голубого океана
/21 (отдана) Роман Пихлер. Управление продуктом в SCRUM
/22 (отдана) Бретт Кинг. Банк 3.0
/23 (отдана) Фредерик Лалу. Открывая организации будущего
/24 Максим Богатырев. 45 татуировок продавана
/25 (отдана) Максим Богатырев. 45 татуировок менеджера
/26 Ицхак Адизес. Управление жизненным циклом корпорации
/27 (отдана) Майкл Кон. Пользовательские истории
/28 (отдана) Саймон Синек. Начни с вопроса "Почему?"
" 

2017-03-21 17:57:55.560315 
name="Vitaliy" surname="Arzumanyan" id=81593382 text="/1" answer="Ты выбрал книгу - что с ней делать?" 

{1: ['81593382', '1490119072\n'], 2: ['0', '0\n'], 3: ['0', '0\n'], 4: ['224866506', '1490102068\n'], 5: ['0', '0\n'], 6: ['0', '0\n'], 7: ['125345394', '1488212709\n'], 8: ['0', '0\n'], 9: ['0', '0\n'], 10: ['0', '0\n'], 11: ['0', '0\n'], 12: ['0', '1490116322\n'], 13: ['0', '0\n'], 14: ['0', '0\n'], 15: ['329485118', '1482218195\n'], 16: ['0', '0\n'], 17: ['0', '0\n'], 18: ['0', '0\n'], 19: ['0', '1489917909\n'], 20: ['81593382', '1486657083\n'], 21: ['81593382', '1482822861\n'], 22: ['80867971', '1484039808\n'], 23: ['112237516', '1489426907\n'], 24: ['0', '0\n'], 25: ['81593382', '1484988166\n'], 26: ['0', '0\n'], 27: ['81593382', '1489920237\n'], 28: ['81593382', '1489926216\n'], 29: ['0', '0\n'], 30: ['0', '0\n'], 31: ['0', '0\n'], 32: ['0', '0\n'], 33: ['0', '0\n'], 34: ['0', '0\n'], 35: ['0', '0\n'], 36: ['0', '0\n'], 37: ['0', '0\n'], 38: ['0', '0\n'], 39: ['0', '0\n'], 40: ['0', '0\n'], 41: ['0', '0\n'], 42: ['0', '0\n'], 43: ['0', '0\n'], 44: ['0', '0\n'], 45: ['0', '0\n'], 46: ['0', '0\n'], 47: ['0', '0\n'], 48: ['0', '0\n'], 49: ['0', '0\n'], 50: ['0', '0\n'], 51: ['0', '0\n'], 52: ['0', '0\n'], 53: ['0', '0\n'], 54: ['0', '0\n'], 55: ['0', '0\n'], 56: ['0', '0\n'], 57: ['0', '0\n'], 58: ['0', '0\n'], 59: ['0', '0\n'], 60: ['0', '0\n'], 61: ['0', '0\n'], 62: ['0', '0\n'], 63: ['0', '0\n'], 64: ['0', '0\n'], 65: ['0', '0\n'], 66: ['0', '0\n'], 67: ['0', '0\n'], 68: ['0', '0\n'], 69: ['0', '0\n'], 70: ['0', '0\n'], 71: ['0', '0\n'], 72: ['0', '0\n'], 73: ['0', '0\n'], 74: ['0', '0\n'], 75: ['0', '0\n'], 76: ['0', '0\n'], 77: ['0', '0\n'], 78: ['0', '0\n'], 79: ['0', '0\n'], 80: ['0', '0\n'], 81: ['0', '0\n'], 82: ['0', '0\n'], 83: ['0', '0\n'], 84: ['0', '0\n'], 85: ['0', '0\n'], 86: ['0', '0\n'], 87: ['0', '0\n'], 88: ['0', '0\n'], 89: ['0', '0\n'], 90: ['0', '0\n'], 91: ['0', '0\n'], 92: ['0', '0\n'], 93: ['0', '0\n'], 94: ['0', '0\n'], 95: ['0', '0\n'], 96: ['0', '0\n'], 97: ['0', '0\n'], 98: ['0', '0\n'], 99: ['0', '0\n']}
2017-03-21 17:57:56.604424 
name="Vitaliy" surname="Arzumanyan" id=81593382 text="Положить" answer="У меня все хорошо" 

2017-03-21 17:57:56.630716 
name="Vitaliy" surname="Arzumanyan" id=81593382 text="Положить" answer="Отлично, книга номер 1 вернулась на полку. Спасибо!" 

2017-03-21 17:57:59.138739 
name="Vitaliy" surname="Arzumanyan" id=81593382 text="/list" answer="Список книг:
/1 Алистер Коберн. Современные методы описания функциональных требований к системам
/2 Глеб Архангельский. Тайм-драйв
/3 Михаил Литвак. Командовать или подчиняться
/4 (отдана) Джефф Сазерленд. SCRUM
/5 Девид Аллен. Как привести дела в порядок
/6 Эрик Рис. Бизнес с нуля
/7 (отдана) Ицхак Адизес. Идеальный руководитель
/8 Ицхак Адизес. Развитие лидеров
/9 Олег Тиньков. Я такой как все
/10 Олег Тиньков. Я такой как все
/11 Ф.Брукс. Мифический человеко-месяц
/12 Г.Кеннеди. Договориться можно обо всем
/13 Эдуард Френкель. Любовь и математика
/14 Stephen Few. Information dashboard design
/15 (отдана) Джин Желязны. Говори на языке диаграм
/16 Essetial Kanban Condensed
/17 Хенрик Книберг. Scrum и XP: заметки с передовой
/18 Генри Форд. Моя жизнь, мои достижения
/19 Олег Тиньков. Как стать бизнесменом
/20 (отдана) В.Чан Ким, Рене Моборн. Стратегия голубого океана
/21 (отдана) Роман Пихлер. Управление продуктом в SCRUM
/22 (отдана) Бретт Кинг. Банк 3.0
/23 (отдана) Фредерик Лалу. Открывая организации будущего
/24 Максим Богатырев. 45 татуировок продавана
/25 (отдана) Максим Богатырев. 45 татуировок менеджера
/26 Ицхак Адизес. Управление жизненным циклом корпорации
/27 (отдана) Майкл Кон. Пользовательские истории
/28 (отдана) Саймон Синек. Начни с вопроса "Почему?"
" 

2017-03-21 18:01:16.309199 
name="Тони" surname="Старк" id=16879611 text="Почитать описание" answer="!no answer" 

2017-03-21 18:01:21.785635 
name="Тони" surname="Старк" id=16879611 text="/list" answer="Список книг:
/1 Алистер Коберн. Современные методы описания функциональных требований к системам
/2 Глеб Архангельский. Тайм-драйв
/3 Михаил Литвак. Командовать или подчиняться
/4 (отдана) Джефф Сазерленд. SCRUM
/5 Девид Аллен. Как привести дела в порядок
/6 Эрик Рис. Бизнес с нуля
/7 (отдана) Ицхак Адизес. Идеальный руководитель
/8 Ицхак Адизес. Развитие лидеров
/9 Олег Тиньков. Я такой как все
/10 Олег Тиньков. Я такой как все
/11 Ф.Брукс. Мифический человеко-месяц
/12 Г.Кеннеди. Договориться можно обо всем
/13 Эдуард Френкель. Любовь и математика
/14 Stephen Few. Information dashboard design
/15 (отдана) Джин Желязны. Говори на языке диаграм
/16 Essetial Kanban Condensed
/17 Хенрик Книберг. Scrum и XP: заметки с передовой
/18 Генри Форд. Моя жизнь, мои достижения
/19 Олег Тиньков. Как стать бизнесменом
/20 (отдана) В.Чан Ким, Рене Моборн. Стратегия голубого океана
/21 (отдана) Роман Пихлер. Управление продуктом в SCRUM
/22 (отдана) Бретт Кинг. Банк 3.0
/23 (отдана) Фредерик Лалу. Открывая организации будущего
/24 Максим Богатырев. 45 татуировок продавана
/25 (отдана) Максим Богатырев. 45 татуировок менеджера
/26 Ицхак Адизес. Управление жизненным циклом корпорации
/27 (отдана) Майкл Кон. Пользовательские истории
/28 (отдана) Саймон Синек. Начни с вопроса "Почему?"
" 

2017-03-21 18:01:30.559136 
name="Тони" surname="Старк" id=16879611 text="/21" answer="Ты выбрал книгу - что с ней делать?" 

2017-03-21 18:01:35.850053 
name="Тони" surname="Старк" id=16879611 text="Толкнуть читающего" answer="!no answer" 

2017-03-21 18:01:35.993396 
name="Тони" surname="Старк" id=16879611 text="Толкнуть читающего" answer="Отлично, читающий теперь знает, что книжка интересна не только ему :)" 

2017-03-21 18:03:44.052261 
name="Vitaliy" surname="Arzumanyan" id=81593382 text="Толкнуть читающего" answer="У меня все хорошо" 

2017-03-21 18:06:16.208638 
name="Vitaliy" surname="Arzumanyan" id=81593382 text="/23" answer="Ты выбрал книгу - что с ней делать?" 

2017-03-21 18:06:17.882999 
name="Vitaliy" surname="Arzumanyan" id=81593382 text="Толкнуть читающего" answer="У меня все хорошо" 

2017-03-21 18:06:17.958117 
name="Vitaliy" surname="Arzumanyan" id=81593382 text="Толкнуть читающего" answer="Отлично, читающий теперь знает, что книжка интересна не только ему :)" 

2017-03-21 18:30:31.366738 
name="Ксения" surname="None" id=277336516 text="/list" answer="Список книг:
/1 Алистер Коберн. Современные методы описания функциональных требований к системам
/2 Глеб Архангельский. Тайм-драйв
/3 Михаил Литвак. Командовать или подчиняться
/4 (отдана) Джефф Сазерленд. SCRUM
/5 Девид Аллен. Как привести дела в порядок
/6 Эрик Рис. Бизнес с нуля
/7 (отдана) Ицхак Адизес. Идеальный руководитель
/8 Ицхак Адизес. Развитие лидеров
/9 Олег Тиньков. Я такой как все
/10 Олег Тиньков. Я такой как все
/11 Ф.Брукс. Мифический человеко-месяц
/12 Г.Кеннеди. Договориться можно обо всем
/13 Эдуард Френкель. Любовь и математика
/14 Stephen Few. Information dashboard design
/15 (отдана) Джин Желязны. Говори на языке диаграм
/16 Essetial Kanban Condensed
/17 Хенрик Книберг. Scrum и XP: заметки с передовой
/18 Генри Форд. Моя жизнь, мои достижения
/19 Олег Тиньков. Как стать бизнесменом
/20 (отдана) В.Чан Ким, Рене Моборн. Стратегия голубого океана
/21 (отдана) Роман Пихлер. Управление продуктом в SCRUM
/22 (отдана) Бретт Кинг. Банк 3.0
/23 (отдана) Фредерик Лалу. Открывая организации будущего
/24 Максим Богатырев. 45 татуировок продавана
/25 (отдана) Максим Богатырев. 45 татуировок менеджера
/26 Ицхак Адизес. Управление жизненным циклом корпорации
/27 (отдана) Майкл Кон. Пользовательские истории
/28 (отдана) Саймон Синек. Начни с вопроса "Почему?"
" 
