2017-03-21 20:40:31.952344 operation=Info book=26 success=True user=81593382 
2017-03-24 18:26:57.870329 operation=Put book=20 success=True user=81593382 
2017-03-24 18:29:11.837743 operation=Put book=27 success=True user=81593382 
2017-03-27 14:29:48.823312 operation=Put book=28 success=True user=81593382 
2017-03-27 14:42:37.814267 operation=Take book=28 success=True user=74681100 
2017-03-28 13:08:35.493634 operation=Put book=7 success=True user=125345394 
2017-04-03 07:14:25.917958 operation=Put book=25 success=True user=30796903 
2017-04-04 17:22:31.858697 operation=Take book=38 success=True user=81593382 
2017-04-04 20:19:04.776542 operation=Take book=20 success=True user=112237516 
2017-04-05 06:57:26.165660 operation=Put book=23 success=True user=112237516 
2017-04-05 17:22:10.252052 operation=Take book=1 success=True user=269342507 
2017-04-12 11:50:49.642753 operation=Ping book=4 success=True user=81593382 
2017-04-12 17:28:03.300008 operation=Put book=22 success=True user=80867971 
2017-04-19 20:38:58.523666 operation=Take book=7 success=True user=112237516 
2017-04-19 20:39:05.281134 operation=Take book=34 success=False user=112237516 
2017-04-19 20:47:43.273860 operation=Take book=34 success=False user=81593382 
2017-04-19 20:47:52.044291 operation=Put book=38 success=True user=81593382 
2017-04-19 20:47:57.536695 operation=Take book=34 success=True user=81593382 
2017-04-19 20:48:29.753580 operation=Info book=4 success=True user=81593382 
2017-04-19 20:48:42.416688 operation=Put book=21 success=True user=81593382 
2017-04-19 20:48:54.747228 operation=Take book=21 success=True user=81593382 
2017-04-19 20:48:58.987527 operation=Put book=21 success=True user=81593382 
2017-04-19 20:49:03.292967 operation=Take book=38 success=True user=81593382 
2017-04-19 20:49:07.750554 operation=Take book=37 success=False user=81593382 
2017-04-20 07:05:02.145422 operation=Put book=34 success=True user=81593382 
2017-04-20 07:05:07.932469 operation=Take book=9 success=True user=81593382 
2017-04-20 07:05:15.694888 operation=Put book=9 success=True user=81593382 
2017-04-20 07:05:23.643293 operation=Take book=5 success=True user=81593382 
2017-04-20 07:05:31.108377 operation=Put book=5 success=True user=81593382 
2017-04-20 07:05:38.532766 operation=Take book=31 success=True user=81593382 
2017-04-20 07:05:42.893919 operation=Put book=31 success=True user=81593382 
2017-04-20 07:05:49.465987 operation=Take book=35 success=True user=81593382 
2017-04-20 07:05:54.076113 operation=Put book=35 success=True user=81593382 
2017-04-20 07:06:01.393460 operation=Take book=26 success=True user=81593382 
2017-04-20 07:06:07.325284 operation=Put book=26 success=True user=81593382 
2017-04-20 07:06:17.932211 operation=Put book=23 success=False user=81593382 
2017-04-20 07:06:22.255534 operation=Take book=23 success=True user=81593382 
2017-04-20 07:06:26.716621 operation=Put book=23 success=True user=81593382 
2017-04-20 07:06:32.106239 operation=Take book=8 success=True user=81593382 
2017-04-20 07:06:36.251257 operation=Put book=8 success=True user=81593382 
2017-04-20 07:06:43.061167 operation=Take book=12 success=True user=81593382 
2017-04-20 07:06:47.913285 operation=Put book=12 success=True user=81593382 
2017-04-20 07:06:54.880112 operation=Take book=34 success=True user=81593382 
2017-04-21 11:24:05.101624 operation=Info book=36 success=True user=98389790 
2017-04-24 13:47:02.168541 operation=Take book=31 success=True user=114701593 
2017-04-24 14:40:36.850552 operation=Take book=17 success=True user=140594823 
2017-04-24 18:14:27.508753 operation=Info book=35 success=True user=98389790 
2017-04-24 18:14:38.903631 operation=Info book=12 success=True user=98389790 
2017-04-24 18:14:53.110925 operation=Take book=12 success=True user=98389790 
2017-04-25 16:26:20.062989 operation=Put book=7 success=True user=112237516 
2017-04-25 16:26:34.306713 operation=Put book=34 success=True user=112237516 
2017-04-28 14:54:25.627449 operation=Take book=35 success=True user=230414742 
2017-05-02 17:19:41.607535 operation=Take book=36 success=True user=158989652 
2017-05-06 15:44:33.017068 operation=Put book=20 success=True user=112237516 
2017-05-06 15:44:43.321471 operation=Take book=7 success=True user=112237516 
2017-05-10 11:29:31.224010 operation=Take book=39 success=True user=81593382 
2017-05-10 11:29:36.798214 operation=Put book=39 success=True user=81593382 
2017-05-10 11:29:39.770876 operation=Take book=40 success=True user=81593382 
2017-05-10 11:29:43.946086 operation=Put book=40 success=True user=81593382 
2017-05-10 11:29:46.362004 operation=Take book=41 success=True user=81593382 
2017-05-10 11:29:49.618998 operation=Put book=41 success=True user=81593382 
2017-05-10 17:46:22.549179 operation=Take book=40 success=True user=38864184 
2017-05-11 13:34:10.203232 operation=Put book=31 success=True user=114701593 
2017-05-12 06:39:36.630492 operation=Put book=12 success=True user=98389790 
2017-05-12 08:23:17.997461 operation=Ping book=4 success=True user=134894472 
2017-05-12 08:23:27.816304 operation=Ping book=4 success=True user=81593382 
2017-05-12 08:27:02.656468 operation=Ping book=4 success=True user=81593382 
2017-05-12 09:07:13.182094 operation=Take book=34 success=True user=81593382 
2017-05-12 09:36:33.471544 operation=Take book=12 success=True user=74048500 
2017-05-12 09:36:54.584752 operation=Ping book=12 success=True user=98389790 
2017-05-12 09:58:58.517870 operation=Take book=21 success=True user=224225999 
2017-05-12 18:35:25.774934 operation=Ping book=34 success=True user=81593382 
2017-05-12 19:45:00.269771 operation=Info book=4 success=True user=81593382 
2017-05-12 19:46:50.175012 operation=Info book=11 success=True user=81593382 
2017-05-12 22:42:18.830806 operation=Ping book=17 success=True user=134894472 
2017-05-12 22:42:32.846834 operation=Ping book=4 success=True user=134894472 
2017-05-12 22:46:49.915309 operation=Ping book=21 success=True user=134894472 
2017-05-15 15:18:40.081173 operation=Put book=21 success=True user=224225999 
2017-05-15 15:18:48.967807 operation=Info book=2 success=True user=224225999 
2017-05-17 09:27:03.177591 operation=Take book=29 success=True user=104139069 
2017-05-17 09:27:48.348230 operation=Take book=11 success=True user=104139069 
2017-05-17 16:02:59.559131 operation=Put book=36 success=True user=158989652 
2017-05-17 17:13:02.181370 operation=Take book=36 success=True user=98389790 
2017-05-18 16:07:45.573537 operation=Put book=17 success=True user=140594823 
2017-05-19 06:39:49.351507 operation=Info book=41 success=True user=81593382 
2017-05-19 06:57:33.858950 operation=Take book=17 success=True user=134894472 
2017-05-19 06:59:50.356446 operation=Take book=21 success=True user=134894472 
2017-05-19 07:00:00.286994 operation=Put book=17 success=True user=134894472 
2017-05-24 08:06:29.409764 operation=Put book=34 success=True user=81593382 
2017-05-24 08:06:38.681032 operation=Take book=19 success=True user=81593382 
2017-05-24 09:29:23.377593 operation=Take book=10 success=True user=173961495 
2017-05-24 11:38:10.749558 operation=Info book=21 success=True user=81593382 
2017-05-24 11:38:18.595476 operation=Info book=34 success=True user=134247673 
2017-05-24 11:38:59.517216 operation=Info book=31 success=True user=134247673 
2017-05-24 11:43:08.769206 operation=Info book=5 success=True user=134247673 
2017-05-24 11:48:29.578126 operation=Info book=39 success=True user=81593382 
2017-05-29 07:22:56.095151 operation=Put book=36 success=True user=98389790 
2017-05-29 07:23:24.756572 operation=Take book=36 success=True user=41476082 
2017-05-29 12:44:23.849402 operation=Put book=7 success=True user=112237516 
2017-05-30 09:47:12.814680 operation=Take book=1 success=False user=324563435 
2017-05-30 09:47:38.782798 operation=Take book=41 success=True user=324563435 
2017-05-30 09:48:20.339983 operation=Take book=25 success=True user=324563435 
2017-05-30 09:54:07.242814 operation=Put book=30 success=False user=324563435 
2017-05-30 09:55:16.839320 operation=Put book=25 success=True user=324563435 
2017-05-30 09:56:01.456535 operation=Put book=41 success=True user=324563435 
2017-05-30 09:57:06.874835 operation=Info book=34 success=True user=324563435 
2017-05-30 11:15:44.546722 operation=Put book=35 success=True user=230414742 
2017-05-30 11:24:23.928126 operation=Take book=25 success=True user=230414742 
2017-05-30 22:26:23.297644 operation=Info book=13 success=True user=297110790 
2017-05-30 22:26:51.125831 operation=Take book=13 success=True user=297110790 
2017-06-02 16:38:47.153608 operation=Info book=25 success=True user=266537785 
2017-06-02 16:40:52.599687 operation=Put book=25 success=True user=266537785 
